#
# There is insufficient memory for the Java Runtime Environment to continue.
# Native memory allocation (malloc) failed to allocate 1882400 bytes for Chunk::new
# Possible reasons:
#   The system is out of physical RAM or swap space
#   In 32 bit mode, the process size limit was hit
# Possible solutions:
#   Reduce memory load on the system
#   Increase physical memory or swap space
#   Check if swap backing store is full
#   Use 64 bit Java on a 64 bit OS
#   Decrease Java heap size (-Xmx/-Xms)
#   Decrease number of Java threads
#   Decrease Java thread stack sizes (-Xss)
#   Set larger code cache with -XX:ReservedCodeCacheSize=
# This output file may be truncated or incomplete.
#
#  Out of Memory Error (allocation.cpp:390), pid=13964, tid=0x0000000000002af4
#
# JRE version: OpenJDK Runtime Environment (8.0_152-b02) (build 1.8.0_152-release-1024-b02)
# Java VM: OpenJDK 64-Bit Server VM (25.152-b02 mixed mode windows-amd64 compressed oops)
# Failed to write core dump. Minidumps are not enabled by default on client versions of Windows
#

---------------  T H R E A D  ---------------

Current thread (0x0000000015c65000):  JavaThread "C2 CompilerThread0" daemon [_thread_in_native, id=10996, stack(0x0000000016ca0000,0x0000000016da0000)]

Stack: [0x0000000016ca0000,0x0000000016da0000]
[error occurred during error reporting (printing stack bounds), id 0xc0000005]

Native frames: (J=compiled Java code, j=interpreted, Vv=VM code, C=native code)


Current CompileTask:
C2:3103582 24305  s    4       java.lang.reflect.Field::declaredAnnotations (59 bytes)


---------------  P R O C E S S  ---------------

Java Threads: ( => current thread )
  0x000000001bf04000 JavaThread "RMI TCP Connection(idle)" daemon [_thread_blocked, id=7188, stack(0x000000002bad0000,0x000000002bbd0000)]
  0x000000001bf09800 JavaThread "Cache worker for Java compile cache (D:\Android_Utils\Projects\BableSchool\.gradle\4.4\javaCompile)" [_thread_blocked, id=13036, stack(0x00000000280a0000,0x00000000281a0000)]
  0x000000001bf08800 JavaThread "RMI Reaper" [_thread_blocked, id=12960, stack(0x0000000027ea0000,0x0000000027fa0000)]
  0x000000001bf07000 JavaThread "RMI TCP Accept-0" daemon [_thread_in_native, id=2056, stack(0x0000000027da0000,0x0000000027ea0000)]
  0x000000001bf06800 JavaThread "GC Daemon" daemon [_thread_blocked, id=10864, stack(0x0000000027ca0000,0x0000000027da0000)]
  0x0000000018552800 JavaThread "RMI Scheduler(0)" daemon [_thread_blocked, id=15296, stack(0x0000000027aa0000,0x0000000027ba0000)]
  0x0000000018551800 JavaThread "Task worker for ':'" [_thread_in_Java, id=9904, stack(0x0000000026aa0000,0x0000000026ba0000)]
  0x0000000018555800 JavaThread "Cache worker for Build Output Cleanup Cache (D:\Android_Utils\Projects\BableSchool\.gradle\buildOutputCleanup)" [_thread_blocked, id=10148, stack(0x00000000269a0000,0x0000000026aa0000)]
  0x0000000018549800 JavaThread "Cache worker for task history cache (D:\Android_Utils\Projects\BableSchool\.gradle\4.4\taskHistory)" [_thread_blocked, id=328, stack(0x00000000268a0000,0x00000000269a0000)]
  0x000000001854f800 JavaThread "Cache worker for file content cache (D:\Android_Utils\Projects\BableSchool\.gradle\4.4\fileContent)" [_thread_blocked, id=4436, stack(0x00000000267a0000,0x00000000268a0000)]
  0x0000000018546800 JavaThread "build operations Thread 2" [_thread_blocked, id=6400, stack(0x00000000266a0000,0x00000000267a0000)]
  0x000000001854b800 JavaThread "build operations" [_thread_blocked, id=7492, stack(0x00000000265a0000,0x00000000266a0000)]
  0x000000001854d000 JavaThread "Cache worker for Artifact transforms cache (C:\Users\Forntoh\.gradle\caches\transforms-1)" [_thread_blocked, id=12888, stack(0x00000000264a0000,0x00000000265a0000)]
  0x0000000018547000 JavaThread "Cache worker for file hash cache (D:\Android_Utils\Projects\BableSchool\.gradle\4.4\fileHashes)" [_thread_blocked, id=13580, stack(0x00000000263a0000,0x00000000264a0000)]
  0x0000000018548000 JavaThread "Asynchronous log dispatcher for DefaultDaemonConnection: socket connection from /127.0.0.1:18042 to /127.0.0.1:22590" [_thread_blocked, id=9064, stack(0x00000000261a0000,0x00000000262a0000)]
  0x0000000018548800 JavaThread "Daemon worker Thread 4" [_thread_blocked, id=3324, stack(0x00000000260a0000,0x00000000261a0000)]
  0x0000000018408800 JavaThread "Cancel handler" [_thread_blocked, id=15268, stack(0x0000000025fa0000,0x00000000260a0000)]
  0x0000000018404000 JavaThread "Handler for socket connection from /127.0.0.1:18042 to /127.0.0.1:22590" [_thread_in_native, id=13916, stack(0x0000000025ea0000,0x0000000025fa0000)]
  0x0000000018406800 JavaThread "Daemon Thread 4" [_thread_blocked, id=15708, stack(0x0000000025da0000,0x0000000025ea0000)]
  0x0000000018409800 JavaThread "Memory manager" [_thread_blocked, id=9940, stack(0x000000001dd80000,0x000000001de80000)]
  0x0000000019de2800 JavaThread "File lock request listener" [_thread_in_native, id=12212, stack(0x000000001b270000,0x000000001b370000)]
  0x0000000017134800 JavaThread "Cache worker for file hash cache (C:\Users\Forntoh\.gradle\caches\4.4\fileHashes)" [_thread_blocked, id=2916, stack(0x000000001aec0000,0x000000001afc0000)]
  0x00000000171e1000 JavaThread "Daemon periodic checks" [_thread_blocked, id=5452, stack(0x00000000193f0000,0x00000000194f0000)]
  0x000000001783d000 JavaThread "Incoming local TCP Connector on port 18042" [_thread_in_native, id=16268, stack(0x00000000191b0000,0x00000000192b0000)]
  0x0000000015cd6000 JavaThread "Service Thread" daemon [_thread_blocked, id=14848, stack(0x0000000016ea0000,0x0000000016fa0000)]
  0x0000000015c68000 JavaThread "C1 CompilerThread1" daemon [_thread_blocked, id=6920, stack(0x0000000016da0000,0x0000000016ea0000)]
=>0x0000000015c65000 JavaThread "C2 CompilerThread0" daemon [_thread_in_native, id=10996, stack(0x0000000016ca0000,0x0000000016da0000)]
  0x0000000015c74800 JavaThread "Attach Listener" daemon [_thread_blocked, id=11676, stack(0x0000000016ba0000,0x0000000016ca0000)]
  0x0000000015c71800 JavaThread "Signal Dispatcher" daemon [_thread_blocked, id=11376, stack(0x0000000016aa0000,0x0000000016ba0000)]
  0x0000000015c56800 JavaThread "Finalizer" daemon [_thread_blocked, id=2088, stack(0x00000000168a0000,0x00000000169a0000)]
  0x000000000252f800 JavaThread "Reference Handler" daemon [_thread_blocked, id=1284, stack(0x00000000167a0000,0x00000000168a0000)]
  0x0000000002442800 JavaThread "main" [_thread_blocked, id=13340, stack(0x0000000002340000,0x0000000002440000)]

Other Threads:
  0x0000000015c33000 VMThread [stack: 0x00000000166a0000,0x00000000167a0000] [id=14972]
  0x0000000015cd9000 WatcherThread [stack: 0x0000000016fa0000,0x00000000170a0000] [id=11104]

VM state:not at safepoint (normal execution)

VM Mutex/Monitor currently owned by a thread: None

Heap:
 PSYoungGen      total 194560K, used 160638K [0x00000000e0000000, 0x00000000f1b00000, 0x0000000100000000)
  eden space 110080K, 90% used [0x00000000e0000000,0x00000000e6191d00,0x00000000e6b80000)
  from space 84480K, 71% used [0x00000000e6b80000,0x00000000ea6cdcc0,0x00000000ebe00000)
  to   space 73728K, 0% used [0x00000000ebe00000,0x00000000ebe00000,0x00000000f0600000)
 ParOldGen       total 158208K, used 102432K [0x00000000a0000000, 0x00000000a9a80000, 0x00000000e0000000)
  object space 158208K, 64% used [0x00000000a0000000,0x00000000a64082d0,0x00000000a9a80000)
 Metaspace       used 113531K, capacity 117842K, committed 118232K, reserved 1153024K
  class space    used 14271K, capacity 15219K, committed 15360K, reserved 1048576K

Card table byte_map: [0x0000000011900000,0x0000000011c10000] byte_map_base: 0x0000000011400000

Marking Bits: (ParMarkBitMap*) 0x0000000067c54970
 Begin Bits: [0x0000000012010000, 0x0000000013810000)
 End Bits:   [0x0000000013810000, 0x0000000015010000)

Polling page: 0x0000000000680000

CodeCache: size=245760Kb used=68113Kb max_used=69066Kb free=177646Kb
 bounds [0x0000000002540000, 0x0000000006930000, 0x0000000011540000]
 total_blobs=19478 nmethods=18562 adapters=827
 compilation: enabled

Compilation events (10 events):
Event: 3102.646 Thread 0x0000000015c68000 nmethod 24302 0x0000000005d37310 code [0x0000000005d37480, 0x0000000005d37708]
Event: 3102.646 Thread 0x0000000015c68000 24303       3       com.android.build.gradle.internal.tasks.KnownFilesSaveData::lambda$setInputSet$2 (41 bytes)
Event: 3102.647 Thread 0x0000000015c68000 nmethod 24303 0x0000000003a07750 code [0x0000000003a078e0, 0x0000000003a07c98]
Event: 3102.995 Thread 0x0000000015c68000 24304       3       com.google.gson.internal.bind.ReflectiveTypeAdapterFactory::excludeField (10 bytes)
Event: 3102.995 Thread 0x0000000015c68000 nmethod 24304 0x0000000003cfa9d0 code [0x0000000003cfab60, 0x0000000003cfafd8]
Event: 3102.999 Thread 0x0000000015c65000 24305  s    4       java.lang.reflect.Field::declaredAnnotations (59 bytes)
Event: 3103.014 Thread 0x0000000015c68000 24306       1       org.gradle.internal.logging.source.PrintStreamLoggingSystem$SnapshotImpl::access$100 (5 bytes)
Event: 3103.014 Thread 0x0000000015c68000 nmethod 24306 0x000000000616df10 code [0x000000000616e060, 0x000000000616e150]
Event: 3103.016 Thread 0x0000000015c68000 24307       1       org.gradle.internal.logging.source.PrintStreamLoggingSystem$SnapshotImpl::access$200 (5 bytes)
Event: 3103.016 Thread 0x0000000015c68000 nmethod 24307 0x0000000006339f10 code [0x000000000633a060, 0x000000000633a150]

GC Heap History (10 events):
Event: 3100.687 GC heap before
{Heap before GC invocations=121 (full 40):
 PSYoungGen      total 183808K, used 182430K [0x00000000e0000000, 0x00000000f1b00000, 0x0000000100000000)
  eden space 110080K, 99% used [0x00000000e0000000,0x00000000e6b5d400,0x00000000e6b80000)
  from space 73728K, 98% used [0x00000000ebe00000,0x00000000f04ca7a0,0x00000000f0600000)
  to   space 84480K, 0% used [0x00000000e6b80000,0x00000000e6b80000,0x00000000ebe00000)
 ParOldGen       total 158208K, used 102432K [0x00000000a0000000, 0x00000000a9a80000, 0x00000000e0000000)
  object space 158208K, 64% used [0x00000000a0000000,0x00000000a64082d0,0x00000000a9a80000)
 Metaspace       used 113383K, capacity 117752K, committed 118232K, reserved 1153024K
  class space    used 14251K, capacity 15214K, committed 15360K, reserved 1048576K
Event: 3100.721 GC heap after
Heap after GC invocations=121 (full 40):
 PSYoungGen      total 194560K, used 64263K [0x00000000e0000000, 0x00000000f1b00000, 0x0000000100000000)
  eden space 110080K, 0% used [0x00000000e0000000,0x00000000e0000000,0x00000000e6b80000)
  from space 84480K, 76% used [0x00000000e6b80000,0x00000000eaa41cb0,0x00000000ebe00000)
  to   space 73728K, 0% used [0x00000000ebe00000,0x00000000ebe00000,0x00000000f0600000)
 ParOldGen       total 158208K, used 102432K [0x00000000a0000000, 0x00000000a9a80000, 0x00000000e0000000)
  object space 158208K, 64% used [0x00000000a0000000,0x00000000a64082d0,0x00000000a9a80000)
 Metaspace       used 113383K, capacity 117752K, committed 118232K, reserved 1153024K
  class space    used 14251K, capacity 15214K, committed 15360K, reserved 1048576K
}
Event: 3100.818 GC heap before
{Heap before GC invocations=122 (full 40):
 PSYoungGen      total 194560K, used 173460K [0x00000000e0000000, 0x00000000f1b00000, 0x0000000100000000)
  eden space 110080K, 99% used [0x00000000e0000000,0x00000000e6aa36c8,0x00000000e6b80000)
  from space 84480K, 76% used [0x00000000e6b80000,0x00000000eaa41cb0,0x00000000ebe00000)
  to   space 73728K, 0% used [0x00000000ebe00000,0x00000000ebe00000,0x00000000f0600000)
 ParOldGen       total 158208K, used 102432K [0x00000000a0000000, 0x00000000a9a80000, 0x00000000e0000000)
  object space 158208K, 64% used [0x00000000a0000000,0x00000000a64082d0,0x00000000a9a80000)
 Metaspace       used 113383K, capacity 117752K, committed 118232K, reserved 1153024K
  class space    used 14251K, capacity 15214K, committed 15360K, reserved 1048576K
Event: 3100.907 GC heap after
Heap after GC invocations=122 (full 40):
 PSYoungGen      total 183808K, used 64197K [0x00000000e0000000, 0x00000000f1b00000, 0x0000000100000000)
  eden space 110080K, 0% used [0x00000000e0000000,0x00000000e0000000,0x00000000e6b80000)
  from space 73728K, 87% used [0x00000000ebe00000,0x00000000efcb17d0,0x00000000f0600000)
  to   space 84480K, 0% used [0x00000000e6b80000,0x00000000e6b80000,0x00000000ebe00000)
 ParOldGen       total 158208K, used 102432K [0x00000000a0000000, 0x00000000a9a80000, 0x00000000e0000000)
  object space 158208K, 64% used [0x00000000a0000000,0x00000000a64082d0,0x00000000a9a80000)
 Metaspace       used 113383K, capacity 117752K, committed 118232K, reserved 1153024K
  class space    used 14251K, capacity 15214K, committed 15360K, reserved 1048576K
}
Event: 3100.952 GC heap before
{Heap before GC invocations=123 (full 40):
 PSYoungGen      total 183808K, used 173575K [0x00000000e0000000, 0x00000000f1b00000, 0x0000000100000000)
  eden space 110080K, 99% used [0x00000000e0000000,0x00000000e6ad0688,0x00000000e6b80000)
  from space 73728K, 87% used [0x00000000ebe00000,0x00000000efcb17d0,0x00000000f0600000)
  to   space 84480K, 0% used [0x00000000e6b80000,0x00000000e6b80000,0x00000000ebe00000)
 ParOldGen       total 158208K, used 102432K [0x00000000a0000000, 0x00000000a9a80000, 0x00000000e0000000)
  object space 158208K, 64% used [0x00000000a0000000,0x00000000a64082d0,0x00000000a9a80000)
 Metaspace       used 113384K, capacity 117752K, committed 118232K, reserved 1153024K
  class space    used 14251K, capacity 15214K, committed 15360K, reserved 1048576K
Event: 3101.059 GC heap after
Heap after GC invocations=123 (full 40):
 PSYoungGen      total 194560K, used 61260K [0x00000000e0000000, 0x00000000f1b00000, 0x0000000100000000)
  eden space 110080K, 0% used [0x00000000e0000000,0x00000000e0000000,0x00000000e6b80000)
  from space 84480K, 72% used [0x00000000e6b80000,0x00000000ea753248,0x00000000ebe00000)
  to   space 73728K, 0% used [0x00000000ebe00000,0x00000000ebe00000,0x00000000f0600000)
 ParOldGen       total 158208K, used 102432K [0x00000000a0000000, 0x00000000a9a80000, 0x00000000e0000000)
  object space 158208K, 64% used [0x00000000a0000000,0x00000000a64082d0,0x00000000a9a80000)
 Metaspace       used 113384K, capacity 117752K, committed 118232K, reserved 1153024K
  class space    used 14251K, capacity 15214K, committed 15360K, reserved 1048576K
}
Event: 3101.094 GC heap before
{Heap before GC invocations=124 (full 40):
 PSYoungGen      total 194560K, used 170753K [0x00000000e0000000, 0x00000000f1b00000, 0x0000000100000000)
  eden space 110080K, 99% used [0x00000000e0000000,0x00000000e6aed548,0x00000000e6b80000)
  from space 84480K, 72% used [0x00000000e6b80000,0x00000000ea753248,0x00000000ebe00000)
  to   space 73728K, 0% used [0x00000000ebe00000,0x00000000ebe00000,0x00000000f0600000)
 ParOldGen       total 158208K, used 102432K [0x00000000a0000000, 0x00000000a9a80000, 0x00000000e0000000)
  object space 158208K, 64% used [0x00000000a0000000,0x00000000a64082d0,0x00000000a9a80000)
 Metaspace       used 113384K, capacity 117752K, committed 118232K, reserved 1153024K
  class space    used 14251K, capacity 15214K, committed 15360K, reserved 1048576K
Event: 3101.262 GC heap after
Heap after GC invocations=124 (full 40):
 PSYoungGen      total 183808K, used 61212K [0x00000000e0000000, 0x00000000f1b00000, 0x0000000100000000)
  eden space 110080K, 0% used [0x00000000e0000000,0x00000000e0000000,0x00000000e6b80000)
  from space 73728K, 83% used [0x00000000ebe00000,0x00000000ef9c7258,0x00000000f0600000)
  to   space 84480K, 0% used [0x00000000e6b80000,0x00000000e6b80000,0x00000000ebe00000)
 ParOldGen       total 158208K, used 102432K [0x00000000a0000000, 0x00000000a9a80000, 0x00000000e0000000)
  object space 158208K, 64% used [0x00000000a0000000,0x00000000a64082d0,0x00000000a9a80000)
 Metaspace       used 113384K, capacity 117752K, committed 118232K, reserved 1153024K
  class space    used 14251K, capacity 15214K, committed 15360K, reserved 1048576K
}
Event: 3101.295 GC heap before
{Heap before GC invocations=125 (full 40):
 PSYoungGen      total 183808K, used 170780K [0x00000000e0000000, 0x00000000f1b00000, 0x0000000100000000)
  eden space 110080K, 99% used [0x00000000e0000000,0x00000000e6affec8,0x00000000e6b80000)
  from space 73728K, 83% used [0x00000000ebe00000,0x00000000ef9c7258,0x00000000f0600000)
  to   space 84480K, 0% used [0x00000000e6b80000,0x00000000e6b80000,0x00000000ebe00000)
 ParOldGen       total 158208K, used 102432K [0x00000000a0000000, 0x00000000a9a80000, 0x00000000e0000000)
  object space 158208K, 64% used [0x00000000a0000000,0x00000000a64082d0,0x00000000a9a80000)
 Metaspace       used 113384K, capacity 117752K, committed 118232K, reserved 1153024K
  class space    used 14251K, capacity 15214K, committed 15360K, reserved 1048576K
Event: 3101.338 GC heap after
Heap after GC invocations=125 (full 40):
 PSYoungGen      total 194560K, used 60727K [0x00000000e0000000, 0x00000000f1b00000, 0x0000000100000000)
  eden space 110080K, 0% used [0x00000000e0000000,0x00000000e0000000,0x00000000e6b80000)
  from space 84480K, 71% used [0x00000000e6b80000,0x00000000ea6cdcc0,0x00000000ebe00000)
  to   space 73728K, 0% used [0x00000000ebe00000,0x00000000ebe00000,0x00000000f0600000)
 ParOldGen       total 158208K, used 102432K [0x00000000a0000000, 0x00000000a9a80000, 0x00000000e0000000)
  object space 158208K, 64% used [0x00000000a0000000,0x00000000a64082d0,0x00000000a9a80000)
 Metaspace       used 113384K, capacity 117752K, committed 118232K, reserved 1153024K
  class space    used 14251K, capacity 15214K, committed 15360K, reserved 1048576K
}

Deoptimization events (10 events):
Event: 3093.021 Thread 0x0000000018551800 Uncommon trap: reason=unstable_if action=reinterpret pc=0x0000000003a321f0 method=sun.security.util.Cache$EqualByteArray.hashCode()I @ 6
Event: 3093.524 Thread 0x0000000018551800 Uncommon trap: reason=bimorphic action=maybe_recompile pc=0x0000000006380be0 method=com.google.common.collect.Iterators$4.computeNext()Ljava/lang/Object; @ 27
Event: 3093.524 Thread 0x0000000018551800 Uncommon trap: reason=bimorphic action=maybe_recompile pc=0x0000000006380be0 method=com.google.common.collect.Iterators$4.computeNext()Ljava/lang/Object; @ 27
Event: 3093.524 Thread 0x0000000018551800 Uncommon trap: reason=bimorphic action=maybe_recompile pc=0x0000000006380be0 method=com.google.common.collect.Iterators$4.computeNext()Ljava/lang/Object; @ 27
Event: 3093.524 Thread 0x0000000018551800 Uncommon trap: reason=bimorphic action=maybe_recompile pc=0x0000000006380be0 method=com.google.common.collect.Iterators$4.computeNext()Ljava/lang/Object; @ 27
Event: 3094.880 Thread 0x000000001bf05800 Uncommon trap: reason=bimorphic action=maybe_recompile pc=0x0000000004efa490 method=java.util.concurrent.ThreadPoolExecutor.getTask()Ljava/lang/Runnable; @ 100
Event: 3096.422 Thread 0x000000001bf05800 Uncommon trap: reason=bimorphic action=maybe_recompile pc=0x0000000004efa490 method=java.util.concurrent.ThreadPoolExecutor.getTask()Ljava/lang/Runnable; @ 100
Event: 3100.077 Thread 0x000000001bf0b800 Uncommon trap: reason=bimorphic action=maybe_recompile pc=0x0000000004efa490 method=java.util.concurrent.ThreadPoolExecutor.getTask()Ljava/lang/Runnable; @ 100
Event: 3100.261 Thread 0x000000001bf05800 Uncommon trap: reason=bimorphic action=maybe_recompile pc=0x0000000004efa490 method=java.util.concurrent.ThreadPoolExecutor.getTask()Ljava/lang/Runnable; @ 100
Event: 3100.377 Thread 0x0000000018551800 Uncommon trap: reason=unstable_if action=reinterpret pc=0x000000000640977c method=java.nio.Bits.getInt(Ljava/nio/ByteBuffer;IZ)I @ 1

Classes redefined (0 events):
No events

Internal exceptions (10 events):
Event: 3016.925 Thread 0x000000001bf0f800 Exception <a 'sun/nio/fs/WindowsException'> (0x00000000e1e84f00) thrown at [D:\src\AOSP-openjdk-cygwin\jdk8u\hotspot\src\share\vm\prims\jni.cpp, line 709]
Event: 3040.315 Thread 0x000000001bf0e800 Exception <a 'sun/nio/fs/WindowsException'> (0x00000000e5f7a100) thrown at [D:\src\AOSP-openjdk-cygwin\jdk8u\hotspot\src\share\vm\prims\jni.cpp, line 709]
Event: 3041.522 Thread 0x000000001bf08000 Exception <a 'sun/nio/fs/WindowsException'> (0x00000000e08a6be0) thrown at [D:\src\AOSP-openjdk-cygwin\jdk8u\hotspot\src\share\vm\prims\jni.cpp, line 709]
Event: 3041.865 Thread 0x000000001bf0e800 Exception <a 'sun/nio/fs/WindowsException'> (0x00000000e28ba4e8) thrown at [D:\src\AOSP-openjdk-cygwin\jdk8u\hotspot\src\share\vm\prims\jni.cpp, line 709]
Event: 3045.786 Thread 0x0000000018551800 Exception <a 'java/lang/NoSuchMethodError': java.lang.Object.lambda$asRunnable$0(Lcom/android/apkzlib/utils/IOExceptionRunnable;)V> (0x00000000e3737628) thrown at [D:\src\AOSP-openjdk-cygwin\jdk8u\hotspot\src\share\vm\interpreter\linkResolver.cpp, line 58
Event: 3078.407 Thread 0x0000000018551800 Implicit null exception at 0x0000000003044e6a to 0x0000000003044eb9
Event: 3078.407 Thread 0x0000000018551800 Implicit null exception at 0x00000000061940f0 to 0x0000000006194100
Event: 3093.358 Thread 0x0000000018551800 Exception <a 'java/lang/NoSuchMethodError': java.lang.Object.lambda$comparing$ea9a8b3a$1(Ljava/util/Comparator;Ljava/util/function/Function;Ljava/lang/Object;Ljava/lang/Object;)I> (0x00000000e0fed030) thrown at [D:\src\AOSP-openjdk-cygwin\jdk8u\hotspot\sr
Event: 3093.566 Thread 0x0000000018551800 Exception <a 'java/lang/NoSuchMethodError': java.lang.Object.lambda$or$2(Ljava/util/function/Predicate;Ljava/lang/Object;)Z> (0x00000000e3118a48) thrown at [D:\src\AOSP-openjdk-cygwin\jdk8u\hotspot\src\share\vm\interpreter\linkResolver.cpp, line 584]
Event: 3102.640 Thread 0x0000000018551800 Exception <a 'java/io/FileNotFoundException'> (0x00000000e5f2d640) thrown at [D:\src\AOSP-openjdk-cygwin\jdk8u\hotspot\src\share\vm\prims\jni.cpp, line 709]

Events (10 events):
Event: 3102.998 Executing VM operation: RevokeBias done
Event: 3102.998 Executing VM operation: RevokeBias
Event: 3102.998 Executing VM operation: RevokeBias done
Event: 3102.998 Executing VM operation: RevokeBias
Event: 3102.998 Executing VM operation: RevokeBias done
Event: 3102.999 Executing VM operation: RevokeBias
Event: 3102.999 Executing VM operation: RevokeBias done
Event: 3103.014 Thread 0x0000000015c68000 flushing nmethod 0x0000000002667890
Event: 3103.016 Thread 0x0000000015c68000 flushing nmethod 0x00000000027b1750
Event: 3103.016 Thread 0x0000000015c68000 flushing nmethod 0x000000000286c2d0


Dynamic libraries:
0x00007ff757280000 - 0x00007ff7572b1000 	C:\Program Files\Android\Android Studio\jre\bin\java.exe
0x00007ffa964f0000 - 0x00007ffa966dd000 	C:\WINDOWS\SYSTEM32\ntdll.dll
0x00007ffa96290000 - 0x00007ffa96343000 	C:\WINDOWS\System32\KERNEL32.DLL
0x00007ffa92890000 - 0x00007ffa92b23000 	C:\WINDOWS\System32\KERNELBASE.dll
0x00007ffa95d50000 - 0x00007ffa95df3000 	C:\WINDOWS\System32\ADVAPI32.dll
0x00007ffa95e00000 - 0x00007ffa95e9e000 	C:\WINDOWS\System32\msvcrt.dll
0x00007ffa96090000 - 0x00007ffa9612e000 	C:\WINDOWS\System32\sechost.dll
0x00007ffa95f60000 - 0x00007ffa96083000 	C:\WINDOWS\System32\RPCRT4.dll
0x00007ffa952e0000 - 0x00007ffa95477000 	C:\WINDOWS\System32\USER32.dll
0x00007ffa93700000 - 0x00007ffa93720000 	C:\WINDOWS\System32\win32u.dll
0x00007ffa93b70000 - 0x00007ffa93b99000 	C:\WINDOWS\System32\GDI32.dll
0x00007ffa93450000 - 0x00007ffa935ea000 	C:\WINDOWS\System32\gdi32full.dll
0x00007ffa927f0000 - 0x00007ffa92890000 	C:\WINDOWS\System32\msvcp_win.dll
0x00007ffa93300000 - 0x00007ffa933fc000 	C:\WINDOWS\System32\ucrtbase.dll
0x00007ffa83c80000 - 0x00007ffa83ef9000 	C:\WINDOWS\WinSxS\amd64_microsoft.windows.common-controls_6595b64144ccf1df_6.0.17763.134_none_05b3373a07211a5c\COMCTL32.dll
0x00007ffa95970000 - 0x00007ffa95c9d000 	C:\WINDOWS\System32\combase.dll
0x00007ffa93280000 - 0x00007ffa932fe000 	C:\WINDOWS\System32\bcryptPrimitives.dll
0x00007ffa93ba0000 - 0x00007ffa93bce000 	C:\WINDOWS\System32\IMM32.DLL
0x0000000066bb0000 - 0x0000000066c82000 	C:\Program Files\Android\Android Studio\jre\jre\bin\msvcr100.dll
0x0000000067490000 - 0x0000000067ccf000 	C:\Program Files\Android\Android Studio\jre\jre\bin\server\jvm.dll
0x00007ffa93d60000 - 0x00007ffa93d68000 	C:\WINDOWS\System32\PSAPI.DLL
0x00007ffa902b0000 - 0x00007ffa902d4000 	C:\WINDOWS\SYSTEM32\WINMM.dll
0x00007ffa7b720000 - 0x00007ffa7b729000 	C:\WINDOWS\SYSTEM32\WSOCK32.dll
0x00007ffa95900000 - 0x00007ffa9596d000 	C:\WINDOWS\System32\WS2_32.dll
0x00007ffa80770000 - 0x00007ffa8077a000 	C:\WINDOWS\SYSTEM32\VERSION.dll
0x00007ffa90280000 - 0x00007ffa902ad000 	C:\WINDOWS\SYSTEM32\WINMMBASE.dll
0x00007ffa93400000 - 0x00007ffa9344a000 	C:\WINDOWS\System32\cfgmgr32.dll
0x00007ffa8d380000 - 0x00007ffa8d38f000 	C:\Program Files\Android\Android Studio\jre\jre\bin\verify.dll
0x00007ffa76a90000 - 0x00007ffa76ab9000 	C:\Program Files\Android\Android Studio\jre\jre\bin\java.dll
0x00007ffa8d320000 - 0x00007ffa8d336000 	C:\Program Files\Android\Android Studio\jre\jre\bin\zip.dll
0x00007ffa93d70000 - 0x00007ffa9525f000 	C:\WINDOWS\System32\SHELL32.dll
0x00007ffa95eb0000 - 0x00007ffa95f58000 	C:\WINDOWS\System32\shcore.dll
0x00007ffa92b30000 - 0x00007ffa93278000 	C:\WINDOWS\System32\windows.storage.dll
0x00007ffa92590000 - 0x00007ffa925b4000 	C:\WINDOWS\System32\profapi.dll
0x00007ffa924f0000 - 0x00007ffa9254d000 	C:\WINDOWS\System32\powrprof.dll
0x00007ffa93d00000 - 0x00007ffa93d52000 	C:\WINDOWS\System32\shlwapi.dll
0x00007ffa92570000 - 0x00007ffa92581000 	C:\WINDOWS\System32\kernel.appcore.dll
0x00007ffa925f0000 - 0x00007ffa92607000 	C:\WINDOWS\System32\cryptsp.dll
0x00007ffa8d260000 - 0x00007ffa8d27a000 	C:\Program Files\Android\Android Studio\jre\jre\bin\net.dll
0x00007ffa919c0000 - 0x00007ffa91a27000 	C:\WINDOWS\system32\mswsock.dll
0x00007ffa81980000 - 0x00007ffa81991000 	C:\Program Files\Android\Android Studio\jre\jre\bin\nio.dll
0x00007ffa8d2a0000 - 0x00007ffa8d2be000 	C:\Users\Forntoh\.gradle\native\25\windows-amd64\native-platform.dll
0x00007ffa8ad00000 - 0x00007ffa8ad0d000 	C:\Program Files\Android\Android Studio\jre\jre\bin\management.dll
0x00007ffa91500000 - 0x00007ffa91533000 	C:\WINDOWS\system32\rsaenh.dll
0x00007ffa925c0000 - 0x00007ffa925e6000 	C:\WINDOWS\System32\bcrypt.dll
0x00007ffa923f0000 - 0x00007ffa92418000 	C:\WINDOWS\SYSTEM32\USERENV.dll
0x00007ffa91b90000 - 0x00007ffa91b9c000 	C:\WINDOWS\SYSTEM32\CRYPTBASE.dll
0x00007ffa916c0000 - 0x00007ffa916fd000 	C:\WINDOWS\SYSTEM32\IPHLPAPI.DLL
0x00007ffa96350000 - 0x00007ffa96358000 	C:\WINDOWS\System32\NSI.dll
0x00007ffa89320000 - 0x00007ffa89336000 	C:\WINDOWS\SYSTEM32\dhcpcsvc6.DLL
0x00007ffa88430000 - 0x00007ffa8844c000 	C:\WINDOWS\SYSTEM32\dhcpcsvc.DLL
0x00007ffa91710000 - 0x00007ffa917d6000 	C:\WINDOWS\SYSTEM32\DNSAPI.dll
0x00007ffa767c0000 - 0x00007ffa767e4000 	C:\Program Files\Android\Android Studio\jre\jre\bin\sunec.dll
0x00007ffa82db0000 - 0x00007ffa82dba000 	C:\Windows\System32\rasadhlp.dll
0x00007ffa84180000 - 0x00007ffa841f9000 	C:\WINDOWS\System32\fwpuclnt.dll
0x00007ffa8ac00000 - 0x00007ffa8ac0b000 	C:\Program Files\Android\Android Studio\jre\jre\bin\sunmscapi.dll
0x00007ffa92610000 - 0x00007ffa927eb000 	C:\WINDOWS\System32\CRYPT32.dll
0x00007ffa92550000 - 0x00007ffa92562000 	C:\WINDOWS\System32\MSASN1.dll
0x00007ffa767f0000 - 0x00007ffa7680e000 	C:\Users\Forntoh\AppData\Local\Temp\native-platform5716974011380734270dir\native-platform.dll
0x00007ffa91ff0000 - 0x00007ffa92021000 	C:\WINDOWS\SYSTEM32\ntmarta.dll

VM Arguments:
jvm_args: -Xmx1536m -Dfile.encoding=windows-1252 -Duser.country=US -Duser.language=en -Duser.variant 
java_command: org.gradle.launcher.daemon.bootstrap.GradleDaemon 4.4
java_class_path (initial): C:\Users\Forntoh\.gradle\wrapper\dists\gradle-4.4-all\9br9xq1tocpiv8o6njlyu5op1\gradle-4.4\lib\gradle-launcher-4.4.jar
Launcher Type: SUN_STANDARD

Environment Variables:
PATH=C:\Program Files (x86)\Microchip\MPLAB C30\bin;C:\Python36\;C:\Python36\Scripts\;C:\Python27\;C:\Python27\Scripts;C:\ProgramData\Oracle\Java\javapath;C:\WINDOWS\system32;C:\WINDOWS;C:\WINDOWS\System32\Wbem;C:\WINDOWS\System32\WindowsPowerShell\v1.0\;D:\Android_Utils\SDK\platform-tools;D:\AI\OpenCV\opencv\build\x64\vc14\bin;D:\Programs\wamp\bin\php\php7.1.11;C:\composer;C:\Program Files\Git\cmd;C:\Program Files\Git\mingw64\bin;C:\Program Files\Git\usr\bin;C:\Program Files\nodejs\;C:\Users\Forntoh\AppData\Local\Microsoft\WindowsApps;C:\Users\Forntoh\AppData\Roaming\Composer\vendor\bin;C:\Program Files\Microsoft VS Code\bin;C:\Users\Forntoh\AppData\Roaming\npm;C:\Program Files\Heroku\bin;C:\adb;C:\Program Files\Java\jdk1.8.0_131\bin;D:\Programs\wamp\bin\mysql\mysql5.7.9\bin;C:\Program Files (x86)\HI-TECH Software\PICC\LITE\9.60\bin;C:\Program Files (x86)\Windows Kits\10\Windows Performance Toolkit\;C:\WINDOWS\system32;C:\WINDOWS;C:\WINDOWS\System32\Wbem;C:\WINDOWS\System32\WindowsPowerShell\v1.0\;C:\Program Files\PostgreSQL\10\bin;;C:\WINDOWS\System32\OpenSSH\;C:\Ruby24-x64\bin;C:\Users\Forntoh\AppData\Local\Microsoft\WindowsApps;C:\Users\Forntoh\AppData\Roaming\Composer\vendor\bin;C:\Program Files\Microsoft VS Code\bin;C:\Users\Forntoh\AppData\Roaming\npm;C:\Program Files\Heroku\bin;C:\Program Files\Java\jdk1.8.0_131\bin;D:\Programs\wamp\bin\mysql\mysql5.7.9\bin;C:\Program Files\PostgreSQL\10\bin;
USERNAME=Forntoh
OS=Windows_NT
PROCESSOR_IDENTIFIER=Intel64 Family 6 Model 42 Stepping 7, GenuineIntel



---------------  S Y S T E M  ---------------

OS: Windows 10.0 , 64 bit Build 17763 (10.0.17763.1)

CPU:total 2 (initial active 2) (2 cores per cpu, 1 threads per core) family 6 model 42 stepping 7, cmov, cx8, fxsr, mmx, sse, sse2, sse3, ssse3, sse4.1, sse4.2, popcnt, clmul, tsc, tscinvbit

Memory: 4k page, physical 8275764k(1307652k free), swap 12470068k(3916k free)

vm_info: OpenJDK 64-Bit Server VM (25.152-b02) for windows-amd64 JRE (1.8.0_152-release-1024-b02), built by "builder" with MS VC++ 10.0 (VS2010)

time: Sat Dec 01 14:35:09 2018
elapsed time: 3103 seconds (0d 0h 51m 43s)

