#
# There is insufficient memory for the Java Runtime Environment to continue.
# Native memory allocation (malloc) failed to allocate 1200496 bytes for Chunk::new
# Possible reasons:
#   The system is out of physical RAM or swap space
#   In 32 bit mode, the process size limit was hit
# Possible solutions:
#   Reduce memory load on the system
#   Increase physical memory or swap space
#   Check if swap backing store is full
#   Use 64 bit Java on a 64 bit OS
#   Decrease Java heap size (-Xmx/-Xms)
#   Decrease number of Java threads
#   Decrease Java thread stack sizes (-Xss)
#   Set larger code cache with -XX:ReservedCodeCacheSize=
# This output file may be truncated or incomplete.
#
#  Out of Memory Error (allocation.cpp:390), pid=65784, tid=0x000000000000fd98
#
# JRE version: OpenJDK Runtime Environment (8.0_152-b06) (build 1.8.0_152-release-1136-b06)
# Java VM: OpenJDK 64-Bit Server VM (25.152-b06 mixed mode windows-amd64 compressed oops)
# Failed to write core dump. Minidumps are not enabled by default on client versions of Windows
#

---------------  T H R E A D  ---------------

Current thread (0x0000000016689000):  JavaThread "C2 CompilerThread0" daemon [_thread_in_native, id=64920, stack(0x00000000176d0000,0x00000000177d0000)]

Stack: [0x00000000176d0000,0x00000000177d0000]
[error occurred during error reporting (printing stack bounds), id 0xc0000005]

Native frames: (J=compiled Java code, j=interpreted, Vv=VM code, C=native code)


Current CompileTask:
C2: 399784 12280       4       com.sun.tools.javac.comp.Resolve::findInheritedMemberType (202 bytes)


---------------  P R O C E S S  ---------------

Java Threads: ( => current thread )
  0x000000001ef31000 JavaThread "Cache worker for Java compile cache (D:\Android_Utils\Projects\BableSchool\.gradle\4.6\javaCompile)" [_thread_blocked, id=67484, stack(0x0000000024700000,0x0000000024800000)]
  0x000000001ef39800 JavaThread "RMI TCP Connection(idle)" daemon [_thread_blocked, id=66784, stack(0x0000000024600000,0x0000000024700000)]
  0x000000001ef35000 JavaThread "RMI TCP Connection(8)-127.0.0.1" daemon [_thread_in_native, id=67068, stack(0x0000000024400000,0x0000000024500000)]
  0x000000001ef2f800 JavaThread "RMI TCP Connection(idle)" daemon [_thread_blocked, id=67448, stack(0x0000000024200000,0x0000000024300000)]
  0x000000001ef36800 JavaThread "RMI Reaper" [_thread_blocked, id=67440, stack(0x0000000024100000,0x0000000024200000)]
  0x000000001ef35800 JavaThread "RMI TCP Accept-0" daemon [_thread_in_native, id=67436, stack(0x0000000024000000,0x0000000024100000)]
  0x000000001ef32800 JavaThread "GC Daemon" daemon [_thread_blocked, id=67428, stack(0x0000000023f00000,0x0000000024000000)]
  0x000000001ef2f000 JavaThread "RMI Scheduler(0)" daemon [_thread_blocked, id=67420, stack(0x0000000023d00000,0x0000000023e00000)]
  0x000000001ef30800 JavaThread "Task worker for ':'" [_thread_in_vm, id=66332, stack(0x0000000022170000,0x0000000022270000)]
  0x000000001ef2d800 JavaThread "Cache worker for Build Output Cleanup Cache (D:\Android_Utils\Projects\BableSchool\.gradle\buildOutputCleanup)" [_thread_blocked, id=57616, stack(0x0000000022070000,0x0000000022170000)]
  0x000000001ef2c800 JavaThread "Cache worker for task history cache (D:\Android_Utils\Projects\BableSchool\.gradle\4.6\taskHistory)" [_thread_blocked, id=65676, stack(0x0000000021f70000,0x0000000022070000)]
  0x000000001ef2c000 JavaThread "Cache worker for file content cache (D:\Android_Utils\Projects\BableSchool\.gradle\4.6\fileContent)" [_thread_blocked, id=65028, stack(0x000000001fb70000,0x000000001fc70000)]
  0x0000000018dd8000 JavaThread "Memory manager" [_thread_blocked, id=65688, stack(0x000000001e4a0000,0x000000001e5a0000)]
  0x0000000018ddb000 JavaThread "Build operations Thread 2" [_thread_blocked, id=64480, stack(0x000000001daa0000,0x000000001dba0000)]
  0x0000000018ddc800 JavaThread "Build operations" [_thread_blocked, id=66420, stack(0x000000001d9a0000,0x000000001daa0000)]
  0x0000000018dd9800 JavaThread "Cache worker for Artifact transforms cache (C:\Users\Forntoh\.gradle\caches\transforms-1)" [_thread_blocked, id=65124, stack(0x000000001bdf0000,0x000000001bef0000)]
  0x000000001b7a0000 JavaThread "Cache worker for file hash cache (D:\Android_Utils\Projects\BableSchool\.gradle\4.6\fileHashes)" [_thread_blocked, id=58612, stack(0x000000001baf0000,0x000000001bbf0000)]
  0x0000000018f23800 JavaThread "File lock request listener" [_thread_in_native, id=56696, stack(0x000000001b9f0000,0x000000001baf0000)]
  0x00000000193d0000 JavaThread "Cache worker for file hash cache (C:\Users\Forntoh\.gradle\caches\4.6\fileHashes)" [_thread_blocked, id=52984, stack(0x000000001a920000,0x000000001aa20000)]
  0x0000000018e25000 JavaThread "Asynchronous log dispatcher for DefaultDaemonConnection: socket connection from /127.0.0.1:44275 to /127.0.0.1:44276" [_thread_blocked, id=60500, stack(0x000000001a520000,0x000000001a620000)]
  0x0000000017b99000 JavaThread "Daemon worker" [_thread_blocked, id=65580, stack(0x000000001a420000,0x000000001a520000)]
  0x00000000180f1000 JavaThread "Cancel handler" [_thread_blocked, id=43164, stack(0x000000001a320000,0x000000001a420000)]
  0x000000001809f800 JavaThread "Handler for socket connection from /127.0.0.1:44275 to /127.0.0.1:44276" [_thread_in_native, id=66480, stack(0x000000001a020000,0x000000001a120000)]
  0x000000001809e800 JavaThread "Daemon" [_thread_blocked, id=65644, stack(0x0000000019f20000,0x000000001a020000)]
  0x00000000180df800 JavaThread "Daemon periodic checks" [_thread_blocked, id=63512, stack(0x0000000019e20000,0x0000000019f20000)]
  0x000000001803e800 JavaThread "Incoming local TCP Connector on port 44275" [_thread_in_native, id=58524, stack(0x0000000019be0000,0x0000000019ce0000)]
  0x00000000166fc800 JavaThread "Service Thread" daemon [_thread_blocked, id=66344, stack(0x00000000178d0000,0x00000000179d0000)]
  0x000000001668c000 JavaThread "C1 CompilerThread1" daemon [_thread_in_vm, id=66292, stack(0x00000000177d0000,0x00000000178d0000)]
=>0x0000000016689000 JavaThread "C2 CompilerThread0" daemon [_thread_in_native, id=64920, stack(0x00000000176d0000,0x00000000177d0000)]
  0x0000000016687800 JavaThread "Attach Listener" daemon [_thread_blocked, id=54560, stack(0x00000000175d0000,0x00000000176d0000)]
  0x0000000016684000 JavaThread "Signal Dispatcher" daemon [_thread_blocked, id=66036, stack(0x00000000174d0000,0x00000000175d0000)]
  0x0000000016676800 JavaThread "Finalizer" daemon [_thread_blocked, id=65468, stack(0x00000000172d0000,0x00000000173d0000)]
  0x0000000002f4e000 JavaThread "Reference Handler" daemon [_thread_blocked, id=62784, stack(0x00000000171d0000,0x00000000172d0000)]
  0x0000000002e62800 JavaThread "main" [_thread_blocked, id=53920, stack(0x0000000002cb0000,0x0000000002db0000)]

Other Threads:
  0x0000000016653800 VMThread [stack: 0x00000000170d0000,0x00000000171d0000] [id=66388]
  0x0000000016707000 WatcherThread [stack: 0x00000000179d0000,0x0000000017ad0000] [id=65720]

VM state:not at safepoint (normal execution)

VM Mutex/Monitor currently owned by a thread: None

Heap:
 PSYoungGen      total 346112K, used 30078K [0x00000000e0000000, 0x00000000f6200000, 0x0000000100000000)
  eden space 331264K, 4% used [0x00000000e0000000,0x00000000e0ee3d38,0x00000000f4380000)
  from space 14848K, 99% used [0x00000000f4500000,0x00000000f537bd00,0x00000000f5380000)
  to   space 8192K, 0% used [0x00000000f5a00000,0x00000000f5a00000,0x00000000f6200000)
 ParOldGen       total 120320K, used 88678K [0x00000000a0000000, 0x00000000a7580000, 0x00000000e0000000)
  object space 120320K, 73% used [0x00000000a0000000,0x00000000a5699968,0x00000000a7580000)
 Metaspace       used 78226K, capacity 80528K, committed 80768K, reserved 1120256K
  class space    used 10232K, capacity 10810K, committed 10880K, reserved 1048576K

Card table byte_map: [0x0000000012320000,0x0000000012630000] byte_map_base: 0x0000000011e20000

Marking Bits: (ParMarkBitMap*) 0x000000006a835aa0
 Begin Bits: [0x0000000012a30000, 0x0000000014230000)
 End Bits:   [0x0000000014230000, 0x0000000015a30000)

Polling page: 0x0000000001120000

CodeCache: size=245760Kb used=36180Kb max_used=36199Kb free=209579Kb
 bounds [0x0000000002f60000, 0x00000000052f0000, 0x0000000011f60000]
 total_blobs=11200 nmethods=10316 adapters=797
 compilation: enabled

Compilation events (10 events):
Event: 399.770 Thread 0x000000001668c000 12334       2       com.sun.tools.javac.code.Symbol::attribute (45 bytes)
Event: 399.770 Thread 0x000000001668c000 nmethod 12334 0x00000000052dc010 code [0x00000000052dc1a0, 0x00000000052dc4e8]
Event: 399.770 Thread 0x000000001668c000 12338       2       com.sun.tools.javac.comp.Attr$TypeAnnotationsValidator::visitVarDef (64 bytes)
Event: 399.771 Thread 0x000000001668c000 nmethod 12338 0x00000000052dc6d0 code [0x00000000052dc860, 0x00000000052dcaf8]
Event: 399.771 Thread 0x000000001668c000 12335       2       com.sun.tools.javac.code.Attribute$Compound::getElemPair (48 bytes)
Event: 399.772 Thread 0x000000001668c000 nmethod 12335 0x00000000052dccd0 code [0x00000000052dce60, 0x00000000052dd1b8]
Event: 399.774 Thread 0x000000001668c000 12341       1       com.sun.tools.javac.code.Type::isPrimitiveOrVoid (2 bytes)
Event: 399.774 Thread 0x000000001668c000 nmethod 12341 0x00000000052dd3d0 code [0x00000000052dd520, 0x00000000052dd630]
Event: 399.774 Thread 0x000000001668c000 12342       2       com.sun.tools.javac.tree.JCTree$JCArrayTypeTree::getTag (4 bytes)
Event: 399.774 Thread 0x000000001668c000 nmethod 12342 0x00000000052dd690 code [0x00000000052dd7e0, 0x00000000052dd930]

GC Heap History (10 events):
Event: 186.562 GC heap before
{Heap before GC invocations=18 (full 3):
 PSYoungGen      total 250880K, used 250877K [0x00000000e0000000, 0x00000000f0800000, 0x0000000100000000)
  eden space 236544K, 100% used [0x00000000e0000000,0x00000000ee700000,0x00000000ee700000)
  from space 14336K, 99% used [0x00000000ef780000,0x00000000f057f530,0x00000000f0580000)
  to   space 16896K, 0% used [0x00000000ee700000,0x00000000ee700000,0x00000000ef780000)
 ParOldGen       total 120320K, used 42197K [0x00000000a0000000, 0x00000000a7580000, 0x00000000e0000000)
  object space 120320K, 35% used [0x00000000a0000000,0x00000000a29357b0,0x00000000a7580000)
 Metaspace       used 67192K, capacity 69456K, committed 69632K, reserved 1110016K
  class space    used 8890K, capacity 9451K, committed 9472K, reserved 1048576K
Event: 186.630 GC heap after
Heap after GC invocations=18 (full 3):
 PSYoungGen      total 253440K, used 5691K [0x00000000e0000000, 0x00000000f3a80000, 0x0000000100000000)
  eden space 236544K, 0% used [0x00000000e0000000,0x00000000e0000000,0x00000000ee700000)
  from space 16896K, 33% used [0x00000000ee700000,0x00000000eec8eff8,0x00000000ef780000)
  to   space 16896K, 0% used [0x00000000f2a00000,0x00000000f2a00000,0x00000000f3a80000)
 ParOldGen       total 120320K, used 53556K [0x00000000a0000000, 0x00000000a7580000, 0x00000000e0000000)
  object space 120320K, 44% used [0x00000000a0000000,0x00000000a344d330,0x00000000a7580000)
 Metaspace       used 67192K, capacity 69456K, committed 69632K, reserved 1110016K
  class space    used 8890K, capacity 9451K, committed 9472K, reserved 1048576K
}
Event: 188.055 GC heap before
{Heap before GC invocations=19 (full 3):
 PSYoungGen      total 253440K, used 242235K [0x00000000e0000000, 0x00000000f3a80000, 0x0000000100000000)
  eden space 236544K, 100% used [0x00000000e0000000,0x00000000ee700000,0x00000000ee700000)
  from space 16896K, 33% used [0x00000000ee700000,0x00000000eec8eff8,0x00000000ef780000)
  to   space 16896K, 0% used [0x00000000f2a00000,0x00000000f2a00000,0x00000000f3a80000)
 ParOldGen       total 120320K, used 53556K [0x00000000a0000000, 0x00000000a7580000, 0x00000000e0000000)
  object space 120320K, 44% used [0x00000000a0000000,0x00000000a344d330,0x00000000a7580000)
 Metaspace       used 67218K, capacity 69456K, committed 69632K, reserved 1110016K
  class space    used 8890K, capacity 9451K, committed 9472K, reserved 1048576K
Event: 188.094 GC heap after
Heap after GC invocations=19 (full 3):
 PSYoungGen      total 305664K, used 7101K [0x00000000e0000000, 0x00000000f4980000, 0x0000000100000000)
  eden space 288768K, 0% used [0x00000000e0000000,0x00000000e0000000,0x00000000f1a00000)
  from space 16896K, 42% used [0x00000000f2a00000,0x00000000f30ef680,0x00000000f3a80000)
  to   space 16384K, 0% used [0x00000000f1a00000,0x00000000f1a00000,0x00000000f2a00000)
 ParOldGen       total 120320K, used 53564K [0x00000000a0000000, 0x00000000a7580000, 0x00000000e0000000)
  object space 120320K, 44% used [0x00000000a0000000,0x00000000a344f330,0x00000000a7580000)
 Metaspace       used 67218K, capacity 69456K, committed 69632K, reserved 1110016K
  class space    used 8890K, capacity 9451K, committed 9472K, reserved 1048576K
}
Event: 204.005 GC heap before
{Heap before GC invocations=20 (full 3):
 PSYoungGen      total 305664K, used 295869K [0x00000000e0000000, 0x00000000f4980000, 0x0000000100000000)
  eden space 288768K, 100% used [0x00000000e0000000,0x00000000f1a00000,0x00000000f1a00000)
  from space 16896K, 42% used [0x00000000f2a00000,0x00000000f30ef680,0x00000000f3a80000)
  to   space 16384K, 0% used [0x00000000f1a00000,0x00000000f1a00000,0x00000000f2a00000)
 ParOldGen       total 120320K, used 53564K [0x00000000a0000000, 0x00000000a7580000, 0x00000000e0000000)
  object space 120320K, 44% used [0x00000000a0000000,0x00000000a344f330,0x00000000a7580000)
 Metaspace       used 71121K, capacity 73434K, committed 73600K, reserved 1112064K
  class space    used 9414K, capacity 10002K, committed 10112K, reserved 1048576K
Event: 204.062 GC heap after
Heap after GC invocations=20 (full 3):
 PSYoungGen      total 305152K, used 8794K [0x00000000e0000000, 0x00000000f6980000, 0x0000000100000000)
  eden space 288768K, 0% used [0x00000000e0000000,0x00000000e0000000,0x00000000f1a00000)
  from space 16384K, 53% used [0x00000000f1a00000,0x00000000f2296a80,0x00000000f2a00000)
  to   space 15872K, 0% used [0x00000000f5a00000,0x00000000f5a00000,0x00000000f6980000)
 ParOldGen       total 120320K, used 53572K [0x00000000a0000000, 0x00000000a7580000, 0x00000000e0000000)
  object space 120320K, 44% used [0x00000000a0000000,0x00000000a3451330,0x00000000a7580000)
 Metaspace       used 71121K, capacity 73434K, committed 73600K, reserved 1112064K
  class space    used 9414K, capacity 10002K, committed 10112K, reserved 1048576K
}
Event: 376.338 GC heap before
{Heap before GC invocations=21 (full 3):
 PSYoungGen      total 305152K, used 297562K [0x00000000e0000000, 0x00000000f6980000, 0x0000000100000000)
  eden space 288768K, 100% used [0x00000000e0000000,0x00000000f1a00000,0x00000000f1a00000)
  from space 16384K, 53% used [0x00000000f1a00000,0x00000000f2296a80,0x00000000f2a00000)
  to   space 15872K, 0% used [0x00000000f5a00000,0x00000000f5a00000,0x00000000f6980000)
 ParOldGen       total 120320K, used 53572K [0x00000000a0000000, 0x00000000a7580000, 0x00000000e0000000)
  object space 120320K, 44% used [0x00000000a0000000,0x00000000a3451330,0x00000000a7580000)
 Metaspace       used 73512K, capacity 75824K, committed 76160K, reserved 1116160K
  class space    used 9695K, capacity 10266K, committed 10368K, reserved 1048576K
Event: 376.443 GC heap after
Heap after GC invocations=21 (full 3):
 PSYoungGen      total 339456K, used 7929K [0x00000000e0000000, 0x00000000f6200000, 0x0000000100000000)
  eden space 331264K, 0% used [0x00000000e0000000,0x00000000e0000000,0x00000000f4380000)
  from space 8192K, 96% used [0x00000000f5a00000,0x00000000f61be548,0x00000000f6200000)
  to   space 14848K, 0% used [0x00000000f4500000,0x00000000f4500000,0x00000000f5380000)
 ParOldGen       total 120320K, used 53580K [0x00000000a0000000, 0x00000000a7580000, 0x00000000e0000000)
  object space 120320K, 44% used [0x00000000a0000000,0x00000000a3453330,0x00000000a7580000)
 Metaspace       used 73512K, capacity 75824K, committed 76160K, reserved 1116160K
  class space    used 9695K, capacity 10266K, committed 10368K, reserved 1048576K
}
Event: 398.917 GC heap before
{Heap before GC invocations=22 (full 3):
 PSYoungGen      total 339456K, used 339193K [0x00000000e0000000, 0x00000000f6200000, 0x0000000100000000)
  eden space 331264K, 100% used [0x00000000e0000000,0x00000000f4380000,0x00000000f4380000)
  from space 8192K, 96% used [0x00000000f5a00000,0x00000000f61be548,0x00000000f6200000)
  to   space 14848K, 0% used [0x00000000f4500000,0x00000000f4500000,0x00000000f5380000)
 ParOldGen       total 120320K, used 53580K [0x00000000a0000000, 0x00000000a7580000, 0x00000000e0000000)
  object space 120320K, 44% used [0x00000000a0000000,0x00000000a3453330,0x00000000a7580000)
 Metaspace       used 77954K, capacity 80272K, committed 80512K, reserved 1118208K
  class space    used 10216K, capacity 10810K, committed 10880K, reserved 1048576K
Event: 399.099 GC heap after
Heap after GC invocations=22 (full 3):
 PSYoungGen      total 346112K, used 14831K [0x00000000e0000000, 0x00000000f6200000, 0x0000000100000000)
  eden space 331264K, 0% used [0x00000000e0000000,0x00000000e0000000,0x00000000f4380000)
  from space 14848K, 99% used [0x00000000f4500000,0x00000000f537bd00,0x00000000f5380000)
  to   space 8192K, 0% used [0x00000000f5a00000,0x00000000f5a00000,0x00000000f6200000)
 ParOldGen       total 120320K, used 88678K [0x00000000a0000000, 0x00000000a7580000, 0x00000000e0000000)
  object space 120320K, 73% used [0x00000000a0000000,0x00000000a5699968,0x00000000a7580000)
 Metaspace       used 77954K, capacity 80272K, committed 80512K, reserved 1118208K
  class space    used 10216K, capacity 10810K, committed 10880K, reserved 1048576K
}

Deoptimization events (10 events):
Event: 399.519 Thread 0x000000001ef30800 Uncommon trap: reason=unstable_if action=reinterpret pc=0x00000000052a8520 method=com.sun.tools.javac.comp.Check.checkType(Lcom/sun/tools/javac/util/JCDiagnostic$DiagnosticPosition;Lcom/sun/tools/javac/code/Type;Lcom/sun/tools/javac/code/Type;Lcom/sun/too
Event: 399.527 Thread 0x000000001ef30800 Uncommon trap: reason=bimorphic action=maybe_recompile pc=0x00000000039c7f8c method=com.sun.tools.javac.code.Scope.lookup(Lcom/sun/tools/javac/util/Name;Lcom/sun/tools/javac/util/Filter;)Lcom/sun/tools/javac/code/Scope$Entry; @ 49
Event: 399.528 Thread 0x000000001ef30800 Uncommon trap: reason=bimorphic action=maybe_recompile pc=0x00000000039c7f8c method=com.sun.tools.javac.code.Scope.lookup(Lcom/sun/tools/javac/util/Name;Lcom/sun/tools/javac/util/Filter;)Lcom/sun/tools/javac/code/Scope$Entry; @ 49
Event: 399.530 Thread 0x000000001ef30800 Uncommon trap: reason=unstable_if action=reinterpret pc=0x00000000052a5094 method=com.sun.tools.javac.comp.Check.checkType(Lcom/sun/tools/javac/util/JCDiagnostic$DiagnosticPosition;Lcom/sun/tools/javac/code/Type;Lcom/sun/tools/javac/code/Type;Lcom/sun/too
Event: 399.531 Thread 0x000000001ef30800 Uncommon trap: reason=bimorphic action=maybe_recompile pc=0x00000000039c7f8c method=com.sun.tools.javac.code.Scope.lookup(Lcom/sun/tools/javac/util/Name;Lcom/sun/tools/javac/util/Filter;)Lcom/sun/tools/javac/code/Scope$Entry; @ 49
Event: 399.532 Thread 0x000000001ef30800 Uncommon trap: reason=bimorphic action=maybe_recompile pc=0x00000000039c7f8c method=com.sun.tools.javac.code.Scope.lookup(Lcom/sun/tools/javac/util/Name;Lcom/sun/tools/javac/util/Filter;)Lcom/sun/tools/javac/code/Scope$Entry; @ 49
Event: 399.647 Thread 0x000000001ef30800 Uncommon trap: reason=bimorphic action=maybe_recompile pc=0x000000000525a0fc method=com.sun.tools.javac.tree.JCTree$JCPrimitiveTypeTree.accept(Lcom/sun/tools/javac/tree/JCTree$Visitor;)V @ 2
Event: 399.648 Thread 0x000000001ef30800 Uncommon trap: reason=bimorphic action=maybe_recompile pc=0x000000000525a0fc method=com.sun.tools.javac.tree.JCTree$JCPrimitiveTypeTree.accept(Lcom/sun/tools/javac/tree/JCTree$Visitor;)V @ 2
Event: 399.648 Thread 0x000000001ef30800 Uncommon trap: reason=bimorphic action=maybe_recompile pc=0x000000000525a0fc method=com.sun.tools.javac.tree.JCTree$JCPrimitiveTypeTree.accept(Lcom/sun/tools/javac/tree/JCTree$Visitor;)V @ 2
Event: 399.648 Thread 0x000000001ef30800 Uncommon trap: reason=bimorphic action=maybe_recompile pc=0x000000000525a0fc method=com.sun.tools.javac.tree.JCTree$JCPrimitiveTypeTree.accept(Lcom/sun/tools/javac/tree/JCTree$Visitor;)V @ 2

Classes redefined (0 events):
No events

Internal exceptions (10 events):
Event: 230.076 Thread 0x000000001ef32000 Exception <a 'java/lang/InterruptedException'> (0x00000000edf6f0b8) thrown at [D:\src\AOSP-openjdk-cygwin\jdk8u\hotspot\src\share\vm\runtime\objectMonitor.cpp, line 1684]
Event: 230.106 Thread 0x0000000017b99000 Exception <a 'java/lang/NoSuchMethodError': <clinit>> (0x00000000ee029dd8) thrown at [D:\src\AOSP-openjdk-cygwin\jdk8u\hotspot\src\share\vm\prims\jni.cpp, line 1613]
Event: 230.107 Thread 0x0000000017b99000 Exception <a 'java/lang/NoSuchMethodError': <clinit>> (0x00000000ee039338) thrown at [D:\src\AOSP-openjdk-cygwin\jdk8u\hotspot\src\share\vm\prims\jni.cpp, line 1613]
Event: 230.109 Thread 0x0000000017b99000 Exception <a 'java/lang/NoSuchMethodError': <clinit>> (0x00000000ee04dbd0) thrown at [D:\src\AOSP-openjdk-cygwin\jdk8u\hotspot\src\share\vm\prims\jni.cpp, line 1613]
Event: 230.121 Thread 0x0000000017b99000 Exception <a 'java/lang/NoSuchMethodError': <clinit>> (0x00000000ee0828f0) thrown at [D:\src\AOSP-openjdk-cygwin\jdk8u\hotspot\src\share\vm\prims\jni.cpp, line 1613]
Event: 230.216 Thread 0x0000000017b99000 Exception <a 'java/lang/NoSuchMethodError': <clinit>> (0x00000000ee1e7a30) thrown at [D:\src\AOSP-openjdk-cygwin\jdk8u\hotspot\src\share\vm\prims\jni.cpp, line 1613]
Event: 230.278 Thread 0x0000000017b99000 Exception <a 'java/lang/NoSuchMethodError': <clinit>> (0x00000000ee2aba68) thrown at [D:\src\AOSP-openjdk-cygwin\jdk8u\hotspot\src\share\vm\prims\jni.cpp, line 1613]
Event: 306.284 Thread 0x000000001ef33800 Exception <a 'java/lang/InterruptedException'> (0x00000000ef084040) thrown at [D:\src\AOSP-openjdk-cygwin\jdk8u\hotspot\src\share\vm\runtime\objectMonitor.cpp, line 1684]
Event: 325.658 Thread 0x000000001ef37000 Exception <a 'java/lang/InterruptedException'> (0x00000000eff3bb40) thrown at [D:\src\AOSP-openjdk-cygwin\jdk8u\hotspot\src\share\vm\runtime\objectMonitor.cpp, line 1684]
Event: 375.238 Thread 0x000000001ef30800 Exception <a 'sun/nio/fs/WindowsException'> (0x00000000f0789350) thrown at [D:\src\AOSP-openjdk-cygwin\jdk8u\hotspot\src\share\vm\prims\jni.cpp, line 709]

Events (10 events):
Event: 399.648 Thread 0x000000001ef30800 DEOPT UNPACKING pc=0x0000000002fa557b sp=0x000000002226bd10 mode 2
Event: 399.648 Thread 0x000000001ef30800 Uncommon trap: trap_request=0xffffffc6 fr.pc=0x000000000525a0fc
Event: 399.648 Thread 0x000000001ef30800 DEOPT PACKING pc=0x000000000525a0fc sp=0x000000002226bef0
Event: 399.648 Thread 0x000000001ef30800 DEOPT UNPACKING pc=0x0000000002fa557b sp=0x000000002226bed0 mode 2
Event: 399.750 loading class com/sun/tools/javac/tree/Pretty
Event: 399.750 loading class com/sun/tools/javac/tree/Pretty done
Event: 399.752 loading class com/sun/tools/javac/tree/Pretty$UncheckedIOException
Event: 399.752 loading class com/sun/tools/javac/tree/Pretty$UncheckedIOException done
Event: 399.755 loading class com/sun/tools/javac/tree/Pretty$1
Event: 399.756 loading class com/sun/tools/javac/tree/Pretty$1 done


Dynamic libraries:
0x00007ff755a10000 - 0x00007ff755a41000 	C:\Program Files\Android\Android Studio\jre\bin\java.exe
0x00007ffdb6130000 - 0x00007ffdb631d000 	C:\WINDOWS\SYSTEM32\ntdll.dll
0x00007ffdb3c70000 - 0x00007ffdb3d23000 	C:\WINDOWS\System32\KERNEL32.DLL
0x00007ffdb30c0000 - 0x00007ffdb3353000 	C:\WINDOWS\System32\KERNELBASE.dll
0x00007ffdb5790000 - 0x00007ffdb5833000 	C:\WINDOWS\System32\ADVAPI32.dll
0x00007ffdb3bd0000 - 0x00007ffdb3c6e000 	C:\WINDOWS\System32\msvcrt.dll
0x00007ffdb3b30000 - 0x00007ffdb3bce000 	C:\WINDOWS\System32\sechost.dll
0x00007ffdb5fd0000 - 0x00007ffdb60f2000 	C:\WINDOWS\System32\RPCRT4.dll
0x00007ffdb5840000 - 0x00007ffdb59d7000 	C:\WINDOWS\System32\USER32.dll
0x00007ffdb2bf0000 - 0x00007ffdb2c10000 	C:\WINDOWS\System32\win32u.dll
0x00007ffdb3360000 - 0x00007ffdb3389000 	C:\WINDOWS\System32\GDI32.dll
0x00007ffdb2ec0000 - 0x00007ffdb305a000 	C:\WINDOWS\System32\gdi32full.dll
0x00007ffdb2250000 - 0x00007ffdb22f0000 	C:\WINDOWS\System32\msvcp_win.dll
0x00007ffdb2af0000 - 0x00007ffdb2bec000 	C:\WINDOWS\System32\ucrtbase.dll
0x00007ffda1aa0000 - 0x00007ffda1d19000 	C:\WINDOWS\WinSxS\amd64_microsoft.windows.common-controls_6595b64144ccf1df_6.0.17763.194_none_05b3366207211c42\COMCTL32.dll
0x00007ffdb3390000 - 0x00007ffdb36bd000 	C:\WINDOWS\System32\combase.dll
0x00007ffdb2c60000 - 0x00007ffdb2cde000 	C:\WINDOWS\System32\bcryptPrimitives.dll
0x00007ffdb3d30000 - 0x00007ffdb3d5e000 	C:\WINDOWS\System32\IMM32.DLL
0x0000000066670000 - 0x0000000066742000 	C:\Program Files\Android\Android Studio\jre\jre\bin\msvcr100.dll
0x000000006a070000 - 0x000000006a8b1000 	C:\Program Files\Android\Android Studio\jre\jre\bin\server\jvm.dll
0x00007ffdb59e0000 - 0x00007ffdb59e8000 	C:\WINDOWS\System32\PSAPI.DLL
0x00007ffda33f0000 - 0x00007ffda33f9000 	C:\WINDOWS\SYSTEM32\WSOCK32.dll
0x00007ffdb5a80000 - 0x00007ffdb5aed000 	C:\WINDOWS\System32\WS2_32.dll
0x00007ffda75d0000 - 0x00007ffda75f4000 	C:\WINDOWS\SYSTEM32\WINMM.dll
0x00007ffda66f0000 - 0x00007ffda66fa000 	C:\WINDOWS\SYSTEM32\VERSION.dll
0x00007ffda6ab0000 - 0x00007ffda6add000 	C:\WINDOWS\SYSTEM32\WINMMBASE.dll
0x00007ffdb2c10000 - 0x00007ffdb2c5a000 	C:\WINDOWS\System32\cfgmgr32.dll
0x00007ffdb0410000 - 0x00007ffdb041f000 	C:\Program Files\Android\Android Studio\jre\jre\bin\verify.dll
0x00007ffdb01a0000 - 0x00007ffdb01c9000 	C:\Program Files\Android\Android Studio\jre\jre\bin\java.dll
0x00007ffdb01e0000 - 0x00007ffdb01f6000 	C:\Program Files\Android\Android Studio\jre\jre\bin\zip.dll
0x00007ffdb3d60000 - 0x00007ffdb524f000 	C:\WINDOWS\System32\SHELL32.dll
0x00007ffdb5cc0000 - 0x00007ffdb5d68000 	C:\WINDOWS\System32\shcore.dll
0x00007ffdb23a0000 - 0x00007ffdb2aea000 	C:\WINDOWS\System32\windows.storage.dll
0x00007ffdb21d0000 - 0x00007ffdb21f4000 	C:\WINDOWS\System32\profapi.dll
0x00007ffdb2170000 - 0x00007ffdb21cd000 	C:\WINDOWS\System32\powrprof.dll
0x00007ffdb3960000 - 0x00007ffdb39b2000 	C:\WINDOWS\System32\shlwapi.dll
0x00007ffdb2130000 - 0x00007ffdb2141000 	C:\WINDOWS\System32\kernel.appcore.dll
0x00007ffdb2230000 - 0x00007ffdb2247000 	C:\WINDOWS\System32\cryptsp.dll
0x00007ffdb0180000 - 0x00007ffdb019a000 	C:\Program Files\Android\Android Studio\jre\jre\bin\net.dll
0x00007ffdb1960000 - 0x00007ffdb19c7000 	C:\WINDOWS\system32\mswsock.dll
0x00007ffdb0160000 - 0x00007ffdb0171000 	C:\Program Files\Android\Android Studio\jre\jre\bin\nio.dll
0x00007ffdaa8b0000 - 0x00007ffdaa8ce000 	C:\Users\Forntoh\.gradle\native\25\windows-amd64\native-platform.dll
0x00007ffdb03f0000 - 0x00007ffdb03fd000 	C:\Program Files\Android\Android Studio\jre\jre\bin\management.dll
0x00007ffdb1520000 - 0x00007ffdb1553000 	C:\WINDOWS\system32\rsaenh.dll
0x00007ffdb2200000 - 0x00007ffdb2226000 	C:\WINDOWS\System32\bcrypt.dll
0x00007ffdb2030000 - 0x00007ffdb2058000 	C:\WINDOWS\SYSTEM32\USERENV.dll
0x00007ffdb1b30000 - 0x00007ffdb1b3c000 	C:\WINDOWS\SYSTEM32\CRYPTBASE.dll
0x00007ffdb16c0000 - 0x00007ffdb16fd000 	C:\WINDOWS\SYSTEM32\IPHLPAPI.DLL
0x00007ffdb59f0000 - 0x00007ffdb59f8000 	C:\WINDOWS\System32\NSI.dll
0x00007ffdace60000 - 0x00007ffdace76000 	C:\WINDOWS\SYSTEM32\dhcpcsvc6.DLL
0x00007ffdacdf0000 - 0x00007ffdace0c000 	C:\WINDOWS\SYSTEM32\dhcpcsvc.DLL
0x00007ffdb1700000 - 0x00007ffdb17c6000 	C:\WINDOWS\SYSTEM32\DNSAPI.dll
0x00007ffdafed0000 - 0x00007ffdafef4000 	C:\Program Files\Android\Android Studio\jre\jre\bin\sunec.dll
0x00007ffdaa980000 - 0x00007ffdaa98a000 	C:\Windows\System32\rasadhlp.dll
0x00007ffdabd20000 - 0x00007ffdabd99000 	C:\WINDOWS\System32\fwpuclnt.dll
0x00007ffdafe30000 - 0x00007ffdafe3b000 	C:\Program Files\Android\Android Studio\jre\jre\bin\sunmscapi.dll
0x00007ffdb2ce0000 - 0x00007ffdb2ebb000 	C:\WINDOWS\System32\CRYPT32.dll
0x00007ffdb2150000 - 0x00007ffdb2162000 	C:\WINDOWS\System32\MSASN1.dll
0x00007ffdafdc0000 - 0x00007ffdafdde000 	C:\Users\Forntoh\AppData\Local\Temp\native-platform6356942884310279595dir\native-platform.dll

VM Arguments:
jvm_args: -Xmx1536m -Dfile.encoding=windows-1252 -Duser.country=US -Duser.language=en -Duser.variant 
java_command: org.gradle.launcher.daemon.bootstrap.GradleDaemon 4.6
java_class_path (initial): C:\Users\Forntoh\.gradle\wrapper\dists\gradle-4.6-all\bcst21l2brirad8k2ben1letg\gradle-4.6\lib\gradle-launcher-4.6.jar
Launcher Type: SUN_STANDARD

Environment Variables:
PATH=C:\Program Files (x86)\Microchip\MPLAB C30\bin;C:\Python36\;C:\Python36\Scripts\;C:\Python27\;C:\Python27\Scripts;C:\ProgramData\Oracle\Java\javapath;C:\WINDOWS\system32;C:\WINDOWS;C:\WINDOWS\System32\Wbem;C:\WINDOWS\System32\WindowsPowerShell\v1.0\;D:\Android_Utils\SDK\platform-tools;D:\AI\OpenCV\opencv\build\x64\vc14\bin;D:\Programs\wamp\bin\php\php7.1.11;C:\composer;C:\Program Files\Git\cmd;C:\Program Files\Git\mingw64\bin;C:\Program Files\Git\usr\bin;C:\Program Files\nodejs\;C:\Users\Forntoh\AppData\Local\Microsoft\WindowsApps;C:\Users\Forntoh\AppData\Roaming\Composer\vendor\bin;C:\Program Files\Microsoft VS Code\bin;C:\Users\Forntoh\AppData\Roaming\npm;C:\Program Files\Heroku\bin;C:\adb;C:\Program Files\Java\jdk1.8.0_131\bin;D:\Programs\wamp\bin\mysql\mysql5.7.9\bin;C:\Program Files (x86)\HI-TECH Software\PICC\LITE\9.60\bin;C:\Program Files (x86)\Windows Kits\10\Windows Performance Toolkit\;C:\WINDOWS\system32;C:\WINDOWS;C:\WINDOWS\System32\Wbem;C:\WINDOWS\System32\WindowsPowerShell\v1.0\;C:\Program Files\PostgreSQL\10\bin;;C:\WINDOWS\System32\OpenSSH\;C:\Ruby24-x64\bin;C:\Users\Forntoh\AppData\Local\Microsoft\WindowsApps;C:\Users\Forntoh\AppData\Roaming\Composer\vendor\bin;C:\Program Files\Microsoft VS Code\bin;C:\Users\Forntoh\AppData\Roaming\npm;C:\Program Files\Heroku\bin;C:\Program Files\Java\jdk1.8.0_131\bin;D:\Programs\wamp\bin\mysql\mysql5.7.9\bin;C:\Program Files\PostgreSQL\10\bin;
USERNAME=Forntoh
OS=Windows_NT
PROCESSOR_IDENTIFIER=Intel64 Family 6 Model 42 Stepping 7, GenuineIntel



---------------  S Y S T E M  ---------------

OS: Windows 10.0 , 64 bit Build 17763 (10.0.17763.1)

CPU:total 2 (initial active 2) (2 cores per cpu, 1 threads per core) family 6 model 42 stepping 7, cmov, cx8, fxsr, mmx, sse, sse2, sse3, ssse3, sse4.1, sse4.2, popcnt, clmul, tsc, tscinvbit

Memory: 4k page, physical 8275764k(788788k free), swap 12470068k(3336k free)

vm_info: OpenJDK 64-Bit Server VM (25.152-b06) for windows-amd64 JRE (1.8.0_152-release-1136-b06), built by "builder" with MS VC++ 10.0 (VS2010)

time: Mon Dec 31 18:27:40 2018
elapsed time: 399 seconds (0d 0h 6m 39s)

