#
# A fatal error has been detected by the Java Runtime Environment:
#
#  EXCEPTION_ACCESS_VIOLATION (0xc0000005) at pc=0x0000000050b8ca77, pid=12600, tid=0x00000000000092dc
#
# JRE version: OpenJDK Runtime Environment (8.0_152-b06) (build 1.8.0_152-release-1136-b06)
# Java VM: OpenJDK 64-Bit Server VM (25.152-b06 mixed mode windows-amd64 compressed oops)
# Problematic frame:
# V  [jvm.dll+0x1eca77]
#
# Failed to write core dump. Minidumps are not enabled by default on client versions of Windows
#
# If you would like to submit a bug report, please visit:
#   http://bugreport.java.com/bugreport/crash.jsp
#

---------------  T H R E A D  ---------------

Current thread (0x000000001ab46800):  JavaThread "ForkJoinPool-1-worker-0" daemon [_thread_in_vm, id=37596, stack(0x0000000025840000,0x0000000025940000)]

siginfo: ExceptionCode=0xc0000005, writing address 0x0000000025935bc0

Registers:
RAX=0x0000000025935bc0, RBX=0x0000000000000007, RCX=0x0000000000006000, RDX=0x0000000000000015
RSP=0x000000002593bbc0, RBP=0x0000000000000000, RSI=0x000000002593bbc0, RDI=0x0000000000000007
R8 =0x0000000000000015, R9 =0x000000001e0be080, R10=0x00000000154d7768, R11=0x000000002584a148
R12=0x000000001e0be080, R13=0x000000001ab46800, R14=0x000000002593bc88, R15=0x00000000154d7768
RIP=0x0000000050b8ca77, EFLAGS=0x0000000000010206

Top of Stack: (sp=0x000000002593bbc0)
0x000000002593bbc0:   293c019109e2f48a c88af8c4894f3172
0x000000002593bbd0:   000000001ab46800 000000001e0be080
0x000000002593bbe0:   00000000ffffffff 0000000050b8d9a7
0x000000002593bbf0:   000000002593bcf0 00000000154d7768
0x000000002593bc00:   000000001ab46800 78b5a3cbc2345979
0x000000002593bc10:   55e7368caf01b445 135e5cf4757933d1
0x000000002593bc20:   e8baf217a36bc7ed 826886f38d1f5e48
0x000000002593bc30:   00000000154d7768 000000001ab46800
0x000000002593bc40:   00000000026f3920 d13de31f4777847d
0x000000002593bc50:   7d1bde55f464fcfd 9fd1fde4bf45f78f
0x000000002593bc60:   4e41fa83e65540f9 e80eab3d46b0f30b
0x000000002593bc70:   74d62073d48d35c7 00000000154d7768
0x000000002593bc80:   000000001ab46800 00000000183b2e40
0x000000002593bc90:   0000000002623230 0000000050c07658
0x000000002593bca0:   000000002593bec8 000000002308d7fc
0x000000002593bcb0:   0000000000000000 0000006502000002 

Instructions: (pc=0x0000000050b8ca77)
0x0000000050b8ca57:   48 89 6c 24 30 33 ed 66 90 e8 0b c0 07 00 ff c3
0x0000000050b8ca67:   48 63 c8 48 8b c6 48 0f af cf 48 ff c7 48 2b c1
0x0000000050b8ca77:   89 28 48 63 c3 48 3b 05 25 5b 57 00 7e db 48 8b
0x0000000050b8ca87:   6c 24 30 48 8b 5c 24 38 48 8b 74 24 40 48 83 c4 


Register to memory mapping:

RAX=0x0000000025935bc0 is pointing into the stack for thread: 0x000000001ab46800
RBX=0x0000000000000007 is an unknown value
RCX=0x0000000000006000 is an unknown value
RDX=0x0000000000000015 is an unknown value
RSP=0x000000002593bbc0 is pointing into the stack for thread: 0x000000001ab46800
RBP=0x0000000000000000 is an unknown value
RSI=0x000000002593bbc0 is pointing into the stack for thread: 0x000000001ab46800
RDI=0x0000000000000007 is an unknown value
R8 =0x0000000000000015 is an unknown value
R9 =0x000000001e0be080 is an unknown value
R10={method} {0x00000000154d7770} '<init>' '()V' in 'java/lang/OutOfMemoryError'
R11=0x000000002584a148 is pointing into the stack for thread: 0x000000001ab46800
R12=0x000000001e0be080 is an unknown value
R13=0x000000001ab46800 is a thread
R14=0x000000002593bc88 is pointing into the stack for thread: 0x000000001ab46800
R15={method} {0x00000000154d7770} '<init>' '()V' in 'java/lang/OutOfMemoryError'


Stack: [0x0000000025840000,0x0000000025940000],  sp=0x000000002593bbc0,  free space=1006k
Native frames: (J=compiled Java code, j=interpreted, Vv=VM code, C=native code)

Java frames: (J=compiled Java code, j=interpreted, Vv=VM code)
J 463  java.lang.ClassLoader.defineClass1(Ljava/lang/String;[BIILjava/security/ProtectionDomain;Ljava/lang/String;)Ljava/lang/Class; (0 bytes) @ 0x00000000028fef1f [0x00000000028fee80+0x9f]
J 10157 C1 java.lang.ClassLoader.defineClass(Ljava/lang/String;[BIILjava/security/ProtectionDomain;)Ljava/lang/Class; (43 bytes) @ 0x0000000002ffa524 [0x0000000002ff9f40+0x5e4]
J 3822 C2 java.security.SecureClassLoader.defineClass(Ljava/lang/String;[BIILjava/security/CodeSource;)Ljava/lang/Class; (16 bytes) @ 0x00000000033befac [0x00000000033bd820+0x178c]
J 9839 C2 java.net.URLClassLoader$1.run()Ljava/lang/Object; (5 bytes) @ 0x00000000043159c0 [0x0000000004314d40+0xc80]
v  ~StubRoutines::call_stub
J 235  java.security.AccessController.doPrivileged(Ljava/security/PrivilegedExceptionAction;Ljava/security/AccessControlContext;)Ljava/lang/Object; (0 bytes) @ 0x0000000002861326 [0x00000000028612c0+0x66]
J 1378 C2 java.net.URLClassLoader.findClass(Ljava/lang/String;)Ljava/lang/Class; (47 bytes) @ 0x0000000002bb51f0 [0x0000000002bb5160+0x90]
J 3315 C2 java.lang.ClassLoader.loadClass(Ljava/lang/String;Z)Ljava/lang/Class; (122 bytes) @ 0x000000000319bbd4 [0x000000000319b7c0+0x414]
J 3135 C2 java.lang.ClassLoader.loadClass(Ljava/lang/String;)Ljava/lang/Class; (7 bytes) @ 0x00000000030c8200 [0x00000000030c81c0+0x40]
v  ~StubRoutines::call_stub
j  com.android.tools.r8.dex.DexParser.parseCodeItem()Lcom/android/tools/r8/graph/DexCode;+431
j  com.android.tools.r8.dex.DexParser.ensureCodesInited()V+83
j  com.android.tools.r8.dex.DexParser.addClassDefsTo(Ljava/util/function/Consumer;)V+1
j  com.android.tools.r8.dex.ApplicationReader$ClassReader.lambda$readDexSources$0(Lcom/android/tools/r8/dex/DexParser;Lcom/android/tools/r8/graph/ClassKind;Ljava/util/Queue;)V+16
j  com.android.tools.r8.dex.ApplicationReader$ClassReader$$Lambda$610.run()V+12
j  java.util.concurrent.ForkJoinTask$AdaptedRunnableAction.exec()Z+4
J 8936 C1 java.util.concurrent.ForkJoinTask.doExec()I (37 bytes) @ 0x000000000356b1cc [0x000000000356b080+0x14c]
J 8850 C1 java.util.concurrent.ForkJoinPool$WorkQueue.runTask(Ljava/util/concurrent/ForkJoinTask;)V (86 bytes) @ 0x0000000003d9f2dc [0x0000000003d9f160+0x17c]
j  java.util.concurrent.ForkJoinPool.runWorker(Ljava/util/concurrent/ForkJoinPool$WorkQueue;)V+35
j  java.util.concurrent.ForkJoinWorkerThread.run()V+24
v  ~StubRoutines::call_stub

---------------  P R O C E S S  ---------------

Java Threads: ( => current thread )
=>0x000000001ab46800 JavaThread "ForkJoinPool-1-worker-0" daemon [_thread_in_vm, id=37596, stack(0x0000000025840000,0x0000000025940000)]
  0x000000001ab3a800 JavaThread "ForkJoinPool-1-worker-1" daemon [_thread_blocked, id=25456, stack(0x0000000025740000,0x0000000025840000)]
  0x000000001ab39800 JavaThread "Cache worker for Build Output Cleanup Cache (D:\Android_Utils\Projects\BableSchool\.gradle\buildOutputCleanup)" [_thread_blocked, id=24876, stack(0x0000000021890000,0x0000000021990000)]
  0x000000001ab3f800 JavaThread "Cache worker for task history cache (D:\Android_Utils\Projects\BableSchool\.gradle\4.10.1\taskHistory)" [_thread_blocked, id=34864, stack(0x0000000021790000,0x0000000021890000)]
  0x000000001ab3f000 JavaThread "Task worker for ':'" [_thread_blocked, id=1568, stack(0x0000000021690000,0x0000000021790000)]
  0x000000001ab3e000 JavaThread "Cache worker for file content cache (D:\Android_Utils\Projects\BableSchool\.gradle\4.10.1\fileContent)" [_thread_blocked, id=41844, stack(0x0000000021590000,0x0000000021690000)]
  0x000000001ab3d800 JavaThread "Cache worker for file content cache (C:\Users\Forntoh\.gradle\caches\4.10.1\fileContent)" [_thread_blocked, id=26660, stack(0x0000000021490000,0x0000000021590000)]
  0x000000001ab3c800 JavaThread "Memory manager" [_thread_blocked, id=39108, stack(0x000000001fdc0000,0x000000001fec0000)]
  0x000000001a149000 JavaThread "Build operations Thread 2" [_thread_blocked, id=29836, stack(0x000000001d4e0000,0x000000001d5e0000)]
  0x000000001a14f000 JavaThread "Build operations" [_thread_blocked, id=39624, stack(0x000000001d3e0000,0x000000001d4e0000)]
  0x000000001a14d800 JavaThread "Cache worker for Artifact transforms cache (C:\Users\Forntoh\.gradle\caches\transforms-1)" [_thread_blocked, id=10564, stack(0x000000001d0e0000,0x000000001d1e0000)]
  0x000000001a150000 JavaThread "Cache worker for cache directory md-rule (C:\Users\Forntoh\.gradle\caches\4.10.1\md-rule)" [_thread_blocked, id=29996, stack(0x000000001cfe0000,0x000000001d0e0000)]
  0x000000001a14a800 JavaThread "Cache worker for cache directory md-supplier (C:\Users\Forntoh\.gradle\caches\4.10.1\md-supplier)" [_thread_blocked, id=21344, stack(0x000000001cee0000,0x000000001cfe0000)]
  0x000000001a14c000 JavaThread "Cache worker for journal cache (C:\Users\Forntoh\.gradle\caches\journal-1)" [_thread_blocked, id=26796, stack(0x000000001c7e0000,0x000000001c8e0000)]
  0x000000001a14e800 JavaThread "Cache worker for file hash cache (D:\Android_Utils\Projects\BableSchool\.gradle\4.10.1\fileHashes)" [_thread_blocked, id=37096, stack(0x000000001b260000,0x000000001b360000)]
  0x0000000018e0e000 JavaThread "File lock request listener" [_thread_in_native, id=1140, stack(0x000000001b160000,0x000000001b260000)]
  0x0000000018d81800 JavaThread "Cache worker for file hash cache (C:\Users\Forntoh\.gradle\caches\4.10.1\fileHashes)" [_thread_blocked, id=27512, stack(0x000000001b060000,0x000000001b160000)]
  0x00000000185c8000 JavaThread "Asynchronous log dispatcher for DefaultDaemonConnection: socket connection from /127.0.0.1:56494 to /127.0.0.1:56495" [_thread_blocked, id=36020, stack(0x0000000019c90000,0x0000000019d90000)]
  0x00000000185e5000 JavaThread "Daemon worker" [_thread_blocked, id=35192, stack(0x0000000019b90000,0x0000000019c90000)]
  0x0000000017802000 JavaThread "Cancel handler" [_thread_blocked, id=40028, stack(0x0000000019890000,0x0000000019990000)]
  0x00000000173ce800 JavaThread "Handler for socket connection from /127.0.0.1:56494 to /127.0.0.1:56495" [_thread_in_native, id=22084, stack(0x0000000019790000,0x0000000019890000)]
  0x00000000173d0800 JavaThread "Daemon" [_thread_blocked, id=41544, stack(0x0000000019690000,0x0000000019790000)]
  0x00000000173d0000 JavaThread "Daemon periodic checks" [_thread_blocked, id=8508, stack(0x0000000019590000,0x0000000019690000)]
  0x00000000172d1800 JavaThread "Incoming local TCP Connector on port 56494" [_thread_in_native, id=40900, stack(0x0000000019350000,0x0000000019450000)]
  0x0000000015e71800 JavaThread "Service Thread" daemon [_thread_blocked, id=38384, stack(0x0000000017040000,0x0000000017140000)]
  0x0000000015e07800 JavaThread "C1 CompilerThread1" daemon [_thread_blocked, id=34260, stack(0x0000000016f40000,0x0000000017040000)]
  0x0000000015e04800 JavaThread "C2 CompilerThread0" daemon [_thread_blocked, id=23864, stack(0x0000000016e40000,0x0000000016f40000)]
  0x0000000015e15800 JavaThread "Attach Listener" daemon [_thread_blocked, id=37856, stack(0x0000000016d40000,0x0000000016e40000)]
  0x0000000015e12000 JavaThread "Signal Dispatcher" daemon [_thread_blocked, id=39192, stack(0x0000000016c40000,0x0000000016d40000)]
  0x0000000015de8800 JavaThread "Finalizer" daemon [_thread_blocked, id=37444, stack(0x0000000016a40000,0x0000000016b40000)]
  0x0000000015dc6000 JavaThread "Reference Handler" daemon [_thread_blocked, id=27504, stack(0x0000000016940000,0x0000000016a40000)]
  0x00000000023de000 JavaThread "main" [_thread_blocked, id=2556, stack(0x00000000024e0000,0x00000000025e0000)]

Other Threads:
  0x0000000015dbc800 VMThread [stack: 0x0000000016840000,0x0000000016940000] [id=24460]
  0x0000000015e75800 WatcherThread [stack: 0x0000000017140000,0x0000000017240000] [id=39244]

VM state:not at safepoint (normal execution)

VM Mutex/Monitor currently owned by a thread: None

Heap:
 PSYoungGen      total 327168K, used 181550K [0x00000000e0000000, 0x00000000fa580000, 0x0000000100000000)
  eden space 279552K, 51% used [0x00000000e0000000,0x00000000e8b5eda8,0x00000000f1100000)
  from space 47616K, 81% used [0x00000000f1100000,0x00000000f36ecca8,0x00000000f3f80000)
  to   space 51712K, 0% used [0x00000000f7300000,0x00000000f7300000,0x00000000fa580000)
 ParOldGen       total 138752K, used 82810K [0x00000000a0000000, 0x00000000a8780000, 0x00000000e0000000)
  object space 138752K, 59% used [0x00000000a0000000,0x00000000a50de820,0x00000000a8780000)
 Metaspace       used 77398K, capacity 80496K, committed 80688K, reserved 1120256K
  class space    used 10130K, capacity 10792K, committed 10800K, reserved 1048576K

Card table byte_map: [0x0000000011aa0000,0x0000000011db0000] byte_map_base: 0x00000000115a0000

Marking Bits: (ParMarkBitMap*) 0x0000000051165aa0
 Begin Bits: [0x00000000121b0000, 0x00000000139b0000)
 End Bits:   [0x00000000139b0000, 0x00000000151b0000)

Polling page: 0x0000000000850000

CodeCache: size=245760Kb used=38775Kb max_used=39224Kb free=206984Kb
 bounds [0x00000000026e0000, 0x0000000004d60000, 0x00000000116e0000]
 total_blobs=12546 nmethods=11698 adapters=760
 compilation: enabled

Compilation events (10 events):
Event: 169.473 Thread 0x0000000015e07800 13965       3       com.android.tools.r8.graph.ClassKind$$Lambda$399/924257249::get$Lambda (10 bytes)
Event: 169.474 Thread 0x0000000015e07800 nmethod 13965 0x0000000004942c10 code [0x0000000004942d80, 0x0000000004942ff0]
Event: 169.474 Thread 0x0000000015e07800 13966       3       com.android.tools.r8.graph.ClassKind$$Lambda$399/924257249::<init> (15 bytes)
Event: 169.475 Thread 0x0000000015e07800 nmethod 13966 0x0000000004996c10 code [0x0000000004996d60, 0x0000000004996f30]
Event: 169.478 Thread 0x0000000015e07800 13967       3       java.util.concurrent.ForkJoinTask$AdaptedRunnableAction::<init> (22 bytes)
Event: 169.478 Thread 0x0000000015e07800 nmethod 13967 0x000000000471b290 code [0x000000000471b400, 0x000000000471b728]
Event: 169.478 Thread 0x0000000015e07800 13968       3       java.util.concurrent.ForkJoinPool::submit (43 bytes)
Event: 169.479 Thread 0x0000000015e07800 nmethod 13968 0x0000000004453610 code [0x00000000044537e0, 0x0000000004453f88]
Event: 169.479 Thread 0x0000000015e07800 13969       3       com.android.tools.r8.graph.JarClassFileReader::<init> (15 bytes)
Event: 169.479 Thread 0x0000000015e07800 nmethod 13969 0x0000000004991150 code [0x00000000049912a0, 0x0000000004991470]

GC Heap History (10 events):
Event: 104.164 GC heap before
{Heap before GC invocations=22 (full 3):
 PSYoungGen      total 222208K, used 222165K [0x00000000e0000000, 0x00000000f0480000, 0x0000000100000000)
  eden space 195584K, 99% used [0x00000000e0000000,0x00000000ebef8e68,0x00000000ebf00000)
  from space 26624K, 99% used [0x00000000ede00000,0x00000000ef7fc6d8,0x00000000ef800000)
  to   space 31744K, 0% used [0x00000000ebf00000,0x00000000ebf00000,0x00000000ede00000)
 ParOldGen       total 138752K, used 40552K [0x00000000a0000000, 0x00000000a8780000, 0x00000000e0000000)
  object space 138752K, 29% used [0x00000000a0000000,0x00000000a279a168,0x00000000a8780000)
 Metaspace       used 67106K, capacity 69170K, committed 69424K, reserved 1110016K
  class space    used 8950K, capacity 9483K, committed 9520K, reserved 1048576K
Event: 104.315 GC heap after
Heap after GC invocations=22 (full 3):
 PSYoungGen      total 227328K, used 31720K [0x00000000e0000000, 0x00000000f4180000, 0x0000000100000000)
  eden space 195584K, 0% used [0x00000000e0000000,0x00000000e0000000,0x00000000ebf00000)
  from space 31744K, 99% used [0x00000000ebf00000,0x00000000eddfa0e0,0x00000000ede00000)
  to   space 44544K, 0% used [0x00000000f1600000,0x00000000f1600000,0x00000000f4180000)
 ParOldGen       total 138752K, used 62210K [0x00000000a0000000, 0x00000000a8780000, 0x00000000e0000000)
  object space 138752K, 44% used [0x00000000a0000000,0x00000000a3cc0b10,0x00000000a8780000)
 Metaspace       used 67106K, capacity 69170K, committed 69424K, reserved 1110016K
  class space    used 8950K, capacity 9483K, committed 9520K, reserved 1048576K
}
Event: 119.878 GC heap before
{Heap before GC invocations=23 (full 3):
 PSYoungGen      total 227328K, used 227304K [0x00000000e0000000, 0x00000000f4180000, 0x0000000100000000)
  eden space 195584K, 100% used [0x00000000e0000000,0x00000000ebf00000,0x00000000ebf00000)
  from space 31744K, 99% used [0x00000000ebf00000,0x00000000eddfa0e0,0x00000000ede00000)
  to   space 44544K, 0% used [0x00000000f1600000,0x00000000f1600000,0x00000000f4180000)
 ParOldGen       total 138752K, used 62210K [0x00000000a0000000, 0x00000000a8780000, 0x00000000e0000000)
  object space 138752K, 44% used [0x00000000a0000000,0x00000000a3cc0b10,0x00000000a8780000)
 Metaspace       used 75755K, capacity 78584K, committed 78768K, reserved 1118208K
  class space    used 9995K, capacity 10638K, committed 10672K, reserved 1048576K
Event: 120.033 GC heap after
Heap after GC invocations=23 (full 3):
 PSYoungGen      total 277504K, used 44522K [0x00000000e0000000, 0x00000000f4c80000, 0x0000000100000000)
  eden space 232960K, 0% used [0x00000000e0000000,0x00000000e0000000,0x00000000ee380000)
  from space 44544K, 99% used [0x00000000f1600000,0x00000000f417a9a8,0x00000000f4180000)
  to   space 51712K, 0% used [0x00000000ee380000,0x00000000ee380000,0x00000000f1600000)
 ParOldGen       total 138752K, used 62218K [0x00000000a0000000, 0x00000000a8780000, 0x00000000e0000000)
  object space 138752K, 44% used [0x00000000a0000000,0x00000000a3cc2b10,0x00000000a8780000)
 Metaspace       used 75755K, capacity 78584K, committed 78768K, reserved 1118208K
  class space    used 9995K, capacity 10638K, committed 10672K, reserved 1048576K
}
Event: 127.214 GC heap before
{Heap before GC invocations=24 (full 3):
 PSYoungGen      total 277504K, used 277482K [0x00000000e0000000, 0x00000000f4c80000, 0x0000000100000000)
  eden space 232960K, 100% used [0x00000000e0000000,0x00000000ee380000,0x00000000ee380000)
  from space 44544K, 99% used [0x00000000f1600000,0x00000000f417a9a8,0x00000000f4180000)
  to   space 51712K, 0% used [0x00000000ee380000,0x00000000ee380000,0x00000000f1600000)
 ParOldGen       total 138752K, used 62218K [0x00000000a0000000, 0x00000000a8780000, 0x00000000e0000000)
  object space 138752K, 44% used [0x00000000a0000000,0x00000000a3cc2b10,0x00000000a8780000)
 Metaspace       used 76753K, capacity 79638K, committed 79920K, reserved 1118208K
  class space    used 10061K, capacity 10707K, committed 10800K, reserved 1048576K
Event: 127.308 GC heap after
Heap after GC invocations=24 (full 3):
 PSYoungGen      total 284672K, used 25090K [0x00000000e0000000, 0x00000000f7380000, 0x0000000100000000)
  eden space 232960K, 0% used [0x00000000e0000000,0x00000000e0000000,0x00000000ee380000)
  from space 51712K, 48% used [0x00000000ee380000,0x00000000efc009d0,0x00000000f1600000)
  to   space 50176K, 0% used [0x00000000f4280000,0x00000000f4280000,0x00000000f7380000)
 ParOldGen       total 138752K, used 72701K [0x00000000a0000000, 0x00000000a8780000, 0x00000000e0000000)
  object space 138752K, 52% used [0x00000000a0000000,0x00000000a46ff700,0x00000000a8780000)
 Metaspace       used 76753K, capacity 79638K, committed 79920K, reserved 1118208K
  class space    used 10061K, capacity 10707K, committed 10800K, reserved 1048576K
}
Event: 134.486 GC heap before
{Heap before GC invocations=25 (full 3):
 PSYoungGen      total 284672K, used 258050K [0x00000000e0000000, 0x00000000f7380000, 0x0000000100000000)
  eden space 232960K, 100% used [0x00000000e0000000,0x00000000ee380000,0x00000000ee380000)
  from space 51712K, 48% used [0x00000000ee380000,0x00000000efc009d0,0x00000000f1600000)
  to   space 50176K, 0% used [0x00000000f4280000,0x00000000f4280000,0x00000000f7380000)
 ParOldGen       total 138752K, used 72701K [0x00000000a0000000, 0x00000000a8780000, 0x00000000e0000000)
  object space 138752K, 52% used [0x00000000a0000000,0x00000000a46ff700,0x00000000a8780000)
 Metaspace       used 76974K, capacity 79932K, committed 80176K, reserved 1118208K
  class space    used 10090K, capacity 10746K, committed 10800K, reserved 1048576K
Event: 134.602 GC heap after
Heap after GC invocations=25 (full 3):
 PSYoungGen      total 324096K, used 18795K [0x00000000e0000000, 0x00000000f6e00000, 0x0000000100000000)
  eden space 279552K, 0% used [0x00000000e0000000,0x00000000e0000000,0x00000000f1100000)
  from space 44544K, 42% used [0x00000000f4280000,0x00000000f54daec8,0x00000000f6e00000)
  to   space 47616K, 0% used [0x00000000f1100000,0x00000000f1100000,0x00000000f3f80000)
 ParOldGen       total 138752K, used 80165K [0x00000000a0000000, 0x00000000a8780000, 0x00000000e0000000)
  object space 138752K, 57% used [0x00000000a0000000,0x00000000a4e497c0,0x00000000a8780000)
 Metaspace       used 76974K, capacity 79932K, committed 80176K, reserved 1118208K
  class space    used 10090K, capacity 10746K, committed 10800K, reserved 1048576K
}
Event: 168.619 GC heap before
{Heap before GC invocations=26 (full 3):
 PSYoungGen      total 324096K, used 298347K [0x00000000e0000000, 0x00000000f6e00000, 0x0000000100000000)
  eden space 279552K, 100% used [0x00000000e0000000,0x00000000f1100000,0x00000000f1100000)
  from space 44544K, 42% used [0x00000000f4280000,0x00000000f54daec8,0x00000000f6e00000)
  to   space 47616K, 0% used [0x00000000f1100000,0x00000000f1100000,0x00000000f3f80000)
 ParOldGen       total 138752K, used 80165K [0x00000000a0000000, 0x00000000a8780000, 0x00000000e0000000)
  object space 138752K, 57% used [0x00000000a0000000,0x00000000a4e497c0,0x00000000a8780000)
 Metaspace       used 77342K, capacity 80344K, committed 80432K, reserved 1118208K
  class space    used 10125K, capacity 10788K, committed 10800K, reserved 1048576K
Event: 168.668 GC heap after
Heap after GC invocations=26 (full 3):
 PSYoungGen      total 327168K, used 38835K [0x00000000e0000000, 0x00000000fa580000, 0x0000000100000000)
  eden space 279552K, 0% used [0x00000000e0000000,0x00000000e0000000,0x00000000f1100000)
  from space 47616K, 81% used [0x00000000f1100000,0x00000000f36ecca8,0x00000000f3f80000)
  to   space 51712K, 0% used [0x00000000f7300000,0x00000000f7300000,0x00000000fa580000)
 ParOldGen       total 138752K, used 82810K [0x00000000a0000000, 0x00000000a8780000, 0x00000000e0000000)
  object space 138752K, 59% used [0x00000000a0000000,0x00000000a50de820,0x00000000a8780000)
 Metaspace       used 77342K, capacity 80344K, committed 80432K, reserved 1118208K
  class space    used 10125K, capacity 10788K, committed 10800K, reserved 1048576K
}

Deoptimization events (10 events):
Event: 140.728 Thread 0x000000001ab40800 Uncommon trap: reason=unstable_if action=reinterpret pc=0x000000000300a5a4 method=com.android.tools.r8.ir.code.ValueType.isWide()Z @ 18
Event: 145.409 Thread 0x000000001ab3f000 Uncommon trap: reason=bimorphic action=maybe_recompile pc=0x00000000043d7ac8 method=java.util.HashMap.removeNode(ILjava/lang/Object;Ljava/lang/Object;ZZ)Ljava/util/HashMap$Node; @ 143
Event: 145.410 Thread 0x000000001ab3f000 Uncommon trap: reason=bimorphic action=maybe_recompile pc=0x00000000043d7ac8 method=java.util.HashMap.removeNode(ILjava/lang/Object;Ljava/lang/Object;ZZ)Ljava/util/HashMap$Node; @ 143
Event: 145.410 Thread 0x000000001ab3f000 Uncommon trap: reason=bimorphic action=maybe_recompile pc=0x00000000028e793c method=java.util.HashMap.removeNode(ILjava/lang/Object;Ljava/lang/Object;ZZ)Ljava/util/HashMap$Node; @ 143
Event: 145.547 Thread 0x000000001ab3f000 Uncommon trap: reason=bimorphic action=maybe_recompile pc=0x0000000004000e30 method=java.io.BufferedInputStream.available()I @ 14
Event: 145.551 Thread 0x000000001ab3f000 Uncommon trap: reason=bimorphic action=maybe_recompile pc=0x0000000004000e30 method=java.io.BufferedInputStream.available()I @ 14
Event: 145.552 Thread 0x000000001ab3f000 Uncommon trap: reason=bimorphic action=maybe_recompile pc=0x0000000004000e30 method=java.io.BufferedInputStream.available()I @ 14
Event: 145.554 Thread 0x000000001ab3f000 Uncommon trap: reason=bimorphic action=maybe_recompile pc=0x0000000004000e30 method=java.io.BufferedInputStream.available()I @ 14
Event: 168.607 Thread 0x000000001ab3f000 Uncommon trap: reason=unstable_if action=reinterpret pc=0x0000000003717b94 method=java.nio.Bits.getShort(Ljava/nio/ByteBuffer;IZ)S @ 1
Event: 168.668 Thread 0x0000000015dc6000 Uncommon trap: reason=unstable_if action=reinterpret pc=0x00000000034626b4 method=java.lang.ref.Reference.tryHandlePending(Z)Z @ 20

Classes redefined (0 events):
No events

Internal exceptions (10 events):
Event: 142.560 Thread 0x000000001ab3f000 Exception <a 'sun/nio/fs/WindowsException'> (0x00000000ebba9858) thrown at [D:\src\AOSP-openjdk-cygwin\jdk8u\hotspot\src\share\vm\prims\jni.cpp, line 709]
Event: 142.561 Thread 0x000000001ab3f000 Exception <a 'sun/nio/fs/WindowsException'> (0x00000000ebbaa540) thrown at [D:\src\AOSP-openjdk-cygwin\jdk8u\hotspot\src\share\vm\prims\jni.cpp, line 709]
Event: 142.626 Thread 0x000000001ab3f000 Exception <a 'sun/nio/fs/WindowsException'> (0x00000000ebbd61e8) thrown at [D:\src\AOSP-openjdk-cygwin\jdk8u\hotspot\src\share\vm\prims\jni.cpp, line 709]
Event: 142.626 Thread 0x000000001ab3f000 Exception <a 'sun/nio/fs/WindowsException'> (0x00000000ebbd6eb8) thrown at [D:\src\AOSP-openjdk-cygwin\jdk8u\hotspot\src\share\vm\prims\jni.cpp, line 709]
Event: 168.549 Thread 0x000000001ab3f000 Exception <a 'sun/nio/fs/WindowsException'> (0x00000000f0d3c2d0) thrown at [D:\src\AOSP-openjdk-cygwin\jdk8u\hotspot\src\share\vm\prims\jni.cpp, line 709]
Event: 169.480 Thread 0x000000001ab3a800 StackOverflowError at 0x000000000288b258
Event: 169.480 Thread 0x000000001ab3a800 Exception <a 'java/lang/StackOverflowError'> (0x00000000e89e3880) thrown at [D:\src\AOSP-openjdk-cygwin\jdk8u\hotspot\src\share\vm\runtime\sharedRuntime.cpp, line 605]
Event: 169.481 Thread 0x000000001ab3a800 Exception <a 'java/lang/StackOverflowError'> (0x00000000e89e3880) thrown at [D:\src\AOSP-openjdk-cygwin\jdk8u\hotspot\src\share\vm\prims\jni.cpp, line 735]
Event: 169.481 Thread 0x000000001ab3a800 Exception <a 'java/lang/StackOverflowError'> (0x00000000e89e3880) thrown at [D:\src\AOSP-openjdk-cygwin\jdk8u\hotspot\src\share\vm\prims\jvm.cpp, line 1394]
Event: 169.481 Thread 0x000000001ab3a800 Exception <a 'java/lang/StackOverflowError'> (0x00000000e89e3880) thrown at [D:\src\AOSP-openjdk-cygwin\jdk8u\hotspot\src\share\vm\prims\jvm.cpp, line 1394]

Events (10 events):
Event: 169.476 loading class com/android/tools/r8/graph/DexDebugInfo
Event: 169.476 loading class com/android/tools/r8/graph/DexDebugInfo done
Event: 169.476 loading class com/android/tools/r8/dex/DexParser
Event: 169.476 loading class com/android/tools/r8/dex/DexParser done
Event: 169.477 loading class com/android/tools/r8/code/InstructionFactory
Event: 169.477 loading class com/android/tools/r8/code/InstructionFactory done
Event: 169.477 loading class com/android/tools/r8/code/BaseInstructionFactory
Event: 169.477 loading class com/android/tools/r8/code/BaseInstructionFactory done
Event: 169.479 Executing VM operation: RevokeBias
Event: 169.481 Executing VM operation: RevokeBias done


Dynamic libraries:
0x00007ff73e650000 - 0x00007ff73e681000 	C:\Program Files\Android\Android Studio\jre\bin\java.exe
0x00007ffeaf960000 - 0x00007ffeafb4d000 	C:\WINDOWS\SYSTEM32\ntdll.dll
0x00007ffead490000 - 0x00007ffead543000 	C:\WINDOWS\System32\KERNEL32.DLL
0x00007ffeac440000 - 0x00007ffeac6d3000 	C:\WINDOWS\System32\KERNELBASE.dll
0x00007ffeacc30000 - 0x00007ffeaccd3000 	C:\WINDOWS\System32\ADVAPI32.dll
0x00007ffead880000 - 0x00007ffead91e000 	C:\WINDOWS\System32\msvcrt.dll
0x00007ffeaf6d0000 - 0x00007ffeaf76e000 	C:\WINDOWS\System32\sechost.dll
0x00007ffead230000 - 0x00007ffead352000 	C:\WINDOWS\System32\RPCRT4.dll
0x00007ffeada70000 - 0x00007ffeadc07000 	C:\WINDOWS\System32\USER32.dll
0x00007ffeac9b0000 - 0x00007ffeac9d0000 	C:\WINDOWS\System32\win32u.dll
0x00007ffeadc40000 - 0x00007ffeadc69000 	C:\WINDOWS\System32\GDI32.dll
0x00007ffeac9d0000 - 0x00007ffeacb6a000 	C:\WINDOWS\System32\gdi32full.dll
0x00007ffeac790000 - 0x00007ffeac830000 	C:\WINDOWS\System32\msvcp_win.dll
0x00007ffeac830000 - 0x00007ffeac92c000 	C:\WINDOWS\System32\ucrtbase.dll
0x00007ffe985e0000 - 0x00007ffe98859000 	C:\WINDOWS\WinSxS\amd64_microsoft.windows.common-controls_6595b64144ccf1df_6.0.17763.253_none_05b2388e0721fece\COMCTL32.dll
0x00007ffeaf1e0000 - 0x00007ffeaf50d000 	C:\WINDOWS\System32\combase.dll
0x00007ffeac930000 - 0x00007ffeac9ae000 	C:\WINDOWS\System32\bcryptPrimitives.dll
0x00007ffeadc10000 - 0x00007ffeadc3e000 	C:\WINDOWS\System32\IMM32.DLL
0x00000000507e0000 - 0x00000000508b2000 	C:\Program Files\Android\Android Studio\jre\jre\bin\msvcr100.dll
0x00000000509a0000 - 0x00000000511e1000 	C:\Program Files\Android\Android Studio\jre\jre\bin\server\jvm.dll
0x00007ffeacb90000 - 0x00007ffeacb98000 	C:\WINDOWS\System32\PSAPI.DLL
0x00007ffe94f40000 - 0x00007ffe94f49000 	C:\WINDOWS\SYSTEM32\WSOCK32.dll
0x00007ffea8110000 - 0x00007ffea8134000 	C:\WINDOWS\SYSTEM32\WINMM.dll
0x00007ffead160000 - 0x00007ffead1cd000 	C:\WINDOWS\System32\WS2_32.dll
0x00007ffe9ef20000 - 0x00007ffe9ef2a000 	C:\WINDOWS\SYSTEM32\VERSION.dll
0x00007ffea7b20000 - 0x00007ffea7b4d000 	C:\WINDOWS\SYSTEM32\winmmbase.dll
0x00007ffeac3c0000 - 0x00007ffeac40a000 	C:\WINDOWS\System32\cfgmgr32.dll
0x00007ffea9000000 - 0x00007ffea900f000 	C:\Program Files\Android\Android Studio\jre\jre\bin\verify.dll
0x00007ffea6d90000 - 0x00007ffea6db9000 	C:\Program Files\Android\Android Studio\jre\jre\bin\java.dll
0x00007ffea6d70000 - 0x00007ffea6d86000 	C:\Program Files\Android\Android Studio\jre\jre\bin\zip.dll
0x00007ffeadc90000 - 0x00007ffeaf17f000 	C:\WINDOWS\System32\SHELL32.dll
0x00007ffeaf880000 - 0x00007ffeaf928000 	C:\WINDOWS\System32\shcore.dll
0x00007ffeabc10000 - 0x00007ffeac35a000 	C:\WINDOWS\System32\windows.storage.dll
0x00007ffeab9e0000 - 0x00007ffeaba04000 	C:\WINDOWS\System32\profapi.dll
0x00007ffeab980000 - 0x00007ffeab9dd000 	C:\WINDOWS\System32\powrprof.dll
0x00007ffead1d0000 - 0x00007ffead222000 	C:\WINDOWS\System32\shlwapi.dll
0x00007ffeaba10000 - 0x00007ffeaba21000 	C:\WINDOWS\System32\kernel.appcore.dll
0x00007ffeacb70000 - 0x00007ffeacb87000 	C:\WINDOWS\System32\cryptsp.dll
0x00007ffea61d0000 - 0x00007ffea61ea000 	C:\Program Files\Android\Android Studio\jre\jre\bin\net.dll
0x00007ffeab190000 - 0x00007ffeab1f7000 	C:\WINDOWS\system32\mswsock.dll
0x00007ffea61b0000 - 0x00007ffea61c1000 	C:\Program Files\Android\Android Studio\jre\jre\bin\nio.dll
0x00007ffea4e90000 - 0x00007ffea4eae000 	C:\Users\Forntoh\.gradle\native\25\windows-amd64\native-platform.dll
0x00007ffea6e30000 - 0x00007ffea6e3d000 	C:\Program Files\Android\Android Studio\jre\jre\bin\management.dll
0x00007ffeaad50000 - 0x00007ffeaad83000 	C:\WINDOWS\system32\rsaenh.dll
0x00007ffeac410000 - 0x00007ffeac436000 	C:\WINDOWS\System32\bcrypt.dll
0x00007ffeab860000 - 0x00007ffeab888000 	C:\WINDOWS\SYSTEM32\USERENV.dll
0x00007ffeab360000 - 0x00007ffeab36c000 	C:\WINDOWS\SYSTEM32\CRYPTBASE.dll
0x00007ffeaaef0000 - 0x00007ffeaaf2d000 	C:\WINDOWS\SYSTEM32\IPHLPAPI.DLL
0x00007ffeacba0000 - 0x00007ffeacba8000 	C:\WINDOWS\System32\NSI.dll
0x00007ffea1be0000 - 0x00007ffea1bf6000 	C:\WINDOWS\SYSTEM32\dhcpcsvc6.DLL
0x00007ffea19a0000 - 0x00007ffea19bc000 	C:\WINDOWS\SYSTEM32\dhcpcsvc.DLL
0x00007ffeaaf30000 - 0x00007ffeaaff6000 	C:\WINDOWS\SYSTEM32\DNSAPI.dll

VM Arguments:
jvm_args: -Xmx1536m -Dfile.encoding=windows-1252 -Duser.country=US -Duser.language=en -Duser.variant 
java_command: org.gradle.launcher.daemon.bootstrap.GradleDaemon 4.10.1
java_class_path (initial): C:\Users\Forntoh\.gradle\wrapper\dists\gradle-4.10.1-all\455itskqi2qtf0v2sja68alqd\gradle-4.10.1\lib\gradle-launcher-4.10.1.jar
Launcher Type: SUN_STANDARD

Environment Variables:
PATH=C:\Program Files (x86)\Microchip\MPLAB C30\bin;C:\Python36\;C:\Python36\Scripts\;C:\Python27\;C:\Python27\Scripts;C:\ProgramData\Oracle\Java\javapath;C:\WINDOWS\system32;C:\WINDOWS;C:\WINDOWS\System32\Wbem;C:\WINDOWS\System32\WindowsPowerShell\v1.0\;D:\Android_Utils\SDK\platform-tools;D:\AI\OpenCV\opencv\build\x64\vc14\bin;D:\Programs\wamp\bin\php\php7.1.11;C:\composer;C:\Program Files\Git\cmd;C:\Program Files\Git\mingw64\bin;C:\Program Files\Git\usr\bin;C:\Program Files\nodejs\;C:\Users\Forntoh\AppData\Local\Microsoft\WindowsApps;C:\Users\Forntoh\AppData\Roaming\Composer\vendor\bin;C:\Program Files\Microsoft VS Code\bin;C:\Users\Forntoh\AppData\Roaming\npm;C:\Program Files\Heroku\bin;C:\adb;C:\Program Files\Java\jdk1.8.0_131\bin;D:\Programs\wamp\bin\mysql\mysql5.7.9\bin;C:\Program Files (x86)\HI-TECH Software\PICC\LITE\9.60\bin;C:\Program Files (x86)\Windows Kits\10\Windows Performance Toolkit\;C:\WINDOWS\system32;C:\WINDOWS;C:\WINDOWS\System32\Wbem;C:\WINDOWS\System32\WindowsPowerShell\v1.0\;C:\Program Files\PostgreSQL\10\bin;;C:\WINDOWS\System32\OpenSSH\;C:\Ruby24-x64\bin;C:\Users\Forntoh\AppData\Local\Microsoft\WindowsApps;C:\Users\Forntoh\AppData\Roaming\Composer\vendor\bin;C:\Program Files\Microsoft VS Code\bin;C:\Users\Forntoh\AppData\Roaming\npm;C:\Program Files\Heroku\bin;C:\Program Files\Java\jdk1.8.0_131\bin;D:\Programs\wamp\bin\mysql\mysql5.7.9\bin;C:\Program Files\PostgreSQL\10\bin;
USERNAME=Forntoh
OS=Windows_NT
PROCESSOR_IDENTIFIER=Intel64 Family 6 Model 42 Stepping 7, GenuineIntel



---------------  S Y S T E M  ---------------

OS: Windows 10.0 , 64 bit Build 17763 (10.0.17763.1)

CPU:total 2 (initial active 2) (2 cores per cpu, 1 threads per core) family 6 model 42 stepping 7, cmov, cx8, fxsr, mmx, sse, sse2, sse3, ssse3, sse4.1, sse4.2, popcnt, clmul, tsc, tscinvbit

Memory: 4k page, physical 8275764k(1569972k free), swap 12470068k(5116k free)

vm_info: OpenJDK 64-Bit Server VM (25.152-b06) for windows-amd64 JRE (1.8.0_152-release-1136-b06), built by "builder" with MS VC++ 10.0 (VS2010)

time: Sun Jan 20 23:46:34 2019
elapsed time: 169 seconds (0d 0h 2m 49s)

