#
# There is insufficient memory for the Java Runtime Environment to continue.
# Native memory allocation (malloc) failed to allocate 32744 bytes for ChunkPool::allocate
# Possible reasons:
#   The system is out of physical RAM or swap space
#   In 32 bit mode, the process size limit was hit
# Possible solutions:
#   Reduce memory load on the system
#   Increase physical memory or swap space
#   Check if swap backing store is full
#   Use 64 bit Java on a 64 bit OS
#   Decrease Java heap size (-Xmx/-Xms)
#   Decrease number of Java threads
#   Decrease Java thread stack sizes (-Xss)
#   Set larger code cache with -XX:ReservedCodeCacheSize=
# This output file may be truncated or incomplete.
#
#  Out of Memory Error (allocation.cpp:273), pid=16232, tid=0x000000000000b858
#
# JRE version: OpenJDK Runtime Environment (8.0_152-b02) (build 1.8.0_152-release-1024-b02)
# Java VM: OpenJDK 64-Bit Server VM (25.152-b02 mixed mode windows-amd64 compressed oops)
# Failed to write core dump. Minidumps are not enabled by default on client versions of Windows
#

---------------  T H R E A D  ---------------

Current thread (0x0000000016874000):  JavaThread "C2 CompilerThread0" daemon [_thread_in_native, id=47192, stack(0x00000000177b0000,0x00000000178b0000)]

Stack: [0x00000000177b0000,0x00000000178b0000]
[error occurred during error reporting (printing stack bounds), id 0xc0000005]

Native frames: (J=compiled Java code, j=interpreted, Vv=VM code, C=native code)


Current CompileTask:
C2:  33913 1491       4       java.net.URLClassLoader$1::run (5 bytes)


---------------  P R O C E S S  ---------------

Java Threads: ( => current thread )
  0x0000000018ea5800 JavaThread "Cache worker for file hash cache (D:\Android_Utils\Projects\BableSchool\.gradle\4.4\fileHashes)" [_thread_blocked, id=46552, stack(0x000000001ac00000,0x000000001ad00000)]
  0x0000000017c4f800 JavaThread "File lock request listener" [_thread_in_native, id=47624, stack(0x000000001ab00000,0x000000001ac00000)]
  0x0000000017d72000 JavaThread "Cache worker for file hash cache (C:\Users\Forntoh\.gradle\caches\4.4\fileHashes)" [_thread_blocked, id=47572, stack(0x000000001aa00000,0x000000001ab00000)]
  0x0000000018c0f000 JavaThread "Stdin handler" [_thread_blocked, id=47944, stack(0x000000001a700000,0x000000001a800000)]
  0x0000000018c0e800 JavaThread "Asynchronous log dispatcher for DefaultDaemonConnection: socket connection from /127.0.0.1:4782 to /127.0.0.1:4783" [_thread_blocked, id=5396, stack(0x000000001a600000,0x000000001a700000)]
  0x000000001866d800 JavaThread "Daemon worker" [_thread_in_vm, id=42240, stack(0x000000001a500000,0x000000001a600000)]
  0x0000000018dd2800 JavaThread "Cancel handler" [_thread_blocked, id=39000, stack(0x000000001a400000,0x000000001a500000)]
  0x0000000018db2800 JavaThread "Handler for socket connection from /127.0.0.1:4782 to /127.0.0.1:4783" [_thread_in_native, id=47604, stack(0x000000001a100000,0x000000001a200000)]
  0x00000000182a0000 JavaThread "Daemon" [_thread_blocked, id=47704, stack(0x000000001a000000,0x000000001a100000)]
  0x00000000182a5000 JavaThread "Daemon periodic checks" [_thread_blocked, id=42964, stack(0x0000000019f00000,0x000000001a000000)]
  0x0000000018673800 JavaThread "Incoming local TCP Connector on port 4782" [_thread_in_native, id=45412, stack(0x0000000019cc0000,0x0000000019dc0000)]
  0x00000000168d4000 JavaThread "Service Thread" daemon [_thread_blocked, id=44952, stack(0x00000000179b0000,0x0000000017ab0000)]
  0x0000000016877800 JavaThread "C1 CompilerThread1" daemon [_thread_blocked, id=47532, stack(0x00000000178b0000,0x00000000179b0000)]
=>0x0000000016874000 JavaThread "C2 CompilerThread0" daemon [_thread_in_native, id=47192, stack(0x00000000177b0000,0x00000000178b0000)]
  0x0000000016883800 JavaThread "Attach Listener" daemon [_thread_blocked, id=44872, stack(0x00000000176b0000,0x00000000177b0000)]
  0x0000000016880000 JavaThread "Signal Dispatcher" daemon [_thread_blocked, id=47608, stack(0x00000000175b0000,0x00000000176b0000)]
  0x0000000016866800 JavaThread "Finalizer" daemon [_thread_blocked, id=47588, stack(0x00000000174b0000,0x00000000175b0000)]
  0x000000000313e000 JavaThread "Reference Handler" daemon [_thread_blocked, id=44096, stack(0x00000000173b0000,0x00000000174b0000)]
  0x0000000003052800 JavaThread "main" [_thread_blocked, id=47836, stack(0x0000000002e50000,0x0000000002f50000)]

Other Threads:
  0x0000000016843800 VMThread [stack: 0x00000000172b0000,0x00000000173b0000] [id=48024]
  0x00000000168d6800 WatcherThread [stack: 0x0000000017ab0000,0x0000000017bb0000] [id=43364]

VM state:not at safepoint (normal execution)

VM Mutex/Monitor currently owned by a thread: None

Heap:
 PSYoungGen      total 38400K, used 15501K [0x00000000e0000000, 0x00000000e2a80000, 0x0000000100000000)
  eden space 33280K, 31% used [0x00000000e0000000,0x00000000e0a259b8,0x00000000e2080000)
  from space 5120K, 99% used [0x00000000e2080000,0x00000000e257ddb8,0x00000000e2580000)
  to   space 5120K, 0% used [0x00000000e2580000,0x00000000e2580000,0x00000000e2a80000)
 ParOldGen       total 87552K, used 2300K [0x00000000a0000000, 0x00000000a5580000, 0x00000000e0000000)
  object space 87552K, 2% used [0x00000000a0000000,0x00000000a023f3e0,0x00000000a5580000)
 Metaspace       used 15622K, capacity 15926K, committed 16256K, reserved 1062912K
  class space    used 2193K, capacity 2315K, committed 2432K, reserved 1048576K

Card table byte_map: [0x0000000012510000,0x0000000012820000] byte_map_base: 0x0000000012010000

Marking Bits: (ParMarkBitMap*) 0x0000000068e74970
 Begin Bits: [0x0000000012c20000, 0x0000000014420000)
 End Bits:   [0x0000000014420000, 0x0000000015c20000)

Polling page: 0x0000000001470000

CodeCache: size=245760Kb used=4963Kb max_used=4963Kb free=240796Kb
 bounds [0x0000000003150000, 0x0000000003630000, 0x0000000012150000]
 total_blobs=1785 nmethods=1413 adapters=286
 compilation: enabled

Compilation events (10 events):
Event: 33.330 Thread 0x0000000016877800 1501       1       sun.misc.ProxyGenerator::access$800 (5 bytes)
Event: 33.330 Thread 0x0000000016877800 nmethod 1501 0x0000000003621610 code [0x0000000003621760, 0x0000000003621850]
Event: 33.332 Thread 0x0000000016877800 1502       3       java.lang.Class::arrayContentsEq (70 bytes)
Event: 33.332 Thread 0x0000000016877800 nmethod 1502 0x000000000362ac10 code [0x000000000362ada0, 0x000000000362b1d0]
Event: 33.340 Thread 0x0000000016877800 1503       3       sun.misc.ProxyGenerator::access$700 (7 bytes)
Event: 33.341 Thread 0x0000000016877800 nmethod 1503 0x000000000362b350 code [0x000000000362b4c0, 0x000000000362b6a8]
Event: 33.341 Thread 0x0000000016877800 1504       3       java.io.ByteArrayOutputStream::grow (43 bytes)
Event: 33.342 Thread 0x0000000016877800 nmethod 1504 0x000000000362b7d0 code [0x000000000362b980, 0x000000000362bf78]
Event: 33.429 Thread 0x0000000016877800 1505       3       java.util.ArrayList::isEmpty (13 bytes)
Event: 33.429 Thread 0x0000000016877800 nmethod 1505 0x0000000003621210 code [0x0000000003621360, 0x0000000003621510]

GC Heap History (6 events):
Event: 5.917 GC heap before
{Heap before GC invocations=1 (full 0):
 PSYoungGen      total 38400K, used 33280K [0x00000000e0000000, 0x00000000e2a80000, 0x0000000100000000)
  eden space 33280K, 100% used [0x00000000e0000000,0x00000000e2080000,0x00000000e2080000)
  from space 5120K, 0% used [0x00000000e2580000,0x00000000e2580000,0x00000000e2a80000)
  to   space 5120K, 0% used [0x00000000e2080000,0x00000000e2080000,0x00000000e2580000)
 ParOldGen       total 87552K, used 0K [0x00000000a0000000, 0x00000000a5580000, 0x00000000e0000000)
  object space 87552K, 0% used [0x00000000a0000000,0x00000000a0000000,0x00000000a5580000)
 Metaspace       used 6587K, capacity 6766K, committed 7040K, reserved 1056768K
  class space    used 804K, capacity 875K, committed 896K, reserved 1048576K
Event: 5.930 GC heap after
Heap after GC invocations=1 (full 0):
 PSYoungGen      total 38400K, used 4068K [0x00000000e0000000, 0x00000000e2a80000, 0x0000000100000000)
  eden space 33280K, 0% used [0x00000000e0000000,0x00000000e0000000,0x00000000e2080000)
  from space 5120K, 79% used [0x00000000e2080000,0x00000000e2479098,0x00000000e2580000)
  to   space 5120K, 0% used [0x00000000e2580000,0x00000000e2580000,0x00000000e2a80000)
 ParOldGen       total 87552K, used 8K [0x00000000a0000000, 0x00000000a5580000, 0x00000000e0000000)
  object space 87552K, 0% used [0x00000000a0000000,0x00000000a0002000,0x00000000a5580000)
 Metaspace       used 6587K, capacity 6766K, committed 7040K, reserved 1056768K
  class space    used 804K, capacity 875K, committed 896K, reserved 1048576K
}
Event: 29.038 GC heap before
{Heap before GC invocations=2 (full 0):
 PSYoungGen      total 38400K, used 37348K [0x00000000e0000000, 0x00000000e2a80000, 0x0000000100000000)
  eden space 33280K, 100% used [0x00000000e0000000,0x00000000e2080000,0x00000000e2080000)
  from space 5120K, 79% used [0x00000000e2080000,0x00000000e2479098,0x00000000e2580000)
  to   space 5120K, 0% used [0x00000000e2580000,0x00000000e2580000,0x00000000e2a80000)
 ParOldGen       total 87552K, used 8K [0x00000000a0000000, 0x00000000a5580000, 0x00000000e0000000)
  object space 87552K, 0% used [0x00000000a0000000,0x00000000a0002000,0x00000000a5580000)
 Metaspace       used 11344K, capacity 11614K, committed 11904K, reserved 1058816K
  class space    used 1497K, capacity 1593K, committed 1664K, reserved 1048576K
Event: 29.062 GC heap after
Heap after GC invocations=2 (full 0):
 PSYoungGen      total 38400K, used 5099K [0x00000000e0000000, 0x00000000e2a80000, 0x0000000100000000)
  eden space 33280K, 0% used [0x00000000e0000000,0x00000000e0000000,0x00000000e2080000)
  from space 5120K, 99% used [0x00000000e2580000,0x00000000e2a7ac38,0x00000000e2a80000)
  to   space 5120K, 0% used [0x00000000e2080000,0x00000000e2080000,0x00000000e2580000)
 ParOldGen       total 87552K, used 389K [0x00000000a0000000, 0x00000000a5580000, 0x00000000e0000000)
  object space 87552K, 0% used [0x00000000a0000000,0x00000000a0061678,0x00000000a5580000)
 Metaspace       used 11344K, capacity 11614K, committed 11904K, reserved 1058816K
  class space    used 1497K, capacity 1593K, committed 1664K, reserved 1048576K
}
Event: 32.655 GC heap before
{Heap before GC invocations=3 (full 0):
 PSYoungGen      total 38400K, used 38379K [0x00000000e0000000, 0x00000000e2a80000, 0x0000000100000000)
  eden space 33280K, 100% used [0x00000000e0000000,0x00000000e2080000,0x00000000e2080000)
  from space 5120K, 99% used [0x00000000e2580000,0x00000000e2a7ac38,0x00000000e2a80000)
  to   space 5120K, 0% used [0x00000000e2080000,0x00000000e2080000,0x00000000e2580000)
 ParOldGen       total 87552K, used 389K [0x00000000a0000000, 0x00000000a5580000, 0x00000000e0000000)
  object space 87552K, 0% used [0x00000000a0000000,0x00000000a0061678,0x00000000a5580000)
 Metaspace       used 14493K, capacity 14838K, committed 14976K, reserved 1062912K
  class space    used 2014K, capacity 2123K, committed 2176K, reserved 1048576K
Event: 32.730 GC heap after
Heap after GC invocations=3 (full 0):
 PSYoungGen      total 38400K, used 5111K [0x00000000e0000000, 0x00000000e2a80000, 0x0000000100000000)
  eden space 33280K, 0% used [0x00000000e0000000,0x00000000e0000000,0x00000000e2080000)
  from space 5120K, 99% used [0x00000000e2080000,0x00000000e257ddb8,0x00000000e2580000)
  to   space 5120K, 0% used [0x00000000e2580000,0x00000000e2580000,0x00000000e2a80000)
 ParOldGen       total 87552K, used 2300K [0x00000000a0000000, 0x00000000a5580000, 0x00000000e0000000)
  object space 87552K, 2% used [0x00000000a0000000,0x00000000a023f3e0,0x00000000a5580000)
 Metaspace       used 14493K, capacity 14838K, committed 14976K, reserved 1062912K
  class space    used 2014K, capacity 2123K, committed 2176K, reserved 1048576K
}

Deoptimization events (10 events):
Event: 7.530 Thread 0x0000000003052800 Uncommon trap: reason=bimorphic action=maybe_recompile pc=0x0000000003465b58 method=java.util.HashMap.putVal(ILjava/lang/Object;Ljava/lang/Object;ZZ)Ljava/lang/Object; @ 91
Event: 7.531 Thread 0x0000000003052800 Uncommon trap: reason=bimorphic action=maybe_recompile pc=0x0000000003465b58 method=java.util.HashMap.putVal(ILjava/lang/Object;Ljava/lang/Object;ZZ)Ljava/lang/Object; @ 91
Event: 7.533 Thread 0x0000000003052800 Uncommon trap: reason=bimorphic action=maybe_recompile pc=0x0000000003465b58 method=java.util.HashMap.putVal(ILjava/lang/Object;Ljava/lang/Object;ZZ)Ljava/lang/Object; @ 91
Event: 13.081 Thread 0x0000000003052800 Uncommon trap: reason=unstable_if action=reinterpret pc=0x00000000033ecd54 method=java.io.WinNTFileSystem.normalize(Ljava/lang/String;)Ljava/lang/String; @ 128
Event: 13.081 Thread 0x0000000003052800 Uncommon trap: reason=unstable_if action=reinterpret pc=0x0000000003451600 method=java.io.WinNTFileSystem.normalize(Ljava/lang/String;II)Ljava/lang/String; @ 90
Event: 29.119 Thread 0x0000000018db2800 Uncommon trap: reason=unstable_if action=reinterpret pc=0x00000000034fde54 method=java.util.concurrent.ConcurrentHashMap.putVal(Ljava/lang/Object;Ljava/lang/Object;Z)Ljava/lang/Object; @ 206
Event: 30.076 Thread 0x000000001866d800 Uncommon trap: reason=class_check action=maybe_recompile pc=0x00000000033e78d8 method=java.util.regex.Matcher.match(II)Z @ 86
Event: 31.295 Thread 0x000000001866d800 Uncommon trap: reason=class_check action=maybe_recompile pc=0x00000000033e78d8 method=java.util.regex.Matcher.match(II)Z @ 86
Event: 31.296 Thread 0x000000001866d800 Uncommon trap: reason=class_check action=maybe_recompile pc=0x00000000033ba99c method=java.util.regex.Matcher.match(II)Z @ 86
Event: 32.763 Thread 0x000000001866d800 Uncommon trap: reason=unstable_if action=reinterpret pc=0x00000000035fff74 method=java.lang.String.lastIndexOf([CII[CIII)I @ 66

Classes redefined (0 events):
No events

Internal exceptions (10 events):
Event: 29.284 Thread 0x0000000018db2800 Exception <a 'java/lang/NoSuchMethodError': <clinit>> (0x00000000e00fddf0) thrown at [D:\src\AOSP-openjdk-cygwin\jdk8u\hotspot\src\share\vm\prims\jni.cpp, line 1613]
Event: 29.285 Thread 0x0000000018db2800 Exception <a 'java/lang/NoSuchMethodError': <clinit>> (0x00000000e01068b8) thrown at [D:\src\AOSP-openjdk-cygwin\jdk8u\hotspot\src\share\vm\prims\jni.cpp, line 1613]
Event: 29.291 Thread 0x0000000018db2800 Exception <a 'java/lang/NoSuchMethodError': <clinit>> (0x00000000e0117f60) thrown at [D:\src\AOSP-openjdk-cygwin\jdk8u\hotspot\src\share\vm\prims\jni.cpp, line 1613]
Event: 29.463 Thread 0x0000000018db2800 Exception <a 'java/lang/NoSuchMethodError': <clinit>> (0x00000000e017d0f0) thrown at [D:\src\AOSP-openjdk-cygwin\jdk8u\hotspot\src\share\vm\prims\jni.cpp, line 1613]
Event: 29.601 Thread 0x0000000018db2800 Exception <a 'java/lang/NoSuchMethodError': <clinit>> (0x00000000e01a0838) thrown at [D:\src\AOSP-openjdk-cygwin\jdk8u\hotspot\src\share\vm\prims\jni.cpp, line 1613]
Event: 29.615 Thread 0x0000000018db2800 Exception <a 'java/lang/NoSuchMethodError': <clinit>> (0x00000000e01ca918) thrown at [D:\src\AOSP-openjdk-cygwin\jdk8u\hotspot\src\share\vm\prims\jni.cpp, line 1613]
Event: 29.645 Thread 0x0000000018db2800 Exception <a 'java/lang/NoSuchMethodError': <clinit>> (0x00000000e01d8560) thrown at [D:\src\AOSP-openjdk-cygwin\jdk8u\hotspot\src\share\vm\prims\jni.cpp, line 1613]
Event: 29.650 Thread 0x0000000018db2800 Exception <a 'java/lang/NoSuchMethodError': <clinit>> (0x00000000e01fcc40) thrown at [D:\src\AOSP-openjdk-cygwin\jdk8u\hotspot\src\share\vm\prims\jni.cpp, line 1613]
Event: 29.962 Thread 0x000000001866d800 Exception <a 'java/lang/NoSuchMethodError': <clinit>> (0x00000000e035eee0) thrown at [D:\src\AOSP-openjdk-cygwin\jdk8u\hotspot\src\share\vm\prims\jni.cpp, line 1613]
Event: 29.964 Thread 0x000000001866d800 Exception <a 'java/lang/NoSuchMethodError': <clinit>> (0x00000000e0367168) thrown at [D:\src\AOSP-openjdk-cygwin\jdk8u\hotspot\src\share\vm\prims\jni.cpp, line 1613]

Events (10 events):
Event: 33.827 loading class org/gradle/internal/metaobject/DynamicInvokeResult
Event: 33.827 loading class org/gradle/internal/metaobject/DynamicInvokeResult done
Event: 33.827 loading class org/gradle/api/internal/AsmBackedClassGenerator$ClassBuilderImpl$9
Event: 33.827 loading class org/gradle/api/internal/AsmBackedClassGenerator$ClassBuilderImpl$9 done
Event: 33.829 loading class org/gradle/api/internal/AsmBackedClassGenerator$ClassBuilderImpl$10
Event: 33.829 loading class org/gradle/api/internal/AsmBackedClassGenerator$ClassBuilderImpl$10 done
Event: 33.831 loading class org/gradle/api/internal/AsmBackedClassGenerator$ClassBuilderImpl$4
Event: 33.831 loading class org/gradle/api/internal/AsmBackedClassGenerator$ClassBuilderImpl$4 done
Event: 33.832 loading class org/gradle/api/internal/AsmBackedClassGenerator$ClassBuilderImpl$11
Event: 33.832 loading class org/gradle/api/internal/AsmBackedClassGenerator$ClassBuilderImpl$11 done


Dynamic libraries:
0x00007ff738360000 - 0x00007ff738391000 	C:\Program Files\Android\Android Studio\jre\bin\java.exe
0x00007ffd27180000 - 0x00007ffd27361000 	C:\WINDOWS\SYSTEM32\ntdll.dll
0x00007ffd24ac0000 - 0x00007ffd24b72000 	C:\WINDOWS\System32\KERNEL32.DLL
0x00007ffd23c60000 - 0x00007ffd23ed3000 	C:\WINDOWS\System32\KERNELBASE.dll
0x00007ffd26700000 - 0x00007ffd267a1000 	C:\WINDOWS\System32\ADVAPI32.dll
0x00007ffd24b80000 - 0x00007ffd24c1e000 	C:\WINDOWS\System32\msvcrt.dll
0x00007ffd270e0000 - 0x00007ffd2713b000 	C:\WINDOWS\System32\sechost.dll
0x00007ffd24e00000 - 0x00007ffd24f24000 	C:\WINDOWS\System32\RPCRT4.dll
0x00007ffd26b60000 - 0x00007ffd26cf0000 	C:\WINDOWS\System32\USER32.dll
0x00007ffd245f0000 - 0x00007ffd24610000 	C:\WINDOWS\System32\win32u.dll
0x00007ffd24c20000 - 0x00007ffd24c48000 	C:\WINDOWS\System32\GDI32.dll
0x00007ffd239c0000 - 0x00007ffd23b52000 	C:\WINDOWS\System32\gdi32full.dll
0x00007ffd237f0000 - 0x00007ffd2388f000 	C:\WINDOWS\System32\msvcp_win.dll
0x00007ffd23b60000 - 0x00007ffd23c5a000 	C:\WINDOWS\System32\ucrtbase.dll
0x00007ffd0cd40000 - 0x00007ffd0cfa9000 	C:\WINDOWS\WinSxS\amd64_microsoft.windows.common-controls_6595b64144ccf1df_6.0.17134.285_none_fb4297e330656775\COMCTL32.dll
0x00007ffd24f30000 - 0x00007ffd25253000 	C:\WINDOWS\System32\combase.dll
0x00007ffd23890000 - 0x00007ffd2390a000 	C:\WINDOWS\System32\bcryptPrimitives.dll
0x00007ffd267b0000 - 0x00007ffd267dd000 	C:\WINDOWS\System32\IMM32.DLL
0x0000000068fd0000 - 0x00000000690a2000 	C:\Program Files\Android\Android Studio\jre\jre\bin\msvcr100.dll
0x00000000686b0000 - 0x0000000068eef000 	C:\Program Files\Android\Android Studio\jre\jre\bin\server\jvm.dll
0x00007ffd26f60000 - 0x00007ffd26f68000 	C:\WINDOWS\System32\PSAPI.DLL
0x00007ffd1f670000 - 0x00007ffd1f679000 	C:\WINDOWS\SYSTEM32\WSOCK32.dll
0x00007ffd26f90000 - 0x00007ffd26ffc000 	C:\WINDOWS\System32\WS2_32.dll
0x00007ffd1c650000 - 0x00007ffd1c673000 	C:\WINDOWS\SYSTEM32\WINMM.dll
0x00007ffd201d0000 - 0x00007ffd201da000 	C:\WINDOWS\SYSTEM32\VERSION.dll
0x00007ffd1c620000 - 0x00007ffd1c64a000 	C:\WINDOWS\SYSTEM32\WINMMBASE.dll
0x00007ffd237a0000 - 0x00007ffd237e9000 	C:\WINDOWS\System32\cfgmgr32.dll
0x00007ffd1fe50000 - 0x00007ffd1fe5f000 	C:\Program Files\Android\Android Studio\jre\jre\bin\verify.dll
0x00007ffd1ba50000 - 0x00007ffd1ba79000 	C:\Program Files\Android\Android Studio\jre\jre\bin\java.dll
0x00007ffd1ba30000 - 0x00007ffd1ba46000 	C:\Program Files\Android\Android Studio\jre\jre\bin\zip.dll
0x00007ffd252c0000 - 0x00007ffd26700000 	C:\WINDOWS\System32\SHELL32.dll
0x00007ffd26950000 - 0x00007ffd269f9000 	C:\WINDOWS\System32\shcore.dll
0x00007ffd23ee0000 - 0x00007ffd245ed000 	C:\WINDOWS\System32\windows.storage.dll
0x00007ffd27000000 - 0x00007ffd27051000 	C:\WINDOWS\System32\shlwapi.dll
0x00007ffd234a0000 - 0x00007ffd234b1000 	C:\WINDOWS\System32\kernel.appcore.dll
0x00007ffd23530000 - 0x00007ffd2354f000 	C:\WINDOWS\System32\profapi.dll
0x00007ffd234e0000 - 0x00007ffd2352c000 	C:\WINDOWS\System32\powrprof.dll
0x00007ffd23490000 - 0x00007ffd2349a000 	C:\WINDOWS\System32\FLTLIB.DLL
0x00007ffd1ab20000 - 0x00007ffd1ab3a000 	C:\Program Files\Android\Android Studio\jre\jre\bin\net.dll
0x00007ffd22d00000 - 0x00007ffd22d66000 	C:\WINDOWS\system32\mswsock.dll
0x00007ffd191b0000 - 0x00007ffd191c1000 	C:\Program Files\Android\Android Studio\jre\jre\bin\nio.dll
0x00007ffd15860000 - 0x00007ffd1587e000 	C:\Users\Forntoh\.gradle\native\25\windows-amd64\native-platform.dll
0x00007ffd1fdc0000 - 0x00007ffd1fdcd000 	C:\Program Files\Android\Android Studio\jre\jre\bin\management.dll
0x00007ffd22ed0000 - 0x00007ffd22ee7000 	C:\WINDOWS\SYSTEM32\CRYPTSP.dll
0x00007ffd22890000 - 0x00007ffd228c3000 	C:\WINDOWS\system32\rsaenh.dll
0x00007ffd22ff0000 - 0x00007ffd23015000 	C:\WINDOWS\SYSTEM32\bcrypt.dll
0x00007ffd233c0000 - 0x00007ffd233e8000 	C:\WINDOWS\SYSTEM32\USERENV.dll
0x00007ffd22ec0000 - 0x00007ffd22ecb000 	C:\WINDOWS\SYSTEM32\CRYPTBASE.dll
0x00007ffd22a30000 - 0x00007ffd22a68000 	C:\WINDOWS\SYSTEM32\IPHLPAPI.DLL
0x00007ffd24c50000 - 0x00007ffd24c58000 	C:\WINDOWS\System32\NSI.dll
0x00007ffd1c680000 - 0x00007ffd1c696000 	C:\WINDOWS\SYSTEM32\dhcpcsvc6.DLL
0x00007ffd1c4f0000 - 0x00007ffd1c50a000 	C:\WINDOWS\SYSTEM32\dhcpcsvc.DLL

VM Arguments:
jvm_args: -Xmx1536m -Dfile.encoding=windows-1252 -Duser.country=US -Duser.language=en -Duser.variant 
java_command: org.gradle.launcher.daemon.bootstrap.GradleDaemon 4.4
java_class_path (initial): C:\Users\Forntoh\.gradle\wrapper\dists\gradle-4.4-all\9br9xq1tocpiv8o6njlyu5op1\gradle-4.4\lib\gradle-launcher-4.4.jar
Launcher Type: SUN_STANDARD

Environment Variables:
PATH=C:\Program Files (x86)\Microchip\MPLAB C30\bin;C:\Python36\;C:\Python36\Scripts\;C:\Python27\;C:\Python27\Scripts;C:\ProgramData\Oracle\Java\javapath;C:\WINDOWS\system32;C:\WINDOWS;C:\WINDOWS\System32\Wbem;C:\WINDOWS\System32\WindowsPowerShell\v1.0\;D:\Android_Utils\SDK\platform-tools;D:\AI\OpenCV\opencv\build\x64\vc14\bin;D:\Programs\wamp\bin\php\php7.1.11;C:\composer;C:\Program Files\Git\cmd;C:\Program Files\Git\mingw64\bin;C:\Program Files\Git\usr\bin;C:\Program Files\nodejs\;C:\Users\Forntoh\AppData\Local\Microsoft\WindowsApps;C:\Users\Forntoh\AppData\Roaming\Composer\vendor\bin;C:\Program Files\Microsoft VS Code\bin;C:\Users\Forntoh\AppData\Roaming\npm;C:\Program Files\Heroku\bin;C:\adb;C:\Program Files\Java\jdk1.8.0_131\bin;D:\Programs\wamp\bin\mysql\mysql5.7.9\bin;C:\Program Files (x86)\HI-TECH Software\PICC\LITE\9.60\bin;C:\Program Files (x86)\Windows Kits\10\Windows Performance Toolkit\;C:\WINDOWS\system32;C:\WINDOWS;C:\WINDOWS\System32\Wbem;C:\WINDOWS\System32\WindowsPowerShell\v1.0\;C:\Program Files\PostgreSQL\10\bin;;C:\WINDOWS\System32\OpenSSH\;C:\Ruby24-x64\bin;C:\Users\Forntoh\AppData\Local\Microsoft\WindowsApps;C:\Users\Forntoh\AppData\Roaming\Composer\vendor\bin;C:\Program Files\Microsoft VS Code\bin;C:\Users\Forntoh\AppData\Roaming\npm;C:\Program Files\Heroku\bin;C:\Program Files\Java\jdk1.8.0_131\bin;D:\Programs\wamp\bin\mysql\mysql5.7.9\bin;C:\Program Files\PostgreSQL\10\bin;
USERNAME=Forntoh
OS=Windows_NT
PROCESSOR_IDENTIFIER=Intel64 Family 6 Model 42 Stepping 7, GenuineIntel



---------------  S Y S T E M  ---------------

OS: Windows 10.0 , 64 bit Build 17134 (10.0.17134.1)

CPU:total 2 (initial active 2) (2 cores per cpu, 1 threads per core) family 6 model 42 stepping 7, cmov, cx8, fxsr, mmx, sse, sse2, sse3, ssse3, sse4.1, sse4.2, popcnt, clmul, tsc, tscinvbit

Memory: 4k page, physical 8275764k(1311572k free), swap 12470068k(6732k free)

vm_info: OpenJDK 64-Bit Server VM (25.152-b02) for windows-amd64 JRE (1.8.0_152-release-1024-b02), built by "builder" with MS VC++ 10.0 (VS2010)

time: Wed Sep 26 09:40:23 2018
elapsed time: 33 seconds (0d 0h 0m 33s)

