#
# There is insufficient memory for the Java Runtime Environment to continue.
# Native memory allocation (malloc) failed to allocate 1310576 bytes for Chunk::new
# Possible reasons:
#   The system is out of physical RAM or swap space
#   In 32 bit mode, the process size limit was hit
# Possible solutions:
#   Reduce memory load on the system
#   Increase physical memory or swap space
#   Check if swap backing store is full
#   Use 64 bit Java on a 64 bit OS
#   Decrease Java heap size (-Xmx/-Xms)
#   Decrease number of Java threads
#   Decrease Java thread stack sizes (-Xss)
#   Set larger code cache with -XX:ReservedCodeCacheSize=
# This output file may be truncated or incomplete.
#
#  Out of Memory Error (allocation.cpp:390), pid=49256, tid=0x0000000000010578
#
# JRE version: OpenJDK Runtime Environment (8.0_152-b06) (build 1.8.0_152-release-1136-b06)
# Java VM: OpenJDK 64-Bit Server VM (25.152-b06 mixed mode windows-amd64 compressed oops)
# Failed to write core dump. Minidumps are not enabled by default on client versions of Windows
#

---------------  T H R E A D  ---------------

Current thread (0x0000000016745800):  JavaThread "C2 CompilerThread0" daemon [_thread_in_native, id=66936, stack(0x0000000017790000,0x0000000017890000)]

Stack: [0x0000000017790000,0x0000000017890000]
[error occurred during error reporting (printing stack bounds), id 0xc0000005]

Native frames: (J=compiled Java code, j=interpreted, Vv=VM code, C=native code)


Current CompileTask:
C2: 141826 11109       4       com.sun.tools.javac.comp.TransTypes::addBridgeIfNeeded (491 bytes)


---------------  P R O C E S S  ---------------

Java Threads: ( => current thread )
  0x00000000193fb000 JavaThread "Cache worker for Java compile cache (D:\Android_Utils\Projects\BableSchool\.gradle\4.6\javaCompile)" [_thread_blocked, id=67432, stack(0x0000000022c80000,0x0000000022d80000)]
  0x00000000193f9800 JavaThread "RMI TCP Connection(idle)" daemon [_thread_blocked, id=67052, stack(0x0000000022b80000,0x0000000022c80000)]
  0x00000000193fd000 JavaThread "RMI TCP Connection(idle)" daemon [_thread_blocked, id=64724, stack(0x0000000022980000,0x0000000022a80000)]
  0x000000001c8ec000 JavaThread "RMI TCP Connection(idle)" daemon [_thread_blocked, id=66772, stack(0x0000000022780000,0x0000000022880000)]
  0x000000001c8e8000 JavaThread "RMI Reaper" [_thread_blocked, id=61048, stack(0x0000000022680000,0x0000000022780000)]
  0x000000001c8ec800 JavaThread "RMI TCP Accept-0" daemon [_thread_in_native, id=64492, stack(0x0000000022580000,0x0000000022680000)]
  0x000000001c8eb000 JavaThread "GC Daemon" daemon [_thread_blocked, id=66192, stack(0x0000000022480000,0x0000000022580000)]
  0x000000001c8e7800 JavaThread "RMI Scheduler(0)" daemon [_thread_blocked, id=66888, stack(0x0000000022280000,0x0000000022380000)]
  0x000000001c8ea800 JavaThread "Task worker for ':'" [_thread_blocked, id=63960, stack(0x0000000021b80000,0x0000000021c80000)]
  0x000000001c8e9800 JavaThread "Cache worker for Build Output Cleanup Cache (D:\Android_Utils\Projects\BableSchool\.gradle\buildOutputCleanup)" [_thread_blocked, id=67580, stack(0x0000000021a80000,0x0000000021b80000)]
  0x000000001c8e9000 JavaThread "Cache worker for task history cache (D:\Android_Utils\Projects\BableSchool\.gradle\4.6\taskHistory)" [_thread_blocked, id=63312, stack(0x0000000021980000,0x0000000021a80000)]
  0x000000001c3ef000 JavaThread "Cache worker for file content cache (D:\Android_Utils\Projects\BableSchool\.gradle\4.6\fileContent)" [_thread_blocked, id=64652, stack(0x00000000206a0000,0x00000000207a0000)]
  0x000000001c3f0800 JavaThread "Memory manager" [_thread_blocked, id=62640, stack(0x000000001ee20000,0x000000001ef20000)]
  0x000000001c3ef800 JavaThread "Build operations Thread 2" [_thread_blocked, id=60472, stack(0x000000001eb20000,0x000000001ec20000)]
  0x000000001c3ec800 JavaThread "Build operations" [_thread_blocked, id=66316, stack(0x000000001da40000,0x000000001db40000)]
  0x000000001c3ec000 JavaThread "Cache worker for Artifact transforms cache (C:\Users\Forntoh\.gradle\caches\transforms-1)" [_thread_blocked, id=67136, stack(0x000000001d740000,0x000000001d840000)]
  0x00000000191ea000 JavaThread "Cache worker for file hash cache (D:\Android_Utils\Projects\BableSchool\.gradle\4.6\fileHashes)" [_thread_blocked, id=66624, stack(0x000000001bbb0000,0x000000001bcb0000)]
  0x0000000018f8d800 JavaThread "File lock request listener" [_thread_in_native, id=63860, stack(0x000000001bab0000,0x000000001bbb0000)]
  0x0000000018f5d800 JavaThread "Cache worker for file hash cache (C:\Users\Forntoh\.gradle\caches\4.6\fileHashes)" [_thread_blocked, id=67360, stack(0x000000001a9e0000,0x000000001aae0000)]
  0x0000000018477800 JavaThread "Asynchronous log dispatcher for DefaultDaemonConnection: socket connection from /127.0.0.1:44476 to /127.0.0.1:44477" [_thread_blocked, id=60500, stack(0x000000001a5e0000,0x000000001a6e0000)]
  0x0000000017c28800 JavaThread "Daemon worker" [_thread_in_native, id=67520, stack(0x000000001a4e0000,0x000000001a5e0000)]
  0x000000001847d800 JavaThread "Cancel handler" [_thread_blocked, id=67388, stack(0x000000001a3e0000,0x000000001a4e0000)]
  0x0000000017d90800 JavaThread "Handler for socket connection from /127.0.0.1:44476 to /127.0.0.1:44477" [_thread_in_native, id=65524, stack(0x000000001a0e0000,0x000000001a1e0000)]
  0x0000000017d8f800 JavaThread "Daemon" [_thread_blocked, id=66952, stack(0x0000000019fe0000,0x000000001a0e0000)]
  0x0000000017d8e800 JavaThread "Daemon periodic checks" [_thread_blocked, id=67044, stack(0x0000000019ee0000,0x0000000019fe0000)]
  0x000000001823a800 JavaThread "Incoming local TCP Connector on port 44476" [_thread_in_native, id=67560, stack(0x0000000019ca0000,0x0000000019da0000)]
  0x00000000167b2000 JavaThread "Service Thread" daemon [_thread_blocked, id=63116, stack(0x0000000017990000,0x0000000017a90000)]
  0x0000000016748800 JavaThread "C1 CompilerThread1" daemon [_thread_blocked, id=65788, stack(0x0000000017890000,0x0000000017990000)]
=>0x0000000016745800 JavaThread "C2 CompilerThread0" daemon [_thread_in_native, id=66936, stack(0x0000000017790000,0x0000000017890000)]
  0x0000000016744000 JavaThread "Attach Listener" daemon [_thread_blocked, id=58020, stack(0x0000000017690000,0x0000000017790000)]
  0x0000000016751000 JavaThread "Signal Dispatcher" daemon [_thread_blocked, id=67532, stack(0x0000000017590000,0x0000000017690000)]
  0x0000000016736800 JavaThread "Finalizer" daemon [_thread_blocked, id=60788, stack(0x0000000017390000,0x0000000017490000)]
  0x0000000002f5e000 JavaThread "Reference Handler" daemon [_thread_blocked, id=64568, stack(0x0000000017290000,0x0000000017390000)]
  0x0000000002e72800 JavaThread "main" [_thread_blocked, id=58096, stack(0x0000000001560000,0x0000000001660000)]

Other Threads:
  0x0000000016713800 VMThread [stack: 0x0000000017190000,0x0000000017290000] [id=66156]
  0x00000000167be800 WatcherThread [stack: 0x0000000017a90000,0x0000000017b90000] [id=66732]

VM state:not at safepoint (normal execution)

VM Mutex/Monitor currently owned by a thread: None

Heap:
 PSYoungGen      total 301568K, used 236637K [0x00000000e0000000, 0x00000000f8a00000, 0x0000000100000000)
  eden space 281088K, 76% used [0x00000000e0000000,0x00000000ed31f2c0,0x00000000f1280000)
  from space 20480K, 99% used [0x00000000f1280000,0x00000000f2678440,0x00000000f2680000)
  to   space 24064K, 0% used [0x00000000f7280000,0x00000000f7280000,0x00000000f8a00000)
 ParOldGen       total 114688K, used 40949K [0x00000000a0000000, 0x00000000a7000000, 0x00000000e0000000)
  object space 114688K, 35% used [0x00000000a0000000,0x00000000a27fd4f8,0x00000000a7000000)
 Metaspace       used 72863K, capacity 75056K, committed 75264K, reserved 1114112K
  class space    used 9615K, capacity 10178K, committed 10240K, reserved 1048576K

Card table byte_map: [0x00000000123e0000,0x00000000126f0000] byte_map_base: 0x0000000011ee0000

Marking Bits: (ParMarkBitMap*) 0x000000006a835aa0
 Begin Bits: [0x0000000012af0000, 0x00000000142f0000)
 End Bits:   [0x00000000142f0000, 0x0000000015af0000)

Polling page: 0x0000000001660000

CodeCache: size=245760Kb used=34596Kb max_used=34605Kb free=211163Kb
 bounds [0x0000000003020000, 0x0000000005220000, 0x0000000012020000]
 total_blobs=10519 nmethods=9673 adapters=759
 compilation: enabled

Compilation events (10 events):
Event: 141.101 Thread 0x0000000016748800 nmethod 11105 0x00000000051ded90 code [0x00000000051def20, 0x00000000051df258]
Event: 141.101 Thread 0x0000000016745800 11106       4       com.sun.tools.javac.comp.Attr::checkId (59 bytes)
Event: 141.105 Thread 0x0000000016745800 nmethod 11106 0x00000000051de690 code [0x00000000051de800, 0x00000000051dea28]
Event: 141.106 Thread 0x0000000016745800 11107       4       com.sun.tools.javac.comp.Attr::checkIdInternal (680 bytes)
Event: 141.254 Thread 0x0000000016745800 nmethod 11107 0x000000000520a350 code [0x000000000520a780, 0x000000000520cb20]
Event: 141.255 Thread 0x0000000016745800 11108       4       com.sun.tools.javac.tree.JCTree$JCNewArray::accept (6 bytes)
Event: 141.256 Thread 0x0000000016745800 nmethod 11108 0x0000000005049610 code [0x0000000005049740, 0x00000000050497b8]
Event: 141.485 Thread 0x0000000016745800 11109       4       com.sun.tools.javac.comp.TransTypes::addBridgeIfNeeded (491 bytes)
Event: 141.728 Thread 0x0000000016748800 11111       3       com.sun.tools.javac.code.TypeAnnotations$TypeAnnotationPositions::visitNewArray (310 bytes)
Event: 141.730 Thread 0x0000000016748800 nmethod 11111 0x00000000051ed950 code [0x00000000051edcc0, 0x00000000051efa58]

GC Heap History (10 events):
Event: 33.527 GC heap before
{Heap before GC invocations=10 (full 2):
 PSYoungGen      total 140800K, used 130560K [0x00000000e0000000, 0x00000000ef900000, 0x0000000100000000)
  eden space 130560K, 100% used [0x00000000e0000000,0x00000000e7f80000,0x00000000e7f80000)
  from space 10240K, 0% used [0x00000000e7f80000,0x00000000e7f80000,0x00000000e8980000)
  to   space 12800K, 0% used [0x00000000eec80000,0x00000000eec80000,0x00000000ef900000)
 ParOldGen       total 75776K, used 19431K [0x00000000a0000000, 0x00000000a4a00000, 0x00000000e0000000)
  object space 75776K, 25% used [0x00000000a0000000,0x00000000a12f9fb0,0x00000000a4a00000)
 Metaspace       used 42535K, capacity 43552K, committed 43776K, reserved 1087488K
  class space    used 5715K, capacity 6055K, committed 6144K, reserved 1048576K
Event: 33.600 GC heap after
Heap after GC invocations=10 (full 2):
 PSYoungGen      total 224256K, used 12776K [0x00000000e0000000, 0x00000000ef900000, 0x0000000100000000)
  eden space 211456K, 0% used [0x00000000e0000000,0x00000000e0000000,0x00000000ece80000)
  from space 12800K, 99% used [0x00000000eec80000,0x00000000ef8fa3c0,0x00000000ef900000)
  to   space 15872K, 0% used [0x00000000eda00000,0x00000000eda00000,0x00000000ee980000)
 ParOldGen       total 75776K, used 22101K [0x00000000a0000000, 0x00000000a4a00000, 0x00000000e0000000)
  object space 75776K, 29% used [0x00000000a0000000,0x00000000a1595718,0x00000000a4a00000)
 Metaspace       used 42535K, capacity 43552K, committed 43776K, reserved 1087488K
  class space    used 5715K, capacity 6055K, committed 6144K, reserved 1048576K
}
Event: 47.620 GC heap before
{Heap before GC invocations=11 (full 2):
 PSYoungGen      total 224256K, used 224232K [0x00000000e0000000, 0x00000000ef900000, 0x0000000100000000)
  eden space 211456K, 100% used [0x00000000e0000000,0x00000000ece80000,0x00000000ece80000)
  from space 12800K, 99% used [0x00000000eec80000,0x00000000ef8fa3c0,0x00000000ef900000)
  to   space 15872K, 0% used [0x00000000eda00000,0x00000000eda00000,0x00000000ee980000)
 ParOldGen       total 75776K, used 22101K [0x00000000a0000000, 0x00000000a4a00000, 0x00000000e0000000)
  object space 75776K, 29% used [0x00000000a0000000,0x00000000a1595718,0x00000000a4a00000)
 Metaspace       used 48992K, capacity 50092K, committed 50176K, reserved 1093632K
  class space    used 6541K, capacity 6887K, committed 6912K, reserved 1048576K
Event: 47.666 GC heap after
Heap after GC invocations=11 (full 2):
 PSYoungGen      total 239104K, used 15842K [0x00000000e0000000, 0x00000000f3900000, 0x0000000100000000)
  eden space 223232K, 0% used [0x00000000e0000000,0x00000000e0000000,0x00000000eda00000)
  from space 15872K, 99% used [0x00000000eda00000,0x00000000ee978ba8,0x00000000ee980000)
  to   space 18944K, 0% used [0x00000000f2680000,0x00000000f2680000,0x00000000f3900000)
 ParOldGen       total 75776K, used 24333K [0x00000000a0000000, 0x00000000a4a00000, 0x00000000e0000000)
  object space 75776K, 32% used [0x00000000a0000000,0x00000000a17c36a0,0x00000000a4a00000)
 Metaspace       used 48992K, capacity 50092K, committed 50176K, reserved 1093632K
  class space    used 6541K, capacity 6887K, committed 6912K, reserved 1048576K
}
Event: 62.513 GC heap before
{Heap before GC invocations=12 (full 2):
 PSYoungGen      total 239104K, used 214988K [0x00000000e0000000, 0x00000000f3900000, 0x0000000100000000)
  eden space 223232K, 89% used [0x00000000e0000000,0x00000000ec27a500,0x00000000eda00000)
  from space 15872K, 99% used [0x00000000eda00000,0x00000000ee978ba8,0x00000000ee980000)
  to   space 18944K, 0% used [0x00000000f2680000,0x00000000f2680000,0x00000000f3900000)
 ParOldGen       total 75776K, used 24333K [0x00000000a0000000, 0x00000000a4a00000, 0x00000000e0000000)
  object space 75776K, 32% used [0x00000000a0000000,0x00000000a17c36a0,0x00000000a4a00000)
 Metaspace       used 57114K, capacity 58972K, committed 59008K, reserved 1099776K
  class space    used 7783K, capacity 8288K, committed 8320K, reserved 1048576K
Event: 62.582 GC heap after
Heap after GC invocations=12 (full 2):
 PSYoungGen      total 300032K, used 16929K [0x00000000e0000000, 0x00000000f4500000, 0x0000000100000000)
  eden space 281088K, 0% used [0x00000000e0000000,0x00000000e0000000,0x00000000f1280000)
  from space 18944K, 89% used [0x00000000f2680000,0x00000000f3708430,0x00000000f3900000)
  to   space 20480K, 0% used [0x00000000f1280000,0x00000000f1280000,0x00000000f2680000)
 ParOldGen       total 75776K, used 34165K [0x00000000a0000000, 0x00000000a4a00000, 0x00000000e0000000)
  object space 75776K, 45% used [0x00000000a0000000,0x00000000a215d5e8,0x00000000a4a00000)
 Metaspace       used 57114K, capacity 58972K, committed 59008K, reserved 1099776K
  class space    used 7783K, capacity 8288K, committed 8320K, reserved 1048576K
}
Event: 62.582 GC heap before
{Heap before GC invocations=13 (full 3):
 PSYoungGen      total 300032K, used 16929K [0x00000000e0000000, 0x00000000f4500000, 0x0000000100000000)
  eden space 281088K, 0% used [0x00000000e0000000,0x00000000e0000000,0x00000000f1280000)
  from space 18944K, 89% used [0x00000000f2680000,0x00000000f3708430,0x00000000f3900000)
  to   space 20480K, 0% used [0x00000000f1280000,0x00000000f1280000,0x00000000f2680000)
 ParOldGen       total 75776K, used 34165K [0x00000000a0000000, 0x00000000a4a00000, 0x00000000e0000000)
  object space 75776K, 45% used [0x00000000a0000000,0x00000000a215d5e8,0x00000000a4a00000)
 Metaspace       used 57114K, capacity 58972K, committed 59008K, reserved 1099776K
  class space    used 7783K, capacity 8288K, committed 8320K, reserved 1048576K
Event: 63.047 GC heap after
Heap after GC invocations=13 (full 3):
 PSYoungGen      total 300032K, used 0K [0x00000000e0000000, 0x00000000f4500000, 0x0000000100000000)
  eden space 281088K, 0% used [0x00000000e0000000,0x00000000e0000000,0x00000000f1280000)
  from space 18944K, 0% used [0x00000000f2680000,0x00000000f2680000,0x00000000f3900000)
  to   space 20480K, 0% used [0x00000000f1280000,0x00000000f1280000,0x00000000f2680000)
 ParOldGen       total 114688K, used 39833K [0x00000000a0000000, 0x00000000a7000000, 0x00000000e0000000)
  object space 114688K, 34% used [0x00000000a0000000,0x00000000a26e6408,0x00000000a7000000)
 Metaspace       used 57114K, capacity 58972K, committed 59008K, reserved 1099776K
  class space    used 7783K, capacity 8288K, committed 8320K, reserved 1048576K
}
Event: 124.621 GC heap before
{Heap before GC invocations=14 (full 3):
 PSYoungGen      total 300032K, used 281088K [0x00000000e0000000, 0x00000000f4500000, 0x0000000100000000)
  eden space 281088K, 100% used [0x00000000e0000000,0x00000000f1280000,0x00000000f1280000)
  from space 18944K, 0% used [0x00000000f2680000,0x00000000f2680000,0x00000000f3900000)
  to   space 20480K, 0% used [0x00000000f1280000,0x00000000f1280000,0x00000000f2680000)
 ParOldGen       total 114688K, used 39833K [0x00000000a0000000, 0x00000000a7000000, 0x00000000e0000000)
  object space 114688K, 34% used [0x00000000a0000000,0x00000000a26e6408,0x00000000a7000000)
 Metaspace       used 67762K, capacity 69968K, committed 70144K, reserved 1110016K
  class space    used 9146K, capacity 9698K, committed 9728K, reserved 1048576K
Event: 124.689 GC heap after
Heap after GC invocations=14 (full 3):
 PSYoungGen      total 301568K, used 20449K [0x00000000e0000000, 0x00000000f8a00000, 0x0000000100000000)
  eden space 281088K, 0% used [0x00000000e0000000,0x00000000e0000000,0x00000000f1280000)
  from space 20480K, 99% used [0x00000000f1280000,0x00000000f2678440,0x00000000f2680000)
  to   space 24064K, 0% used [0x00000000f7280000,0x00000000f7280000,0x00000000f8a00000)
 ParOldGen       total 114688K, used 40949K [0x00000000a0000000, 0x00000000a7000000, 0x00000000e0000000)
  object space 114688K, 35% used [0x00000000a0000000,0x00000000a27fd4f8,0x00000000a7000000)
 Metaspace       used 67762K, capacity 69968K, committed 70144K, reserved 1110016K
  class space    used 9146K, capacity 9698K, committed 9728K, reserved 1048576K
}

Deoptimization events (10 events):
Event: 131.464 Thread 0x0000000017c28800 Uncommon trap: reason=bimorphic action=maybe_recompile pc=0x0000000004d7dfa4 method=com.sun.tools.javac.tree.JCTree$JCModifiers.accept(Lcom/sun/tools/javac/tree/JCTree$Visitor;)V @ 2
Event: 131.464 Thread 0x0000000017c28800 Uncommon trap: reason=bimorphic action=maybe_recompile pc=0x0000000004d7dfa4 method=com.sun.tools.javac.tree.JCTree$JCModifiers.accept(Lcom/sun/tools/javac/tree/JCTree$Visitor;)V @ 2
Event: 131.464 Thread 0x0000000017c28800 Uncommon trap: reason=bimorphic action=maybe_recompile pc=0x0000000004d7dfa4 method=com.sun.tools.javac.tree.JCTree$JCModifiers.accept(Lcom/sun/tools/javac/tree/JCTree$Visitor;)V @ 2
Event: 131.466 Thread 0x0000000017c28800 Uncommon trap: reason=bimorphic action=maybe_recompile pc=0x0000000004d7dfa4 method=com.sun.tools.javac.tree.JCTree$JCModifiers.accept(Lcom/sun/tools/javac/tree/JCTree$Visitor;)V @ 2
Event: 131.472 Thread 0x0000000017c28800 Uncommon trap: reason=unstable_if action=reinterpret pc=0x0000000004bffa60 method=com.sun.tools.javac.code.Symbol$TypeSymbol.formFullName(Lcom/sun/tools/javac/util/Name;Lcom/sun/tools/javac/code/Symbol;)Lcom/sun/tools/javac/util/Name; @ 22
Event: 131.472 Thread 0x0000000017c28800 Uncommon trap: reason=unstable_if action=reinterpret pc=0x0000000004b562e0 method=com.sun.tools.javac.code.Symbol$TypeSymbol.formFlatName(Lcom/sun/tools/javac/util/Name;Lcom/sun/tools/javac/code/Symbol;)Lcom/sun/tools/javac/util/Name; @ 11
Event: 131.488 Thread 0x0000000017c28800 Uncommon trap: reason=unstable_if action=reinterpret pc=0x0000000004d31948 method=com.sun.tools.javac.jvm.ClassReader.readMethod()Lcom/sun/tools/javac/code/Symbol$MethodSymbol; @ 202
Event: 131.948 Thread 0x0000000017c28800 Uncommon trap: reason=unstable_if action=reinterpret pc=0x0000000004e610d8 method=com.sun.tools.javac.code.Scope.lookup(Lcom/sun/tools/javac/util/Name;Lcom/sun/tools/javac/util/Filter;)Lcom/sun/tools/javac/code/Scope$Entry; @ 19
Event: 132.383 Thread 0x0000000017c28800 Uncommon trap: reason=unstable_if action=reinterpret pc=0x0000000004ca5988 method=com.sun.tools.javac.tree.TreeScanner.scan(Lcom/sun/tools/javac/util/List;)V @ 1
Event: 132.695 Thread 0x0000000017c28800 Uncommon trap: reason=unstable_if action=reinterpret pc=0x0000000004eca7d8 method=com.sun.tools.javac.code.Types.isSubtype(Lcom/sun/tools/javac/code/Type;Lcom/sun/tools/javac/code/Type;Z)Z @ 28

Classes redefined (0 events):
No events

Internal exceptions (10 events):
Event: 79.290 Thread 0x0000000017c28800 Exception <a 'java/lang/NoSuchMethodError': <clinit>> (0x00000000edab0fa0) thrown at [D:\src\AOSP-openjdk-cygwin\jdk8u\hotspot\src\share\vm\prims\jni.cpp, line 1613]
Event: 79.301 Thread 0x000000001c8e6000 Exception <a 'java/lang/InterruptedException'> (0x00000000edd6c5c8) thrown at [D:\src\AOSP-openjdk-cygwin\jdk8u\hotspot\src\share\vm\runtime\objectMonitor.cpp, line 1684]
Event: 79.324 Thread 0x0000000017c28800 Exception <a 'java/lang/NoSuchMethodError': <clinit>> (0x00000000edafe9b0) thrown at [D:\src\AOSP-openjdk-cygwin\jdk8u\hotspot\src\share\vm\prims\jni.cpp, line 1613]
Event: 79.326 Thread 0x0000000017c28800 Exception <a 'java/lang/NoSuchMethodError': <clinit>> (0x00000000edb0df10) thrown at [D:\src\AOSP-openjdk-cygwin\jdk8u\hotspot\src\share\vm\prims\jni.cpp, line 1613]
Event: 79.329 Thread 0x0000000017c28800 Exception <a 'java/lang/NoSuchMethodError': <clinit>> (0x00000000edb227a8) thrown at [D:\src\AOSP-openjdk-cygwin\jdk8u\hotspot\src\share\vm\prims\jni.cpp, line 1613]
Event: 79.344 Thread 0x0000000017c28800 Exception <a 'java/lang/NoSuchMethodError': <clinit>> (0x00000000edb90070) thrown at [D:\src\AOSP-openjdk-cygwin\jdk8u\hotspot\src\share\vm\prims\jni.cpp, line 1613]
Event: 79.386 Thread 0x0000000017c28800 Exception <a 'java/lang/NoSuchMethodError': <clinit>> (0x00000000edf18dd8) thrown at [D:\src\AOSP-openjdk-cygwin\jdk8u\hotspot\src\share\vm\prims\jni.cpp, line 1613]
Event: 79.403 Thread 0x0000000017c28800 Exception <a 'java/lang/NoSuchMethodError': <clinit>> (0x00000000edfdb5e8) thrown at [D:\src\AOSP-openjdk-cygwin\jdk8u\hotspot\src\share\vm\prims\jni.cpp, line 1613]
Event: 95.698 Thread 0x000000001c8e6800 Exception <a 'java/lang/InterruptedException'> (0x00000000eecbce20) thrown at [D:\src\AOSP-openjdk-cygwin\jdk8u\hotspot\src\share\vm\runtime\objectMonitor.cpp, line 1684]
Event: 109.713 Thread 0x00000000193fa000 Exception <a 'java/lang/InterruptedException'> (0x00000000efc06fe8) thrown at [D:\src\AOSP-openjdk-cygwin\jdk8u\hotspot\src\share\vm\runtime\objectMonitor.cpp, line 1684]

Events (10 events):
Event: 139.759 Executing VM operation: RevokeBias
Event: 139.759 Executing VM operation: RevokeBias done
Event: 139.877 Executing VM operation: RevokeBias
Event: 139.877 Executing VM operation: RevokeBias done
Event: 139.886 Thread 0x0000000017c28800 DEOPT PACKING pc=0x000000000504430d sp=0x000000001a5da160
Event: 139.886 Thread 0x0000000017c28800 DEOPT UNPACKING pc=0x00000000030671d0 sp=0x000000001a5d9ed8 mode 0
Event: 140.722 Executing VM operation: RevokeBias
Event: 140.723 Executing VM operation: RevokeBias done
Event: 141.730 Thread 0x0000000017c28800 DEOPT PACKING pc=0x00000000051da4db sp=0x000000001a5d9df0
Event: 141.730 Thread 0x0000000017c28800 DEOPT UNPACKING pc=0x00000000030671d0 sp=0x000000001a5d9b50 mode 0


Dynamic libraries:
0x00007ff755a10000 - 0x00007ff755a41000 	C:\Program Files\Android\Android Studio\jre\bin\java.exe
0x00007ffdb6130000 - 0x00007ffdb631d000 	C:\WINDOWS\SYSTEM32\ntdll.dll
0x00007ffdb3c70000 - 0x00007ffdb3d23000 	C:\WINDOWS\System32\KERNEL32.DLL
0x00007ffdb30c0000 - 0x00007ffdb3353000 	C:\WINDOWS\System32\KERNELBASE.dll
0x00007ffdb5790000 - 0x00007ffdb5833000 	C:\WINDOWS\System32\ADVAPI32.dll
0x00007ffdb3bd0000 - 0x00007ffdb3c6e000 	C:\WINDOWS\System32\msvcrt.dll
0x00007ffdb3b30000 - 0x00007ffdb3bce000 	C:\WINDOWS\System32\sechost.dll
0x00007ffdb5fd0000 - 0x00007ffdb60f2000 	C:\WINDOWS\System32\RPCRT4.dll
0x00007ffdb5840000 - 0x00007ffdb59d7000 	C:\WINDOWS\System32\USER32.dll
0x00007ffdb2bf0000 - 0x00007ffdb2c10000 	C:\WINDOWS\System32\win32u.dll
0x00007ffdb3360000 - 0x00007ffdb3389000 	C:\WINDOWS\System32\GDI32.dll
0x00007ffdb2ec0000 - 0x00007ffdb305a000 	C:\WINDOWS\System32\gdi32full.dll
0x00007ffdb2250000 - 0x00007ffdb22f0000 	C:\WINDOWS\System32\msvcp_win.dll
0x00007ffdb2af0000 - 0x00007ffdb2bec000 	C:\WINDOWS\System32\ucrtbase.dll
0x00007ffda1aa0000 - 0x00007ffda1d19000 	C:\WINDOWS\WinSxS\amd64_microsoft.windows.common-controls_6595b64144ccf1df_6.0.17763.194_none_05b3366207211c42\COMCTL32.dll
0x00007ffdb3390000 - 0x00007ffdb36bd000 	C:\WINDOWS\System32\combase.dll
0x00007ffdb2c60000 - 0x00007ffdb2cde000 	C:\WINDOWS\System32\bcryptPrimitives.dll
0x00007ffdb3d30000 - 0x00007ffdb3d5e000 	C:\WINDOWS\System32\IMM32.DLL
0x0000000066670000 - 0x0000000066742000 	C:\Program Files\Android\Android Studio\jre\jre\bin\msvcr100.dll
0x000000006a070000 - 0x000000006a8b1000 	C:\Program Files\Android\Android Studio\jre\jre\bin\server\jvm.dll
0x00007ffdb59e0000 - 0x00007ffdb59e8000 	C:\WINDOWS\System32\PSAPI.DLL
0x00007ffda33f0000 - 0x00007ffda33f9000 	C:\WINDOWS\SYSTEM32\WSOCK32.dll
0x00007ffdb5a80000 - 0x00007ffdb5aed000 	C:\WINDOWS\System32\WS2_32.dll
0x00007ffda75d0000 - 0x00007ffda75f4000 	C:\WINDOWS\SYSTEM32\WINMM.dll
0x00007ffda66f0000 - 0x00007ffda66fa000 	C:\WINDOWS\SYSTEM32\VERSION.dll
0x00007ffda6ab0000 - 0x00007ffda6add000 	C:\WINDOWS\SYSTEM32\WINMMBASE.dll
0x00007ffdb2c10000 - 0x00007ffdb2c5a000 	C:\WINDOWS\System32\cfgmgr32.dll
0x00007ffdb0410000 - 0x00007ffdb041f000 	C:\Program Files\Android\Android Studio\jre\jre\bin\verify.dll
0x00007ffdb01a0000 - 0x00007ffdb01c9000 	C:\Program Files\Android\Android Studio\jre\jre\bin\java.dll
0x00007ffdb01e0000 - 0x00007ffdb01f6000 	C:\Program Files\Android\Android Studio\jre\jre\bin\zip.dll
0x00007ffdb3d60000 - 0x00007ffdb524f000 	C:\WINDOWS\System32\SHELL32.dll
0x00007ffdb5cc0000 - 0x00007ffdb5d68000 	C:\WINDOWS\System32\shcore.dll
0x00007ffdb23a0000 - 0x00007ffdb2aea000 	C:\WINDOWS\System32\windows.storage.dll
0x00007ffdb21d0000 - 0x00007ffdb21f4000 	C:\WINDOWS\System32\profapi.dll
0x00007ffdb2170000 - 0x00007ffdb21cd000 	C:\WINDOWS\System32\powrprof.dll
0x00007ffdb3960000 - 0x00007ffdb39b2000 	C:\WINDOWS\System32\shlwapi.dll
0x00007ffdb2130000 - 0x00007ffdb2141000 	C:\WINDOWS\System32\kernel.appcore.dll
0x00007ffdb2230000 - 0x00007ffdb2247000 	C:\WINDOWS\System32\cryptsp.dll
0x00007ffdb0180000 - 0x00007ffdb019a000 	C:\Program Files\Android\Android Studio\jre\jre\bin\net.dll
0x00007ffdb1960000 - 0x00007ffdb19c7000 	C:\WINDOWS\system32\mswsock.dll
0x00007ffdb0160000 - 0x00007ffdb0171000 	C:\Program Files\Android\Android Studio\jre\jre\bin\nio.dll
0x00007ffdaa8b0000 - 0x00007ffdaa8ce000 	C:\Users\Forntoh\.gradle\native\25\windows-amd64\native-platform.dll
0x00007ffdb03f0000 - 0x00007ffdb03fd000 	C:\Program Files\Android\Android Studio\jre\jre\bin\management.dll
0x00007ffdb1520000 - 0x00007ffdb1553000 	C:\WINDOWS\system32\rsaenh.dll
0x00007ffdb2200000 - 0x00007ffdb2226000 	C:\WINDOWS\System32\bcrypt.dll
0x00007ffdb2030000 - 0x00007ffdb2058000 	C:\WINDOWS\SYSTEM32\USERENV.dll
0x00007ffdb1b30000 - 0x00007ffdb1b3c000 	C:\WINDOWS\SYSTEM32\CRYPTBASE.dll
0x00007ffdb16c0000 - 0x00007ffdb16fd000 	C:\WINDOWS\SYSTEM32\IPHLPAPI.DLL
0x00007ffdb59f0000 - 0x00007ffdb59f8000 	C:\WINDOWS\System32\NSI.dll
0x00007ffdace60000 - 0x00007ffdace76000 	C:\WINDOWS\SYSTEM32\dhcpcsvc6.DLL
0x00007ffdacdf0000 - 0x00007ffdace0c000 	C:\WINDOWS\SYSTEM32\dhcpcsvc.DLL
0x00007ffdb1700000 - 0x00007ffdb17c6000 	C:\WINDOWS\SYSTEM32\DNSAPI.dll

VM Arguments:
jvm_args: -Xmx1536m -Dfile.encoding=windows-1252 -Duser.country=US -Duser.language=en -Duser.variant 
java_command: org.gradle.launcher.daemon.bootstrap.GradleDaemon 4.6
java_class_path (initial): C:\Users\Forntoh\.gradle\wrapper\dists\gradle-4.6-all\bcst21l2brirad8k2ben1letg\gradle-4.6\lib\gradle-launcher-4.6.jar
Launcher Type: SUN_STANDARD

Environment Variables:
PATH=C:\Program Files (x86)\Microchip\MPLAB C30\bin;C:\Python36\;C:\Python36\Scripts\;C:\Python27\;C:\Python27\Scripts;C:\ProgramData\Oracle\Java\javapath;C:\WINDOWS\system32;C:\WINDOWS;C:\WINDOWS\System32\Wbem;C:\WINDOWS\System32\WindowsPowerShell\v1.0\;D:\Android_Utils\SDK\platform-tools;D:\AI\OpenCV\opencv\build\x64\vc14\bin;D:\Programs\wamp\bin\php\php7.1.11;C:\composer;C:\Program Files\Git\cmd;C:\Program Files\Git\mingw64\bin;C:\Program Files\Git\usr\bin;C:\Program Files\nodejs\;C:\Users\Forntoh\AppData\Local\Microsoft\WindowsApps;C:\Users\Forntoh\AppData\Roaming\Composer\vendor\bin;C:\Program Files\Microsoft VS Code\bin;C:\Users\Forntoh\AppData\Roaming\npm;C:\Program Files\Heroku\bin;C:\adb;C:\Program Files\Java\jdk1.8.0_131\bin;D:\Programs\wamp\bin\mysql\mysql5.7.9\bin;C:\Program Files (x86)\HI-TECH Software\PICC\LITE\9.60\bin;C:\Program Files (x86)\Windows Kits\10\Windows Performance Toolkit\;C:\WINDOWS\system32;C:\WINDOWS;C:\WINDOWS\System32\Wbem;C:\WINDOWS\System32\WindowsPowerShell\v1.0\;C:\Program Files\PostgreSQL\10\bin;;C:\WINDOWS\System32\OpenSSH\;C:\Ruby24-x64\bin;C:\Users\Forntoh\AppData\Local\Microsoft\WindowsApps;C:\Users\Forntoh\AppData\Roaming\Composer\vendor\bin;C:\Program Files\Microsoft VS Code\bin;C:\Users\Forntoh\AppData\Roaming\npm;C:\Program Files\Heroku\bin;C:\Program Files\Java\jdk1.8.0_131\bin;D:\Programs\wamp\bin\mysql\mysql5.7.9\bin;C:\Program Files\PostgreSQL\10\bin;
USERNAME=Forntoh
OS=Windows_NT
PROCESSOR_IDENTIFIER=Intel64 Family 6 Model 42 Stepping 7, GenuineIntel



---------------  S Y S T E M  ---------------

OS: Windows 10.0 , 64 bit Build 17763 (10.0.17763.1)

CPU:total 2 (initial active 2) (2 cores per cpu, 1 threads per core) family 6 model 42 stepping 7, cmov, cx8, fxsr, mmx, sse, sse2, sse3, ssse3, sse4.1, sse4.2, popcnt, clmul, tsc, tscinvbit

Memory: 4k page, physical 8275764k(1760548k free), swap 12470068k(5700k free)

vm_info: OpenJDK 64-Bit Server VM (25.152-b06) for windows-amd64 JRE (1.8.0_152-release-1136-b06), built by "builder" with MS VC++ 10.0 (VS2010)

time: Mon Dec 31 18:36:41 2018
elapsed time: 141 seconds (0d 0h 2m 21s)

