#
# There is insufficient memory for the Java Runtime Environment to continue.
# Native memory allocation (malloc) failed to allocate 2209776 bytes for Chunk::new
# Possible reasons:
#   The system is out of physical RAM or swap space
#   In 32 bit mode, the process size limit was hit
# Possible solutions:
#   Reduce memory load on the system
#   Increase physical memory or swap space
#   Check if swap backing store is full
#   Use 64 bit Java on a 64 bit OS
#   Decrease Java heap size (-Xmx/-Xms)
#   Decrease number of Java threads
#   Decrease Java thread stack sizes (-Xss)
#   Set larger code cache with -XX:ReservedCodeCacheSize=
# This output file may be truncated or incomplete.
#
#  Out of Memory Error (allocation.cpp:390), pid=3912, tid=0x0000000000003aac
#
# JRE version: OpenJDK Runtime Environment (8.0_152-b02) (build 1.8.0_152-release-1024-b02)
# Java VM: OpenJDK 64-Bit Server VM (25.152-b02 mixed mode windows-amd64 compressed oops)
# Failed to write core dump. Minidumps are not enabled by default on client versions of Windows
#

---------------  T H R E A D  ---------------

Current thread (0x0000000012e40000):  JavaThread "C2 CompilerThread0" daemon [_thread_in_native, id=15020, stack(0x0000000013ea0000,0x0000000013fa0000)]

Stack: [0x0000000013ea0000,0x0000000013fa0000]
[error occurred during error reporting (printing stack bounds), id 0xc0000005]

Native frames: (J=compiled Java code, j=interpreted, Vv=VM code, C=native code)


Current CompileTask:
C2:   7061 1022       4       org.objectweb.asm.ClassReader::readCode (3575 bytes)


---------------  P R O C E S S  ---------------

Java Threads: ( => current thread )
  0x0000000012eb9000 JavaThread "Service Thread" daemon [_thread_blocked, id=16460, stack(0x00000000140a0000,0x00000000141a0000)]
  0x0000000012e9b800 JavaThread "C1 CompilerThread1" daemon [_thread_blocked, id=17140, stack(0x0000000013fa0000,0x00000000140a0000)]
=>0x0000000012e40000 JavaThread "C2 CompilerThread0" daemon [_thread_in_native, id=15020, stack(0x0000000013ea0000,0x0000000013fa0000)]
  0x0000000012e52000 JavaThread "Attach Listener" daemon [_thread_blocked, id=7088, stack(0x0000000013da0000,0x0000000013ea0000)]
  0x0000000012e4e800 JavaThread "Signal Dispatcher" daemon [_thread_blocked, id=17000, stack(0x0000000013ca0000,0x0000000013da0000)]
  0x0000000012e2b800 JavaThread "Finalizer" daemon [_thread_blocked, id=8992, stack(0x0000000013aa0000,0x0000000013ba0000)]
  0x0000000002d1c000 JavaThread "Reference Handler" daemon [_thread_blocked, id=17176, stack(0x00000000139a0000,0x0000000013aa0000)]
  0x0000000002b1e000 JavaThread "main" [_thread_in_native, id=1112, stack(0x0000000002b20000,0x0000000002c20000)]

Other Threads:
  0x0000000012e03800 VMThread [stack: 0x00000000138a0000,0x00000000139a0000] [id=4872]
  0x0000000012ebc000 WatcherThread [stack: 0x00000000141a0000,0x00000000142a0000] [id=16324]

VM state:not at safepoint (normal execution)

VM Mutex/Monitor currently owned by a thread: None

Heap:
 PSYoungGen      total 18944K, used 10764K [0x00000000feb00000, 0x0000000100000000, 0x0000000100000000)
  eden space 16384K, 50% used [0x00000000feb00000,0x00000000ff308a08,0x00000000ffb00000)
  from space 2560K, 99% used [0x00000000ffd80000,0x00000000ffffa840,0x0000000100000000)
  to   space 2560K, 0% used [0x00000000ffb00000,0x00000000ffb00000,0x00000000ffd80000)
 ParOldGen       total 44032K, used 8937K [0x00000000fc000000, 0x00000000feb00000, 0x00000000feb00000)
  object space 44032K, 20% used [0x00000000fc000000,0x00000000fc8ba548,0x00000000feb00000)
 Metaspace       used 7907K, capacity 8140K, committed 8448K, reserved 1056768K
  class space    used 874K, capacity 970K, committed 1024K, reserved 1048576K

Card table byte_map: [0x0000000002770000,0x00000000027a0000] byte_map_base: 0x0000000001f90000

Marking Bits: (ParMarkBitMap*) 0x0000000067c54970
 Begin Bits: [0x00000000122e0000, 0x00000000123e0000)
 End Bits:   [0x00000000123e0000, 0x00000000124e0000)

Polling page: 0x0000000000bb0000

CodeCache: size=245760Kb used=4380Kb max_used=4380Kb free=241379Kb
 bounds [0x0000000002d20000, 0x0000000003170000, 0x0000000011d20000]
 total_blobs=1574 nmethods=1242 adapters=246
 compilation: enabled

Compilation events (10 events):
Event: 6.991 Thread 0x0000000012e9b800 1257       2       org.objectweb.asm.tree.LabelNode::accept (9 bytes)
Event: 6.991 Thread 0x0000000012e9b800 nmethod 1257 0x0000000003168210 code [0x0000000003168380, 0x0000000003168588]
Event: 6.991 Thread 0x0000000012e9b800 1258       2       org.objectweb.asm.tree.LineNumberNode::accept (16 bytes)
Event: 6.992 Thread 0x0000000012e9b800 nmethod 1258 0x0000000003168650 code [0x00000000031687c0, 0x00000000031689c8]
Event: 6.992 Thread 0x0000000012e9b800 1259       2       org.objectweb.asm.tree.LdcInsnNode::accept (14 bytes)
Event: 6.992 Thread 0x0000000012e9b800 nmethod 1259 0x0000000003168ad0 code [0x0000000003168c40, 0x0000000003168df8]
Event: 6.992 Thread 0x0000000012e9b800 1260       2       org.objectweb.asm.tree.InsnList::accept (23 bytes)
Event: 6.993 Thread 0x0000000012e9b800 nmethod 1260 0x0000000003168ed0 code [0x0000000003169040, 0x0000000003169228]
Event: 6.993 Thread 0x0000000012e9b800 1261       2       java.nio.Buffer::rewind (12 bytes)
Event: 6.993 Thread 0x0000000012e9b800 nmethod 1261 0x0000000003169310 code [0x0000000003169460, 0x00000000031695b0]

GC Heap History (8 events):
Event: 4.212 GC heap before
{Heap before GC invocations=1 (full 0):
 PSYoungGen      total 18944K, used 16384K [0x00000000feb00000, 0x0000000100000000, 0x0000000100000000)
  eden space 16384K, 100% used [0x00000000feb00000,0x00000000ffb00000,0x00000000ffb00000)
  from space 2560K, 0% used [0x00000000ffd80000,0x00000000ffd80000,0x0000000100000000)
  to   space 2560K, 0% used [0x00000000ffb00000,0x00000000ffb00000,0x00000000ffd80000)
 ParOldGen       total 44032K, used 0K [0x00000000fc000000, 0x00000000feb00000, 0x00000000feb00000)
  object space 44032K, 0% used [0x00000000fc000000,0x00000000fc000000,0x00000000feb00000)
 Metaspace       used 6766K, capacity 7006K, committed 7040K, reserved 1056768K
  class space    used 791K, capacity 871K, committed 896K, reserved 1048576K
Event: 4.222 GC heap after
Heap after GC invocations=1 (full 0):
 PSYoungGen      total 18944K, used 2530K [0x00000000feb00000, 0x0000000100000000, 0x0000000100000000)
  eden space 16384K, 0% used [0x00000000feb00000,0x00000000feb00000,0x00000000ffb00000)
  from space 2560K, 98% used [0x00000000ffb00000,0x00000000ffd789f0,0x00000000ffd80000)
  to   space 2560K, 0% used [0x00000000ffd80000,0x00000000ffd80000,0x0000000100000000)
 ParOldGen       total 44032K, used 1353K [0x00000000fc000000, 0x00000000feb00000, 0x00000000feb00000)
  object space 44032K, 3% used [0x00000000fc000000,0x00000000fc152630,0x00000000feb00000)
 Metaspace       used 6766K, capacity 7006K, committed 7040K, reserved 1056768K
  class space    used 791K, capacity 871K, committed 896K, reserved 1048576K
}
Event: 5.409 GC heap before
{Heap before GC invocations=2 (full 0):
 PSYoungGen      total 18944K, used 18914K [0x00000000feb00000, 0x0000000100000000, 0x0000000100000000)
  eden space 16384K, 100% used [0x00000000feb00000,0x00000000ffb00000,0x00000000ffb00000)
  from space 2560K, 98% used [0x00000000ffb00000,0x00000000ffd789f0,0x00000000ffd80000)
  to   space 2560K, 0% used [0x00000000ffd80000,0x00000000ffd80000,0x0000000100000000)
 ParOldGen       total 44032K, used 1353K [0x00000000fc000000, 0x00000000feb00000, 0x00000000feb00000)
  object space 44032K, 3% used [0x00000000fc000000,0x00000000fc152630,0x00000000feb00000)
 Metaspace       used 7565K, capacity 7756K, committed 7936K, reserved 1056768K
  class space    used 869K, capacity 970K, committed 1024K, reserved 1048576K
Event: 5.426 GC heap after
Heap after GC invocations=2 (full 0):
 PSYoungGen      total 18944K, used 2556K [0x00000000feb00000, 0x0000000100000000, 0x0000000100000000)
  eden space 16384K, 0% used [0x00000000feb00000,0x00000000feb00000,0x00000000ffb00000)
  from space 2560K, 99% used [0x00000000ffd80000,0x00000000fffff210,0x0000000100000000)
  to   space 2560K, 0% used [0x00000000ffb00000,0x00000000ffb00000,0x00000000ffd80000)
 ParOldGen       total 44032K, used 5874K [0x00000000fc000000, 0x00000000feb00000, 0x00000000feb00000)
  object space 44032K, 13% used [0x00000000fc000000,0x00000000fc5bcac8,0x00000000feb00000)
 Metaspace       used 7565K, capacity 7756K, committed 7936K, reserved 1056768K
  class space    used 869K, capacity 970K, committed 1024K, reserved 1048576K
}
Event: 6.200 GC heap before
{Heap before GC invocations=3 (full 0):
 PSYoungGen      total 18944K, used 18940K [0x00000000feb00000, 0x0000000100000000, 0x0000000100000000)
  eden space 16384K, 100% used [0x00000000feb00000,0x00000000ffb00000,0x00000000ffb00000)
  from space 2560K, 99% used [0x00000000ffd80000,0x00000000fffff210,0x0000000100000000)
  to   space 2560K, 0% used [0x00000000ffb00000,0x00000000ffb00000,0x00000000ffd80000)
 ParOldGen       total 44032K, used 5874K [0x00000000fc000000, 0x00000000feb00000, 0x00000000feb00000)
  object space 44032K, 13% used [0x00000000fc000000,0x00000000fc5bcac8,0x00000000feb00000)
 Metaspace       used 7812K, capacity 8012K, committed 8192K, reserved 1056768K
  class space    used 872K, capacity 970K, committed 1024K, reserved 1048576K
Event: 6.228 GC heap after
Heap after GC invocations=3 (full 0):
 PSYoungGen      total 18944K, used 2535K [0x00000000feb00000, 0x0000000100000000, 0x0000000100000000)
  eden space 16384K, 0% used [0x00000000feb00000,0x00000000feb00000,0x00000000ffb00000)
  from space 2560K, 99% used [0x00000000ffb00000,0x00000000ffd79f78,0x00000000ffd80000)
  to   space 2560K, 0% used [0x00000000ffd80000,0x00000000ffd80000,0x0000000100000000)
 ParOldGen       total 44032K, used 8352K [0x00000000fc000000, 0x00000000feb00000, 0x00000000feb00000)
  object space 44032K, 18% used [0x00000000fc000000,0x00000000fc828370,0x00000000feb00000)
 Metaspace       used 7812K, capacity 8012K, committed 8192K, reserved 1056768K
  class space    used 872K, capacity 970K, committed 1024K, reserved 1048576K
}
Event: 6.681 GC heap before
{Heap before GC invocations=4 (full 0):
 PSYoungGen      total 18944K, used 18919K [0x00000000feb00000, 0x0000000100000000, 0x0000000100000000)
  eden space 16384K, 100% used [0x00000000feb00000,0x00000000ffb00000,0x00000000ffb00000)
  from space 2560K, 99% used [0x00000000ffb00000,0x00000000ffd79f78,0x00000000ffd80000)
  to   space 2560K, 0% used [0x00000000ffd80000,0x00000000ffd80000,0x0000000100000000)
 ParOldGen       total 44032K, used 8352K [0x00000000fc000000, 0x00000000feb00000, 0x00000000feb00000)
  object space 44032K, 18% used [0x00000000fc000000,0x00000000fc828370,0x00000000feb00000)
 Metaspace       used 7876K, capacity 8076K, committed 8192K, reserved 1056768K
  class space    used 874K, capacity 970K, committed 1024K, reserved 1048576K
Event: 6.700 GC heap after
Heap after GC invocations=4 (full 0):
 PSYoungGen      total 18944K, used 2538K [0x00000000feb00000, 0x0000000100000000, 0x0000000100000000)
  eden space 16384K, 0% used [0x00000000feb00000,0x00000000feb00000,0x00000000ffb00000)
  from space 2560K, 99% used [0x00000000ffd80000,0x00000000ffffa840,0x0000000100000000)
  to   space 2560K, 0% used [0x00000000ffb00000,0x00000000ffb00000,0x00000000ffd80000)
 ParOldGen       total 44032K, used 8937K [0x00000000fc000000, 0x00000000feb00000, 0x00000000feb00000)
  object space 44032K, 20% used [0x00000000fc000000,0x00000000fc8ba548,0x00000000feb00000)
 Metaspace       used 7876K, capacity 8076K, committed 8192K, reserved 1056768K
  class space    used 874K, capacity 970K, committed 1024K, reserved 1048576K
}

Deoptimization events (10 events):
Event: 5.583 Thread 0x0000000002b1e000 Uncommon trap: reason=unstable_if action=reinterpret pc=0x000000000306bc84 method=org.objectweb.asm.ClassReader.readUTF(II[C)Ljava/lang/String; @ 77
Event: 5.583 Thread 0x0000000002b1e000 Uncommon trap: reason=unstable_if action=reinterpret pc=0x000000000309cdd4 method=org.objectweb.asm.ByteVector.putUTF8(Ljava/lang/String;)Lorg/objectweb/asm/ByteVector; @ 91
Event: 5.583 Thread 0x0000000002b1e000 Uncommon trap: reason=unstable_if action=reinterpret pc=0x0000000002f1ade4 method=java.lang.String.<init>([CII)V @ 18
Event: 5.587 Thread 0x0000000002b1e000 Uncommon trap: reason=unstable_if action=reinterpret pc=0x0000000003078ab0 method=org.objectweb.asm.ByteVector.putUTF8(Ljava/lang/String;)Lorg/objectweb/asm/ByteVector; @ 91
Event: 5.730 Thread 0x0000000002b1e000 Uncommon trap: reason=unstable_if action=reinterpret pc=0x00000000030ceb90 method=org.objectweb.asm.ClassReader.readUTF(II[C)Ljava/lang/String; @ 98
Event: 5.754 Thread 0x0000000002b1e000 Uncommon trap: reason=unstable_if action=reinterpret pc=0x00000000030c6a08 method=org.objectweb.asm.ByteVector.putUTF8(Ljava/lang/String;)Lorg/objectweb/asm/ByteVector; @ 98
Event: 5.781 Thread 0x0000000002b1e000 Uncommon trap: reason=unstable_if action=reinterpret pc=0x00000000030ef468 method=org.objectweb.asm.ClassReader.readAnnotationValue(I[CLjava/lang/String;Lorg/objectweb/asm/AnnotationVisitor;)I @ 564
Event: 5.816 Thread 0x0000000002b1e000 Uncommon trap: reason=unstable_if action=reinterpret pc=0x00000000030b3688 method=org.objectweb.asm.ClassReader.readUTF(II[C)Ljava/lang/String; @ 98
Event: 5.818 Thread 0x0000000002b1e000 Uncommon trap: reason=unstable_if action=reinterpret pc=0x00000000030fe3c8 method=org.objectweb.asm.ByteVector.putUTF8(Ljava/lang/String;)Lorg/objectweb/asm/ByteVector; @ 98
Event: 5.920 Thread 0x0000000002b1e000 Uncommon trap: reason=unstable_if action=reinterpret pc=0x00000000030a5e50 method=org.objectweb.asm.Item.isEqualTo(Lorg/objectweb/asm/Item;)Z @ 251

Classes redefined (0 events):
No events

Internal exceptions (10 events):
Event: 4.459 Thread 0x0000000002b1e000 Exception <a 'sun/nio/fs/WindowsException'> (0x00000000ff240a70) thrown at [D:\src\AOSP-openjdk-cygwin\jdk8u\hotspot\src\share\vm\prims\jni.cpp, line 709]
Event: 4.459 Thread 0x0000000002b1e000 Exception <a 'sun/nio/fs/WindowsException'> (0x00000000ff241060) thrown at [D:\src\AOSP-openjdk-cygwin\jdk8u\hotspot\src\share\vm\prims\jni.cpp, line 709]
Event: 4.459 Thread 0x0000000002b1e000 Exception <a 'sun/nio/fs/WindowsException'> (0x00000000ff241830) thrown at [D:\src\AOSP-openjdk-cygwin\jdk8u\hotspot\src\share\vm\prims\jni.cpp, line 709]
Event: 4.504 Thread 0x0000000002b1e000 Exception <a 'sun/nio/fs/WindowsException'> (0x00000000ff246800) thrown at [D:\src\AOSP-openjdk-cygwin\jdk8u\hotspot\src\share\vm\prims\jni.cpp, line 709]
Event: 4.906 Thread 0x0000000002b1e000 Exception <a 'sun/nio/fs/WindowsException'> (0x00000000ff8f9e58) thrown at [D:\src\AOSP-openjdk-cygwin\jdk8u\hotspot\src\share\vm\prims\jni.cpp, line 709]
Event: 4.906 Thread 0x0000000002b1e000 Exception <a 'sun/nio/fs/WindowsException'> (0x00000000ff8fa3f0) thrown at [D:\src\AOSP-openjdk-cygwin\jdk8u\hotspot\src\share\vm\prims\jni.cpp, line 709]
Event: 5.081 Thread 0x0000000002b1e000 Exception <a 'sun/nio/fs/WindowsException'> (0x00000000ff915148) thrown at [D:\src\AOSP-openjdk-cygwin\jdk8u\hotspot\src\share\vm\prims\jni.cpp, line 709]
Event: 5.081 Thread 0x0000000002b1e000 Exception <a 'sun/nio/fs/WindowsException'> (0x00000000ff915660) thrown at [D:\src\AOSP-openjdk-cygwin\jdk8u\hotspot\src\share\vm\prims\jni.cpp, line 709]
Event: 6.837 Thread 0x0000000002b1e000 Exception <a 'sun/nio/fs/WindowsException'> (0x00000000feedb050) thrown at [D:\src\AOSP-openjdk-cygwin\jdk8u\hotspot\src\share\vm\prims\jni.cpp, line 709]
Event: 6.838 Thread 0x0000000002b1e000 Exception <a 'sun/nio/fs/WindowsException'> (0x00000000feedb568) thrown at [D:\src\AOSP-openjdk-cygwin\jdk8u\hotspot\src\share\vm\prims\jni.cpp, line 709]

Events (10 events):
Event: 6.447 loading class com/google/devtools/build/android/desugar/FieldInfo
Event: 6.447 loading class com/google/devtools/build/android/desugar/FieldInfo done
Event: 6.482 loading class com/google/devtools/build/android/desugar/AutoValue_FieldInfo
Event: 6.482 loading class com/google/devtools/build/android/desugar/AutoValue_FieldInfo done
Event: 6.487 loading class com/google/devtools/build/android/desugar/Java7Compatibility$InlineOneMethod
Event: 6.487 loading class com/google/devtools/build/android/desugar/Java7Compatibility$InlineOneMethod done
Event: 6.653 Thread 0x0000000002b1e000 DEOPT PACKING pc=0x000000000311b9c6 sp=0x0000000002c1f100
Event: 6.654 Thread 0x0000000002b1e000 DEOPT UNPACKING pc=0x0000000002d671d0 sp=0x0000000002c1ee50 mode 0
Event: 6.680 Executing VM operation: ParallelGCFailedAllocation
Event: 6.700 Executing VM operation: ParallelGCFailedAllocation done


Dynamic libraries:
0x00007ff757280000 - 0x00007ff7572b1000 	C:\Program Files\Android\Android Studio\jre\bin\java.exe
0x00007ffa964f0000 - 0x00007ffa966dd000 	C:\WINDOWS\SYSTEM32\ntdll.dll
0x00007ffa96290000 - 0x00007ffa96343000 	C:\WINDOWS\System32\KERNEL32.DLL
0x00007ffa92890000 - 0x00007ffa92b23000 	C:\WINDOWS\System32\KERNELBASE.dll
0x00007ffa95d50000 - 0x00007ffa95df3000 	C:\WINDOWS\System32\ADVAPI32.dll
0x00007ffa95e00000 - 0x00007ffa95e9e000 	C:\WINDOWS\System32\msvcrt.dll
0x00007ffa96090000 - 0x00007ffa9612e000 	C:\WINDOWS\System32\sechost.dll
0x00007ffa95f60000 - 0x00007ffa96083000 	C:\WINDOWS\System32\RPCRT4.dll
0x00007ffa952e0000 - 0x00007ffa95477000 	C:\WINDOWS\System32\USER32.dll
0x00007ffa93700000 - 0x00007ffa93720000 	C:\WINDOWS\System32\win32u.dll
0x00007ffa93b70000 - 0x00007ffa93b99000 	C:\WINDOWS\System32\GDI32.dll
0x00007ffa93450000 - 0x00007ffa935ea000 	C:\WINDOWS\System32\gdi32full.dll
0x00007ffa927f0000 - 0x00007ffa92890000 	C:\WINDOWS\System32\msvcp_win.dll
0x00007ffa93300000 - 0x00007ffa933fc000 	C:\WINDOWS\System32\ucrtbase.dll
0x00007ffa83c80000 - 0x00007ffa83ef9000 	C:\WINDOWS\WinSxS\amd64_microsoft.windows.common-controls_6595b64144ccf1df_6.0.17763.134_none_05b3373a07211a5c\COMCTL32.dll
0x00007ffa95970000 - 0x00007ffa95c9d000 	C:\WINDOWS\System32\combase.dll
0x00007ffa93280000 - 0x00007ffa932fe000 	C:\WINDOWS\System32\bcryptPrimitives.dll
0x00007ffa93ba0000 - 0x00007ffa93bce000 	C:\WINDOWS\System32\IMM32.DLL
0x0000000066bb0000 - 0x0000000066c82000 	C:\Program Files\Android\Android Studio\jre\jre\bin\msvcr100.dll
0x0000000067490000 - 0x0000000067ccf000 	C:\Program Files\Android\Android Studio\jre\jre\bin\server\jvm.dll
0x00007ffa93d60000 - 0x00007ffa93d68000 	C:\WINDOWS\System32\PSAPI.DLL
0x00007ffa7b720000 - 0x00007ffa7b729000 	C:\WINDOWS\SYSTEM32\WSOCK32.dll
0x00007ffa902b0000 - 0x00007ffa902d4000 	C:\WINDOWS\SYSTEM32\WINMM.dll
0x00007ffa95900000 - 0x00007ffa9596d000 	C:\WINDOWS\System32\WS2_32.dll
0x00007ffa80770000 - 0x00007ffa8077a000 	C:\WINDOWS\SYSTEM32\VERSION.dll
0x00007ffa90280000 - 0x00007ffa902ad000 	C:\WINDOWS\SYSTEM32\WINMMBASE.dll
0x00007ffa93400000 - 0x00007ffa9344a000 	C:\WINDOWS\System32\cfgmgr32.dll
0x00007ffa8ac00000 - 0x00007ffa8ac0f000 	C:\Program Files\Android\Android Studio\jre\jre\bin\verify.dll
0x00007ffa76340000 - 0x00007ffa76369000 	C:\Program Files\Android\Android Studio\jre\jre\bin\java.dll
0x00007ffa81980000 - 0x00007ffa81996000 	C:\Program Files\Android\Android Studio\jre\jre\bin\zip.dll
0x00007ffa93d70000 - 0x00007ffa9525f000 	C:\WINDOWS\System32\SHELL32.dll
0x00007ffa95eb0000 - 0x00007ffa95f58000 	C:\WINDOWS\System32\shcore.dll
0x00007ffa92b30000 - 0x00007ffa93278000 	C:\WINDOWS\System32\windows.storage.dll
0x00007ffa92590000 - 0x00007ffa925b4000 	C:\WINDOWS\System32\profapi.dll
0x00007ffa924f0000 - 0x00007ffa9254d000 	C:\WINDOWS\System32\powrprof.dll
0x00007ffa93d00000 - 0x00007ffa93d52000 	C:\WINDOWS\System32\shlwapi.dll
0x00007ffa92570000 - 0x00007ffa92581000 	C:\WINDOWS\System32\kernel.appcore.dll
0x00007ffa925f0000 - 0x00007ffa92607000 	C:\WINDOWS\System32\cryptsp.dll
0x00007ffa91500000 - 0x00007ffa91533000 	C:\WINDOWS\system32\rsaenh.dll
0x00007ffa925c0000 - 0x00007ffa925e6000 	C:\WINDOWS\System32\bcrypt.dll
0x00007ffa923f0000 - 0x00007ffa92418000 	C:\WINDOWS\SYSTEM32\USERENV.dll
0x00007ffa91b90000 - 0x00007ffa91b9c000 	C:\WINDOWS\SYSTEM32\CRYPTBASE.dll
0x00007ffa74d50000 - 0x00007ffa74d6a000 	C:\Program Files\Android\Android Studio\jre\jre\bin\net.dll
0x00007ffa919c0000 - 0x00007ffa91a27000 	C:\WINDOWS\system32\mswsock.dll
0x00007ffa916c0000 - 0x00007ffa916fd000 	C:\WINDOWS\SYSTEM32\IPHLPAPI.DLL
0x00007ffa96350000 - 0x00007ffa96358000 	C:\WINDOWS\System32\NSI.dll
0x00007ffa89320000 - 0x00007ffa89336000 	C:\WINDOWS\SYSTEM32\dhcpcsvc6.DLL
0x00007ffa88430000 - 0x00007ffa8844c000 	C:\WINDOWS\SYSTEM32\dhcpcsvc.DLL
0x00007ffa91710000 - 0x00007ffa917d6000 	C:\WINDOWS\SYSTEM32\DNSAPI.dll
0x00007ffa76190000 - 0x00007ffa761a1000 	C:\Program Files\Android\Android Studio\jre\jre\bin\nio.dll

VM Arguments:
jvm_args: -Djava.awt.headless=true -Xmx64M -Dfile.encoding=windows-1252 -Duser.country=US -Duser.language=en -Duser.variant 
java_command: com.google.devtools.build.android.desugar.Desugar --input D:\Android_Utils\Projects\BableSchool\app\build\intermediates\transforms\stackFramesFixer\debug\13.jar --output D:\Android_Utils\Projects\BableSchool\app\build\intermediates\transforms\desugar\debug\14.jar --input D:\Android_Utils\Projects\BableSchool\app\build\intermediates\transforms\stackFramesFixer\debug\48.jar --output D:\Android_Utils\Projects\BableSchool\app\build\intermediates\transforms\desugar\debug\49.jar --input D:\Android_Utils\Projects\BableSchool\app\build\intermediates\transforms\stackFramesFixer\debug\73.jar --output D:\Android_Utils\Projects\BableSchool\app\build\intermediates\transforms\desugar\debug\68.jar --input D:\Android_Utils\Projects\BableSchool\app\build\intermediates\transforms\stackFramesFixer\debug\1.jar --output D:\Android_Utils\Projects\BableSchool\app\build\intermediates\transforms\desugar\debug\2.jar --input D:\Android_Utils\Projects\BableSchool\app\build\intermediates\transforms\stackFramesFixer\debug\65.jar --output D:\Android_Utils\Projects\BableSchool\app\build\intermediates\transforms\desugar\debug\66.jar --input D:\Android_Utils\Projects\BableSchool\app\build\intermediates\transforms\stackFramesFixer\debug\39.jar --output D:\Android_Utils\Projects\BableSchool\app\build\intermediates\transforms\desugar\debug\40.jar --input D:\Android_Utils\Projects\BableSchool\app\build\intermediates\transforms\stackFramesFixer\debug\64.jar --output D:\Android_Utils\Projects\BableSchool\app\build\intermediates\transforms\desugar\debug\65.jar --input D:\Android_Utils\Projects\BableSchool\app\build\intermediates\transforms\stackFramesFixer\debug\22.jar --output D:\Android_Utils\Projects\BableSchool\app\build\intermediates\transforms\desugar\debug\23.jar --input D:\Android_Utils\Projects\BableSchool\app\build\intermediates\transforms\stackFramesFixer\debug\72.jar --output D:\Android_Utils\Projects\BableSchool\app\build\intermediates\transforms\desugar\debug\70.jar --input D:
java_class_path (initial): C:\Users\Forntoh\AppData\Local\Temp\desugar_deploy.jar3507235045691860516
Launcher Type: SUN_STANDARD

Environment Variables:
PATH=C:\Program Files (x86)\Microchip\MPLAB C30\bin;C:\Python36\;C:\Python36\Scripts\;C:\Python27\;C:\Python27\Scripts;C:\ProgramData\Oracle\Java\javapath;C:\WINDOWS\system32;C:\WINDOWS;C:\WINDOWS\System32\Wbem;C:\WINDOWS\System32\WindowsPowerShell\v1.0\;D:\Android_Utils\SDK\platform-tools;D:\AI\OpenCV\opencv\build\x64\vc14\bin;D:\Programs\wamp\bin\php\php7.1.11;C:\composer;C:\Program Files\Git\cmd;C:\Program Files\Git\mingw64\bin;C:\Program Files\Git\usr\bin;C:\Program Files\nodejs\;C:\Users\Forntoh\AppData\Local\Microsoft\WindowsApps;C:\Users\Forntoh\AppData\Roaming\Composer\vendor\bin;C:\Program Files\Microsoft VS Code\bin;C:\Users\Forntoh\AppData\Roaming\npm;C:\Program Files\Heroku\bin;C:\adb;C:\Program Files\Java\jdk1.8.0_131\bin;D:\Programs\wamp\bin\mysql\mysql5.7.9\bin;C:\Program Files (x86)\HI-TECH Software\PICC\LITE\9.60\bin;C:\Program Files (x86)\Windows Kits\10\Windows Performance Toolkit\;C:\WINDOWS\system32;C:\WINDOWS;C:\WINDOWS\System32\Wbem;C:\WINDOWS\System32\WindowsPowerShell\v1.0\;C:\Program Files\PostgreSQL\10\bin;;C:\WINDOWS\System32\OpenSSH\;C:\Ruby24-x64\bin;C:\Users\Forntoh\AppData\Local\Microsoft\WindowsApps;C:\Users\Forntoh\AppData\Roaming\Composer\vendor\bin;C:\Program Files\Microsoft VS Code\bin;C:\Users\Forntoh\AppData\Roaming\npm;C:\Program Files\Heroku\bin;C:\Program Files\Java\jdk1.8.0_131\bin;D:\Programs\wamp\bin\mysql\mysql5.7.9\bin;C:\Program Files\PostgreSQL\10\bin;
USERNAME=Forntoh
OS=Windows_NT
PROCESSOR_IDENTIFIER=Intel64 Family 6 Model 42 Stepping 7, GenuineIntel



---------------  S Y S T E M  ---------------

OS: Windows 10.0 , 64 bit Build 17763 (10.0.17763.1)

CPU:total 2 (initial active 2) (2 cores per cpu, 1 threads per core) family 6 model 42 stepping 7, cmov, cx8, fxsr, mmx, sse, sse2, sse3, ssse3, sse4.1, sse4.2, popcnt, clmul, tsc, tscinvbit

Memory: 4k page, physical 8275764k(2755828k free), swap 12470068k(5356k free)

vm_info: OpenJDK 64-Bit Server VM (25.152-b02) for windows-amd64 JRE (1.8.0_152-release-1024-b02), built by "builder" with MS VC++ 10.0 (VS2010)

time: Sat Dec 01 02:43:02 2018
elapsed time: 7 seconds (0d 0h 0m 7s)

