#
# There is insufficient memory for the Java Runtime Environment to continue.
# Native memory allocation (malloc) failed to allocate 32744 bytes for ChunkPool::allocate
# Possible reasons:
#   The system is out of physical RAM or swap space
#   In 32 bit mode, the process size limit was hit
# Possible solutions:
#   Reduce memory load on the system
#   Increase physical memory or swap space
#   Check if swap backing store is full
#   Use 64 bit Java on a 64 bit OS
#   Decrease Java heap size (-Xmx/-Xms)
#   Decrease number of Java threads
#   Decrease Java thread stack sizes (-Xss)
#   Set larger code cache with -XX:ReservedCodeCacheSize=
# This output file may be truncated or incomplete.
#
#  Out of Memory Error (allocation.cpp:273), pid=43472, tid=0x000000000000a7dc
#
# JRE version: OpenJDK Runtime Environment (8.0_152-b02) (build 1.8.0_152-release-1024-b02)
# Java VM: OpenJDK 64-Bit Server VM (25.152-b02 mixed mode windows-amd64 compressed oops)
# Failed to write core dump. Minidumps are not enabled by default on client versions of Windows
#

---------------  T H R E A D  ---------------

Current thread (0x00000000130bb800):  JavaThread "C2 CompilerThread0" daemon [_thread_in_vm, id=42972, stack(0x00000000140d0000,0x00000000141d0000)]

Stack: [0x00000000140d0000,0x00000000141d0000]
[error occurred during error reporting (printing stack bounds), id 0xc0000005]

Native frames: (J=compiled Java code, j=interpreted, Vv=VM code, C=native code)


Current CompileTask:
C2:    334   65       4       java.lang.CharacterData::of (120 bytes)


---------------  P R O C E S S  ---------------

Java Threads: ( => current thread )
  0x0000000013115000 JavaThread "Service Thread" daemon [_thread_blocked, id=42296, stack(0x00000000142d0000,0x00000000143d0000)]
  0x00000000130aa800 JavaThread "C1 CompilerThread1" daemon [_thread_in_native, id=43708, stack(0x00000000141d0000,0x00000000142d0000)]
=>0x00000000130bb800 JavaThread "C2 CompilerThread0" daemon [_thread_in_vm, id=42972, stack(0x00000000140d0000,0x00000000141d0000)]
  0x00000000130ba000 JavaThread "Attach Listener" daemon [_thread_blocked, id=43092, stack(0x0000000013fd0000,0x00000000140d0000)]
  0x00000000130b7000 JavaThread "Signal Dispatcher" daemon [_thread_blocked, id=43384, stack(0x0000000013ed0000,0x0000000013fd0000)]
  0x0000000013096800 JavaThread "Finalizer" daemon [_thread_blocked, id=43924, stack(0x0000000013ce0000,0x0000000013de0000)]
  0x0000000002f85800 JavaThread "Reference Handler" daemon [_thread_blocked, id=43488, stack(0x0000000013be0000,0x0000000013ce0000)]
  0x0000000002e94800 JavaThread "main" [_thread_in_native, id=42380, stack(0x0000000002ce0000,0x0000000002de0000)]

Other Threads:
  0x0000000013073800 VMThread [stack: 0x0000000013ae0000,0x0000000013be0000] [id=42448]
  0x0000000013121800 WatcherThread [stack: 0x00000000143d0000,0x00000000144d0000] [id=42184]

VM state:not at safepoint (normal execution)

VM Mutex/Monitor currently owned by a thread: None

Heap:
 PSYoungGen      total 18944K, used 1641K [0x00000000feb00000, 0x0000000100000000, 0x0000000100000000)
  eden space 16384K, 10% used [0x00000000feb00000,0x00000000fec9a798,0x00000000ffb00000)
  from space 2560K, 0% used [0x00000000ffd80000,0x00000000ffd80000,0x0000000100000000)
  to   space 2560K, 0% used [0x00000000ffb00000,0x00000000ffb00000,0x00000000ffd80000)
 ParOldGen       total 44032K, used 0K [0x00000000fc000000, 0x00000000feb00000, 0x00000000feb00000)
  object space 44032K, 0% used [0x00000000fc000000,0x00000000fc000000,0x00000000feb00000)
 Metaspace       used 3394K, capacity 4652K, committed 4864K, reserved 1056768K
  class space    used 359K, capacity 424K, committed 512K, reserved 1048576K

Card table byte_map: [0x00000000013e0000,0x0000000001410000] byte_map_base: 0x0000000000c00000

Marking Bits: (ParMarkBitMap*) 0x000000005bdb4970
 Begin Bits: [0x0000000012550000, 0x0000000012650000)
 End Bits:   [0x0000000012650000, 0x0000000012750000)

Polling page: 0x0000000001080000

CodeCache: size=245760Kb used=1161Kb max_used=1161Kb free=244598Kb
 bounds [0x0000000002f90000, 0x0000000003200000, 0x0000000011f90000]
 total_blobs=309 nmethods=59 adapters=165
 compilation: enabled

Compilation events (10 events):
Event: 0.247 Thread 0x00000000130aa800   56       3       java.util.HashMap::hash (20 bytes)
Event: 0.247 Thread 0x00000000130aa800 nmethod 56 0x00000000030afdd0 code [0x00000000030aff40, 0x00000000030b0188]
Event: 0.247 Thread 0x00000000130aa800   57  s    3       java.util.Hashtable::put (104 bytes)
Event: 0.248 Thread 0x00000000130aa800 nmethod 57 0x00000000030b0250 code [0x00000000030b0420, 0x00000000030b0bb8]
Event: 0.248 Thread 0x00000000130aa800   58       3       java.util.Hashtable::addEntry (87 bytes)
Event: 0.249 Thread 0x00000000130aa800 nmethod 58 0x00000000030b1690 code [0x00000000030b1840, 0x00000000030b1e98]
Event: 0.249 Thread 0x00000000130aa800   59       3       java.util.Hashtable$Entry::<init> (26 bytes)
Event: 0.249 Thread 0x00000000130aa800 nmethod 59 0x00000000030b21d0 code [0x00000000030b2320, 0x00000000030b2510]
Event: 0.250 Thread 0x00000000130aa800   60       3       java.lang.String::toLowerCase (439 bytes)
Event: 0.251 Thread 0x00000000130bb800   65       4       java.lang.CharacterData::of (120 bytes)

GC Heap History (0 events):
No events

Deoptimization events (0 events):
No events

Classes redefined (0 events):
No events

Internal exceptions (2 events):
Event: 0.073 Thread 0x0000000002e94800 Exception <a 'java/lang/NoSuchMethodError': Method sun.misc.Unsafe.defineClass(Ljava/lang/String;[BII)Ljava/lang/Class; name or signature does not match> (0x00000000feb07ca8) thrown at [D:\src\AOSP-openjdk-cygwin\jdk8u\hotspot\src\share\vm\prims\jni.cpp, 
Event: 0.073 Thread 0x0000000002e94800 Exception <a 'java/lang/NoSuchMethodError': Method sun.misc.Unsafe.prefetchRead(Ljava/lang/Object;J)V name or signature does not match> (0x00000000feb07f90) thrown at [D:\src\AOSP-openjdk-cygwin\jdk8u\hotspot\src\share\vm\prims\jni.cpp, line 4011]

Events (10 events):
Event: 0.247 loading class java/util/LinkedHashMap$LinkedEntrySet
Event: 0.248 loading class java/util/LinkedHashMap$LinkedEntrySet done
Event: 0.248 loading class java/util/LinkedHashMap$LinkedEntryIterator
Event: 0.248 loading class java/util/LinkedHashMap$LinkedHashIterator
Event: 0.248 loading class java/util/LinkedHashMap$LinkedHashIterator done
Event: 0.248 loading class java/util/LinkedHashMap$LinkedEntryIterator done
Event: 0.248 loading class java/security/Provider$Service
Event: 0.248 loading class java/security/Provider$Service done
Event: 0.249 loading class java/security/Provider$UString
Event: 0.249 loading class java/security/Provider$UString done


Dynamic libraries:
0x00007ff784aa0000 - 0x00007ff784ad1000 	C:\Program Files\Android\Android Studio\jre\bin\java.exe
0x00007ffa1aa10000 - 0x00007ffa1abf1000 	C:\WINDOWS\SYSTEM32\ntdll.dll
0x00007ffa1a090000 - 0x00007ffa1a142000 	C:\WINDOWS\System32\KERNEL32.DLL
0x00007ffa17b20000 - 0x00007ffa17d93000 	C:\WINDOWS\System32\KERNELBASE.dll
0x00007ffa19fd0000 - 0x00007ffa1a071000 	C:\WINDOWS\System32\ADVAPI32.dll
0x00007ffa1a6d0000 - 0x00007ffa1a76e000 	C:\WINDOWS\System32\msvcrt.dll
0x00007ffa1a670000 - 0x00007ffa1a6cb000 	C:\WINDOWS\System32\sechost.dll
0x00007ffa19d10000 - 0x00007ffa19e34000 	C:\WINDOWS\System32\RPCRT4.dll
0x00007ffa19e40000 - 0x00007ffa19fd0000 	C:\WINDOWS\System32\USER32.dll
0x00007ffa17730000 - 0x00007ffa17750000 	C:\WINDOWS\System32\win32u.dll
0x00007ffa19b00000 - 0x00007ffa19b28000 	C:\WINDOWS\System32\GDI32.dll
0x00007ffa16de0000 - 0x00007ffa16f72000 	C:\WINDOWS\System32\gdi32full.dll
0x00007ffa16f80000 - 0x00007ffa1701f000 	C:\WINDOWS\System32\msvcp_win.dll
0x00007ffa17da0000 - 0x00007ffa17e9a000 	C:\WINDOWS\System32\ucrtbase.dll
0x00007ffa04db0000 - 0x00007ffa05019000 	C:\WINDOWS\WinSxS\amd64_microsoft.windows.common-controls_6595b64144ccf1df_6.0.17134.285_none_fb4297e330656775\COMCTL32.dll
0x00007ffa197c0000 - 0x00007ffa19ae3000 	C:\WINDOWS\System32\combase.dll
0x00007ffa17800000 - 0x00007ffa1787a000 	C:\WINDOWS\System32\bcryptPrimitives.dll
0x00007ffa18350000 - 0x00007ffa1837d000 	C:\WINDOWS\System32\IMM32.DLL
0x000000005b430000 - 0x000000005b502000 	C:\Program Files\Android\Android Studio\jre\jre\bin\msvcr100.dll
0x000000005b5f0000 - 0x000000005be2f000 	C:\Program Files\Android\Android Studio\jre\jre\bin\server\jvm.dll
0x00007ffa1a820000 - 0x00007ffa1a828000 	C:\WINDOWS\System32\PSAPI.DLL
0x00007ffa13f20000 - 0x00007ffa13f43000 	C:\WINDOWS\SYSTEM32\WINMM.dll
0x00007ff9fe790000 - 0x00007ff9fe799000 	C:\WINDOWS\SYSTEM32\WSOCK32.dll
0x00007ffa17ea0000 - 0x00007ffa17f0c000 	C:\WINDOWS\System32\WS2_32.dll
0x00007ffa157e0000 - 0x00007ffa157ea000 	C:\WINDOWS\SYSTEM32\VERSION.dll
0x00007ffa13ef0000 - 0x00007ffa13f1a000 	C:\WINDOWS\SYSTEM32\WINMMBASE.dll
0x00007ffa17ad0000 - 0x00007ffa17b19000 	C:\WINDOWS\System32\cfgmgr32.dll
0x00007ffa158d0000 - 0x00007ffa158df000 	C:\Program Files\Android\Android Studio\jre\jre\bin\verify.dll
0x00007ffa12db0000 - 0x00007ffa12dd9000 	C:\Program Files\Android\Android Studio\jre\jre\bin\java.dll
0x00007ffa0f850000 - 0x00007ffa0f866000 	C:\Program Files\Android\Android Studio\jre\jre\bin\zip.dll
0x00007ffa18380000 - 0x00007ffa197c0000 	C:\WINDOWS\System32\SHELL32.dll
0x00007ffa1a770000 - 0x00007ffa1a819000 	C:\WINDOWS\System32\shcore.dll
0x00007ffa17020000 - 0x00007ffa1772d000 	C:\WINDOWS\System32\windows.storage.dll
0x00007ffa1a920000 - 0x00007ffa1a971000 	C:\WINDOWS\System32\shlwapi.dll
0x00007ffa16d50000 - 0x00007ffa16d61000 	C:\WINDOWS\System32\kernel.appcore.dll
0x00007ffa16d70000 - 0x00007ffa16d8f000 	C:\WINDOWS\System32\profapi.dll
0x00007ffa16d90000 - 0x00007ffa16ddc000 	C:\WINDOWS\System32\powrprof.dll
0x00007ffa16d20000 - 0x00007ffa16d2a000 	C:\WINDOWS\System32\FLTLIB.DLL

VM Arguments:
jvm_args: -Djava.awt.headless=true -Xmx64M -Dfile.encoding=windows-1252 -Duser.country=US -Duser.language=en -Duser.variant 
java_command: com.google.devtools.build.android.desugar.Desugar --input D:\Android_Utils\Projects\BableSchool\app\build\intermediates\classes\debug --output D:\Android_Utils\Projects\BableSchool\app\build\intermediates\transforms\desugar\debug\0 --classpath_entry D:\Android_Utils\Projects\BableSchool\app\build\intermediates\classes\debug --classpath_entry D:\Android_Utils\Projects\BableSchool\app\build\intermediates\transforms\stackFramesFixer\debug\19.jar --classpath_entry D:\Android_Utils\Projects\BableSchool\app\build\intermediates\transforms\stackFramesFixer\debug\27.jar --classpath_entry D:\Android_Utils\Projects\BableSchool\app\build\intermediates\transforms\stackFramesFixer\debug\44.jar --classpath_entry D:\Android_Utils\Projects\BableSchool\app\build\intermediates\transforms\stackFramesFixer\debug\52.jar --classpath_entry D:\Android_Utils\Projects\BableSchool\app\build\intermediates\transforms\stackFramesFixer\debug\9.jar --classpath_entry D:\Android_Utils\Projects\BableSchool\app\build\intermediates\transforms\stackFramesFixer\debug\36.jar --classpath_entry D:\Android_Utils\Projects\BableSchool\app\build\intermediates\transforms\stackFramesFixer\debug\10.jar --classpath_entry D:\Android_Utils\Projects\BableSchool\app\build\intermediates\transforms\stackFramesFixer\debug\45.jar --classpath_entry D:\Android_Utils\Projects\BableSchool\app\build\intermediates\transforms\stackFramesFixer\debug\51.jar --classpath_entry D:\Android_Utils\Projects\BableSchool\app\build\intermediates\transforms\stackFramesFixer\debug\0.jar --classpath_entry D:\Android_Utils\Projects\BableSchool\app\build\intermediates\transforms\stackFramesFixer\debug\28.jar --classpath_entry D:\Android_Utils\Projects\BableSchool\app\build\intermediates\transforms\stackFramesFixer\debug\11.jar --classpath_entry D:\Android_Utils\Projects\BableSchool\app\build\intermediates\transforms\stackFramesFixer\debug\8.jar --classpath_entry D:\Android_Utils\Projects\BableSchool\app\build\intermediates\transfor
java_class_path (initial): C:\Users\Forntoh\AppData\Local\Temp\desugar_deploy.jar2474535414723731461
Launcher Type: SUN_STANDARD

Environment Variables:
PATH=C:\Program Files (x86)\Microchip\MPLAB C30\bin;C:\Python36\;C:\Python36\Scripts\;C:\Python27\;C:\Python27\Scripts;C:\ProgramData\Oracle\Java\javapath;C:\WINDOWS\system32;C:\WINDOWS;C:\WINDOWS\System32\Wbem;C:\WINDOWS\System32\WindowsPowerShell\v1.0\;D:\Android_Utils\SDK\platform-tools;D:\AI\OpenCV\opencv\build\x64\vc14\bin;D:\Programs\wamp\bin\php\php7.1.11;C:\composer;C:\Program Files\Git\cmd;C:\Program Files\Git\mingw64\bin;C:\Program Files\Git\usr\bin;C:\Program Files\nodejs\;C:\Users\Forntoh\AppData\Local\Microsoft\WindowsApps;C:\Users\Forntoh\AppData\Roaming\Composer\vendor\bin;C:\Program Files\Microsoft VS Code\bin;C:\Users\Forntoh\AppData\Roaming\npm;C:\Program Files\Heroku\bin;C:\adb;C:\Program Files\Java\jdk1.8.0_131\bin;D:\Programs\wamp\bin\mysql\mysql5.7.9\bin;C:\Program Files (x86)\HI-TECH Software\PICC\LITE\9.60\bin;C:\Program Files (x86)\Windows Kits\10\Windows Performance Toolkit\;C:\WINDOWS\system32;C:\WINDOWS;C:\WINDOWS\System32\Wbem;C:\WINDOWS\System32\WindowsPowerShell\v1.0\;C:\Program Files\PostgreSQL\10\bin;;C:\WINDOWS\System32\OpenSSH\;C:\Ruby24-x64\bin;C:\Users\Forntoh\AppData\Local\Microsoft\WindowsApps;C:\Users\Forntoh\AppData\Roaming\Composer\vendor\bin;C:\Program Files\Microsoft VS Code\bin;C:\Users\Forntoh\AppData\Roaming\npm;C:\Program Files\Heroku\bin;C:\Program Files\Java\jdk1.8.0_131\bin;D:\Programs\wamp\bin\mysql\mysql5.7.9\bin;C:\Program Files\PostgreSQL\10\bin;
USERNAME=Forntoh
OS=Windows_NT
PROCESSOR_IDENTIFIER=Intel64 Family 6 Model 42 Stepping 7, GenuineIntel



---------------  S Y S T E M  ---------------

OS: Windows 10.0 , 64 bit Build 17134 (10.0.17134.1)

CPU:total 2 (initial active 2) (2 cores per cpu, 1 threads per core) family 6 model 42 stepping 7, cmov, cx8, fxsr, mmx, sse, sse2, sse3, ssse3, sse4.1, sse4.2, popcnt, clmul, tsc, tscinvbit

Memory: 4k page, physical 8275764k(1602040k free), swap 12470068k(3912k free)

vm_info: OpenJDK 64-Bit Server VM (25.152-b02) for windows-amd64 JRE (1.8.0_152-release-1024-b02), built by "builder" with MS VC++ 10.0 (VS2010)

time: Tue Sep 18 12:25:58 2018
elapsed time: 0 seconds (0d 0h 0m 0s)

