#
# There is insufficient memory for the Java Runtime Environment to continue.
# Native memory allocation (malloc) failed to allocate 47328 bytes for Chunk::new
# Possible reasons:
#   The system is out of physical RAM or swap space
#   In 32 bit mode, the process size limit was hit
# Possible solutions:
#   Reduce memory load on the system
#   Increase physical memory or swap space
#   Check if swap backing store is full
#   Use 64 bit Java on a 64 bit OS
#   Decrease Java heap size (-Xmx/-Xms)
#   Decrease number of Java threads
#   Decrease Java thread stack sizes (-Xss)
#   Set larger code cache with -XX:ReservedCodeCacheSize=
# This output file may be truncated or incomplete.
#
#  Out of Memory Error (allocation.cpp:390), pid=90092, tid=0x00000000000165b4
#
# JRE version: OpenJDK Runtime Environment (8.0_152-b02) (build 1.8.0_152-release-1024-b02)
# Java VM: OpenJDK 64-Bit Server VM (25.152-b02 mixed mode windows-amd64 compressed oops)
# Failed to write core dump. Minidumps are not enabled by default on client versions of Windows
#

---------------  T H R E A D  ---------------

Current thread (0x00000000133d6800):  JavaThread "C2 CompilerThread0" daemon [_thread_in_native, id=91572, stack(0x0000000014420000,0x0000000014520000)]

Stack: [0x0000000014420000,0x0000000014520000]
[error occurred during error reporting (printing stack bounds), id 0xc0000005]

Native frames: (J=compiled Java code, j=interpreted, Vv=VM code, C=native code)


Current CompileTask:
C2:   8889  974 %     4       org.objectweb.asm.ClassReader::readCode @ 74 (3575 bytes)


---------------  P R O C E S S  ---------------

Java Threads: ( => current thread )
  0x00000000133e1800 JavaThread "Service Thread" daemon [_thread_blocked, id=88948, stack(0x0000000014620000,0x0000000014720000)]
  0x00000000133d9000 JavaThread "C1 CompilerThread1" daemon [_thread_in_native, id=74640, stack(0x0000000014520000,0x0000000014620000)]
=>0x00000000133d6800 JavaThread "C2 CompilerThread0" daemon [_thread_in_native, id=91572, stack(0x0000000014420000,0x0000000014520000)]
  0x00000000133e8000 JavaThread "Attach Listener" daemon [_thread_blocked, id=88264, stack(0x0000000014320000,0x0000000014420000)]
  0x00000000133e5000 JavaThread "Signal Dispatcher" daemon [_thread_blocked, id=80080, stack(0x0000000014220000,0x0000000014320000)]
  0x00000000133c6800 JavaThread "Finalizer" daemon [_thread_blocked, id=85036, stack(0x0000000014030000,0x0000000014130000)]
  0x0000000003293800 JavaThread "Reference Handler" daemon [_thread_blocked, id=89888, stack(0x0000000013f30000,0x0000000014030000)]
  0x00000000031a5000 JavaThread "main" [_thread_in_native, id=91008, stack(0x0000000002ff0000,0x00000000030f0000)]

Other Threads:
  0x00000000133a3800 VMThread [stack: 0x0000000013e30000,0x0000000013f30000] [id=91900]
  0x00000000133f3800 WatcherThread [stack: 0x0000000014720000,0x0000000014820000] [id=89528]

VM state:not at safepoint (normal execution)

VM Mutex/Monitor currently owned by a thread: None

Heap:
 PSYoungGen      total 18944K, used 14085K [0x00000000feb00000, 0x0000000100000000, 0x0000000100000000)
  eden space 16384K, 70% used [0x00000000feb00000,0x00000000ff642cd0,0x00000000ffb00000)
  from space 2560K, 99% used [0x00000000ffd80000,0x00000000ffffe830,0x0000000100000000)
  to   space 2560K, 0% used [0x00000000ffb00000,0x00000000ffb00000,0x00000000ffd80000)
 ParOldGen       total 44032K, used 5013K [0x00000000fc000000, 0x00000000feb00000, 0x00000000feb00000)
  object space 44032K, 11% used [0x00000000fc000000,0x00000000fc4e5730,0x00000000feb00000)
 Metaspace       used 7412K, capacity 7644K, committed 7936K, reserved 1056768K
  class space    used 850K, capacity 938K, committed 1024K, reserved 1048576K

Card table byte_map: [0x0000000003120000,0x0000000003150000] byte_map_base: 0x0000000002940000

Marking Bits: (ParMarkBitMap*) 0x000000005c114970
 Begin Bits: [0x0000000012860000, 0x0000000012960000)
 End Bits:   [0x0000000012960000, 0x0000000012a60000)

Polling page: 0x00000000030f0000

CodeCache: size=245760Kb used=3595Kb max_used=3595Kb free=242164Kb
 bounds [0x00000000032a0000, 0x0000000003630000, 0x00000000122a0000]
 total_blobs=1304 nmethods=981 adapters=238
 compilation: enabled

Compilation events (10 events):
Event: 8.636 Thread 0x00000000133d9000  979       3       org.objectweb.asm.tree.LabelNode::accept (9 bytes)
Event: 8.636 Thread 0x00000000133d9000 nmethod 979 0x0000000003622c90 code [0x0000000003622e20, 0x0000000003623228]
Event: 8.637 Thread 0x00000000133d9000  980       3       org.objectweb.asm.Edge::<init> (5 bytes)
Event: 8.637 Thread 0x00000000133d9000 nmethod 980 0x00000000036233d0 code [0x0000000003623520, 0x00000000036236d0]
Event: 8.637 Thread 0x00000000133d9000  981       3       org.objectweb.asm.tree.LineNumberNode::accept (16 bytes)
Event: 8.637 Thread 0x00000000133d9000 nmethod 981 0x0000000003623790 code [0x0000000003623920, 0x0000000003623d28]
Event: 8.637 Thread 0x00000000133d9000  982       3       org.objectweb.asm.tree.FieldInsnNode::accept (26 bytes)
Event: 8.637 Thread 0x00000000133d9000 nmethod 982 0x0000000003623f10 code [0x0000000003624080, 0x0000000003624378]
Event: 8.637 Thread 0x00000000133d9000  983       3       org.objectweb.asm.MethodWriter::visitFieldInsn (256 bytes)
Event: 8.639 Thread 0x00000000133d9000 nmethod 983 0x0000000003624450 code [0x0000000003624640, 0x0000000003624f38]

GC Heap History (4 events):
Event: 3.058 GC heap before
{Heap before GC invocations=1 (full 0):
 PSYoungGen      total 18944K, used 16384K [0x00000000feb00000, 0x0000000100000000, 0x0000000100000000)
  eden space 16384K, 100% used [0x00000000feb00000,0x00000000ffb00000,0x00000000ffb00000)
  from space 2560K, 0% used [0x00000000ffd80000,0x00000000ffd80000,0x0000000100000000)
  to   space 2560K, 0% used [0x00000000ffb00000,0x00000000ffb00000,0x00000000ffd80000)
 ParOldGen       total 44032K, used 0K [0x00000000fc000000, 0x00000000feb00000, 0x00000000feb00000)
  object space 44032K, 0% used [0x00000000fc000000,0x00000000fc000000,0x00000000feb00000)
 Metaspace       used 6684K, capacity 6862K, committed 7040K, reserved 1056768K
  class space    used 791K, capacity 871K, committed 896K, reserved 1048576K
Event: 3.080 GC heap after
Heap after GC invocations=1 (full 0):
 PSYoungGen      total 18944K, used 2544K [0x00000000feb00000, 0x0000000100000000, 0x0000000100000000)
  eden space 16384K, 0% used [0x00000000feb00000,0x00000000feb00000,0x00000000ffb00000)
  from space 2560K, 99% used [0x00000000ffb00000,0x00000000ffd7c020,0x00000000ffd80000)
  to   space 2560K, 0% used [0x00000000ffd80000,0x00000000ffd80000,0x0000000100000000)
 ParOldGen       total 44032K, used 1437K [0x00000000fc000000, 0x00000000feb00000, 0x00000000feb00000)
  object space 44032K, 3% used [0x00000000fc000000,0x00000000fc167488,0x00000000feb00000)
 Metaspace       used 6684K, capacity 6862K, committed 7040K, reserved 1056768K
  class space    used 791K, capacity 871K, committed 896K, reserved 1048576K
}
Event: 3.712 GC heap before
{Heap before GC invocations=2 (full 0):
 PSYoungGen      total 18944K, used 18928K [0x00000000feb00000, 0x0000000100000000, 0x0000000100000000)
  eden space 16384K, 100% used [0x00000000feb00000,0x00000000ffb00000,0x00000000ffb00000)
  from space 2560K, 99% used [0x00000000ffb00000,0x00000000ffd7c020,0x00000000ffd80000)
  to   space 2560K, 0% used [0x00000000ffd80000,0x00000000ffd80000,0x0000000100000000)
 ParOldGen       total 44032K, used 1437K [0x00000000fc000000, 0x00000000feb00000, 0x00000000feb00000)
  object space 44032K, 3% used [0x00000000fc000000,0x00000000fc167488,0x00000000feb00000)
 Metaspace       used 7113K, capacity 7356K, committed 7680K, reserved 1056768K
  class space    used 837K, capacity 906K, committed 1024K, reserved 1048576K
Event: 3.747 GC heap after
Heap after GC invocations=2 (full 0):
 PSYoungGen      total 18944K, used 2554K [0x00000000feb00000, 0x0000000100000000, 0x0000000100000000)
  eden space 16384K, 0% used [0x00000000feb00000,0x00000000feb00000,0x00000000ffb00000)
  from space 2560K, 99% used [0x00000000ffd80000,0x00000000ffffe830,0x0000000100000000)
  to   space 2560K, 0% used [0x00000000ffb00000,0x00000000ffb00000,0x00000000ffd80000)
 ParOldGen       total 44032K, used 5013K [0x00000000fc000000, 0x00000000feb00000, 0x00000000feb00000)
  object space 44032K, 11% used [0x00000000fc000000,0x00000000fc4e5730,0x00000000feb00000)
 Metaspace       used 7113K, capacity 7356K, committed 7680K, reserved 1056768K
  class space    used 837K, capacity 906K, committed 1024K, reserved 1048576K
}

Deoptimization events (9 events):
Event: 2.744 Thread 0x00000000031a5000 Uncommon trap: reason=unstable_if action=reinterpret pc=0x00000000034a96f8 method=java.lang.String.startsWith(Ljava/lang/String;I)Z @ 25
Event: 2.961 Thread 0x00000000031a5000 Uncommon trap: reason=unstable_if action=reinterpret pc=0x00000000034d0a6c method=java.util.zip.ZipFile$ZipEntryIterator.hasNext()Z @ 25
Event: 2.961 Thread 0x00000000031a5000 Uncommon trap: reason=unstable_if action=reinterpret pc=0x00000000034d369c method=java.util.zip.ZipCoder.decoder()Ljava/nio/charset/CharsetDecoder; @ 4
Event: 2.961 Thread 0x00000000031a5000 Uncommon trap: reason=unstable_if action=reinterpret pc=0x00000000034ccc98 method=java.util.zip.ZipEntry.setExtra0([BZ)V @ 1
Event: 2.969 Thread 0x00000000031a5000 Uncommon trap: reason=unstable_if action=reinterpret pc=0x00000000034c9088 method=java.util.zip.ZipFile$ZipEntryIterator.hasNext()Z @ 25
Event: 2.969 Thread 0x00000000031a5000 Uncommon trap: reason=unstable_if action=reinterpret pc=0x00000000034cda60 method=java.util.zip.ZipCoder.decoder()Ljava/nio/charset/CharsetDecoder; @ 4
Event: 2.973 Thread 0x00000000031a5000 Uncommon trap: reason=unstable_if action=reinterpret pc=0x00000000034d039c method=java.util.zip.ZipFile$ZipEntryIterator.hasNext()Z @ 25
Event: 2.973 Thread 0x00000000031a5000 Uncommon trap: reason=unstable_if action=reinterpret pc=0x00000000034ca11c method=java.util.zip.ZipCoder.decoder()Ljava/nio/charset/CharsetDecoder; @ 4
Event: 3.409 Thread 0x00000000031a5000 Uncommon trap: reason=unloaded action=reinterpret pc=0x00000000034e217c method=java.util.zip.ZipEntry.setExtra0([BZ)V @ 37

Classes redefined (0 events):
No events

Internal exceptions (10 events):
Event: 8.496 Thread 0x00000000031a5000 Exception <a 'sun/nio/fs/WindowsException'> (0x00000000ff489f78) thrown at [D:\src\AOSP-openjdk-cygwin\jdk8u\hotspot\src\share\vm\prims\jni.cpp, line 709]
Event: 8.503 Thread 0x00000000031a5000 Exception <a 'sun/nio/fs/WindowsException'> (0x00000000ff4a2a10) thrown at [D:\src\AOSP-openjdk-cygwin\jdk8u\hotspot\src\share\vm\prims\jni.cpp, line 709]
Event: 8.522 Thread 0x00000000031a5000 Exception <a 'sun/nio/fs/WindowsException'> (0x00000000ff4b5978) thrown at [D:\src\AOSP-openjdk-cygwin\jdk8u\hotspot\src\share\vm\prims\jni.cpp, line 709]
Event: 8.540 Thread 0x00000000031a5000 Exception <a 'sun/nio/fs/WindowsException'> (0x00000000ff4c8410) thrown at [D:\src\AOSP-openjdk-cygwin\jdk8u\hotspot\src\share\vm\prims\jni.cpp, line 709]
Event: 8.557 Thread 0x00000000031a5000 Exception <a 'sun/nio/fs/WindowsException'> (0x00000000ff4cd108) thrown at [D:\src\AOSP-openjdk-cygwin\jdk8u\hotspot\src\share\vm\prims\jni.cpp, line 709]
Event: 8.573 Thread 0x00000000031a5000 Exception <a 'sun/nio/fs/WindowsException'> (0x00000000ff4d89e8) thrown at [D:\src\AOSP-openjdk-cygwin\jdk8u\hotspot\src\share\vm\prims\jni.cpp, line 709]
Event: 8.599 Thread 0x00000000031a5000 Exception <a 'sun/nio/fs/WindowsException'> (0x00000000ff4e1228) thrown at [D:\src\AOSP-openjdk-cygwin\jdk8u\hotspot\src\share\vm\prims\jni.cpp, line 709]
Event: 8.615 Thread 0x00000000031a5000 Exception <a 'sun/nio/fs/WindowsException'> (0x00000000ff5236e0) thrown at [D:\src\AOSP-openjdk-cygwin\jdk8u\hotspot\src\share\vm\prims\jni.cpp, line 709]
Event: 8.640 Thread 0x00000000031a5000 Exception <a 'sun/nio/fs/WindowsException'> (0x00000000ff597da8) thrown at [D:\src\AOSP-openjdk-cygwin\jdk8u\hotspot\src\share\vm\prims\jni.cpp, line 709]
Event: 8.673 Thread 0x00000000031a5000 Exception <a 'sun/nio/fs/WindowsException'> (0x00000000ff59cf88) thrown at [D:\src\AOSP-openjdk-cygwin\jdk8u\hotspot\src\share\vm\prims\jni.cpp, line 709]

Events (10 events):
Event: 4.059 loading class org/objectweb/asm/tree/TypeInsnNode
Event: 4.059 loading class org/objectweb/asm/tree/TypeInsnNode done
Event: 4.061 loading class org/objectweb/asm/tree/LdcInsnNode
Event: 4.061 loading class org/objectweb/asm/tree/LdcInsnNode done
Event: 4.062 loading class org/objectweb/asm/tree/InsnList
Event: 4.062 loading class org/objectweb/asm/tree/InsnList done
Event: 4.065 loading class org/objectweb/asm/Edge
Event: 4.065 loading class org/objectweb/asm/Edge done
Event: 4.252 Executing VM operation: EnableBiasedLocking
Event: 4.253 Executing VM operation: EnableBiasedLocking done


Dynamic libraries:
0x00007ff6b3810000 - 0x00007ff6b3841000 	C:\Program Files\Android\Android Studio\jre\bin\java.exe
0x00007ffa1aa10000 - 0x00007ffa1abf1000 	C:\WINDOWS\SYSTEM32\ntdll.dll
0x00007ffa1a090000 - 0x00007ffa1a142000 	C:\WINDOWS\System32\KERNEL32.DLL
0x00007ffa17b20000 - 0x00007ffa17d93000 	C:\WINDOWS\System32\KERNELBASE.dll
0x00007ffa19fd0000 - 0x00007ffa1a071000 	C:\WINDOWS\System32\ADVAPI32.dll
0x00007ffa1a6d0000 - 0x00007ffa1a76e000 	C:\WINDOWS\System32\msvcrt.dll
0x00007ffa1a670000 - 0x00007ffa1a6cb000 	C:\WINDOWS\System32\sechost.dll
0x00007ffa19d10000 - 0x00007ffa19e34000 	C:\WINDOWS\System32\RPCRT4.dll
0x00007ffa19e40000 - 0x00007ffa19fd0000 	C:\WINDOWS\System32\USER32.dll
0x00007ffa17730000 - 0x00007ffa17750000 	C:\WINDOWS\System32\win32u.dll
0x00007ffa19b00000 - 0x00007ffa19b28000 	C:\WINDOWS\System32\GDI32.dll
0x00007ffa16de0000 - 0x00007ffa16f72000 	C:\WINDOWS\System32\gdi32full.dll
0x00007ffa16f80000 - 0x00007ffa1701f000 	C:\WINDOWS\System32\msvcp_win.dll
0x00007ffa17da0000 - 0x00007ffa17e9a000 	C:\WINDOWS\System32\ucrtbase.dll
0x00007ffa04db0000 - 0x00007ffa05019000 	C:\WINDOWS\WinSxS\amd64_microsoft.windows.common-controls_6595b64144ccf1df_6.0.17134.285_none_fb4297e330656775\COMCTL32.dll
0x00007ffa197c0000 - 0x00007ffa19ae3000 	C:\WINDOWS\System32\combase.dll
0x00007ffa17800000 - 0x00007ffa1787a000 	C:\WINDOWS\System32\bcryptPrimitives.dll
0x00007ffa18350000 - 0x00007ffa1837d000 	C:\WINDOWS\System32\IMM32.DLL
0x000000005b790000 - 0x000000005b862000 	C:\Program Files\Android\Android Studio\jre\jre\bin\msvcr100.dll
0x000000005b950000 - 0x000000005c18f000 	C:\Program Files\Android\Android Studio\jre\jre\bin\server\jvm.dll
0x00007ffa1a820000 - 0x00007ffa1a828000 	C:\WINDOWS\System32\PSAPI.DLL
0x00007ff9fe790000 - 0x00007ff9fe799000 	C:\WINDOWS\SYSTEM32\WSOCK32.dll
0x00007ffa17ea0000 - 0x00007ffa17f0c000 	C:\WINDOWS\System32\WS2_32.dll
0x00007ffa13f20000 - 0x00007ffa13f43000 	C:\WINDOWS\SYSTEM32\WINMM.dll
0x00007ffa157e0000 - 0x00007ffa157ea000 	C:\WINDOWS\SYSTEM32\VERSION.dll
0x00007ffa13ef0000 - 0x00007ffa13f1a000 	C:\WINDOWS\SYSTEM32\WINMMBASE.dll
0x00007ffa17ad0000 - 0x00007ffa17b19000 	C:\WINDOWS\System32\cfgmgr32.dll
0x00007ffa15890000 - 0x00007ffa1589f000 	C:\Program Files\Android\Android Studio\jre\jre\bin\verify.dll
0x00007ffa12250000 - 0x00007ffa12279000 	C:\Program Files\Android\Android Studio\jre\jre\bin\java.dll
0x00007ffa12520000 - 0x00007ffa12536000 	C:\Program Files\Android\Android Studio\jre\jre\bin\zip.dll
0x00007ffa18380000 - 0x00007ffa197c0000 	C:\WINDOWS\System32\SHELL32.dll
0x00007ffa1a770000 - 0x00007ffa1a819000 	C:\WINDOWS\System32\shcore.dll
0x00007ffa17020000 - 0x00007ffa1772d000 	C:\WINDOWS\System32\windows.storage.dll
0x00007ffa1a920000 - 0x00007ffa1a971000 	C:\WINDOWS\System32\shlwapi.dll
0x00007ffa16d50000 - 0x00007ffa16d61000 	C:\WINDOWS\System32\kernel.appcore.dll
0x00007ffa16d70000 - 0x00007ffa16d8f000 	C:\WINDOWS\System32\profapi.dll
0x00007ffa16d90000 - 0x00007ffa16ddc000 	C:\WINDOWS\System32\powrprof.dll
0x00007ffa16d20000 - 0x00007ffa16d2a000 	C:\WINDOWS\System32\FLTLIB.DLL
0x00007ffa16750000 - 0x00007ffa16767000 	C:\WINDOWS\SYSTEM32\CRYPTSP.dll
0x00007ffa16120000 - 0x00007ffa16153000 	C:\WINDOWS\system32\rsaenh.dll
0x00007ffa16880000 - 0x00007ffa168a5000 	C:\WINDOWS\SYSTEM32\bcrypt.dll
0x00007ffa16c50000 - 0x00007ffa16c78000 	C:\WINDOWS\SYSTEM32\USERENV.dll
0x00007ffa16770000 - 0x00007ffa1677b000 	C:\WINDOWS\SYSTEM32\CRYPTBASE.dll
0x00007ffa12230000 - 0x00007ffa1224a000 	C:\Program Files\Android\Android Studio\jre\jre\bin\net.dll
0x00007ffa165a0000 - 0x00007ffa16606000 	C:\WINDOWS\system32\mswsock.dll
0x00007ffa162c0000 - 0x00007ffa162f8000 	C:\WINDOWS\SYSTEM32\IPHLPAPI.DLL
0x00007ffa19af0000 - 0x00007ffa19af8000 	C:\WINDOWS\System32\NSI.dll
0x00007ffa0ac90000 - 0x00007ffa0aca6000 	C:\WINDOWS\SYSTEM32\dhcpcsvc6.DLL
0x00007ffa0ac70000 - 0x00007ffa0ac8a000 	C:\WINDOWS\SYSTEM32\dhcpcsvc.DLL
0x00007ffa0f950000 - 0x00007ffa0f961000 	C:\Program Files\Android\Android Studio\jre\jre\bin\nio.dll

VM Arguments:
jvm_args: -Djava.awt.headless=true -Xmx64M -Dfile.encoding=windows-1252 -Duser.country=US -Duser.language=en -Duser.variant 
java_command: com.google.devtools.build.android.desugar.Desugar --input D:\Android_Utils\Projects\BableSchool\app\build\intermediates\classes\debug --output D:\Android_Utils\Projects\BableSchool\app\build\intermediates\transforms\desugar\debug\0 --classpath_entry D:\Android_Utils\Projects\BableSchool\app\build\intermediates\classes\debug --classpath_entry D:\Android_Utils\Projects\BableSchool\app\build\intermediates\transforms\stackFramesFixer\debug\19.jar --classpath_entry D:\Android_Utils\Projects\BableSchool\app\build\intermediates\transforms\stackFramesFixer\debug\27.jar --classpath_entry D:\Android_Utils\Projects\BableSchool\app\build\intermediates\transforms\stackFramesFixer\debug\44.jar --classpath_entry D:\Android_Utils\Projects\BableSchool\app\build\intermediates\transforms\stackFramesFixer\debug\52.jar --classpath_entry D:\Android_Utils\Projects\BableSchool\app\build\intermediates\transforms\stackFramesFixer\debug\9.jar --classpath_entry D:\Android_Utils\Projects\BableSchool\app\build\intermediates\transforms\stackFramesFixer\debug\36.jar --classpath_entry D:\Android_Utils\Projects\BableSchool\app\build\intermediates\transforms\stackFramesFixer\debug\10.jar --classpath_entry D:\Android_Utils\Projects\BableSchool\app\build\intermediates\transforms\stackFramesFixer\debug\45.jar --classpath_entry D:\Android_Utils\Projects\BableSchool\app\build\intermediates\transforms\stackFramesFixer\debug\51.jar --classpath_entry D:\Android_Utils\Projects\BableSchool\app\build\intermediates\transforms\stackFramesFixer\debug\0.jar --classpath_entry D:\Android_Utils\Projects\BableSchool\app\build\intermediates\transforms\stackFramesFixer\debug\28.jar --classpath_entry D:\Android_Utils\Projects\BableSchool\app\build\intermediates\transforms\stackFramesFixer\debug\11.jar --classpath_entry D:\Android_Utils\Projects\BableSchool\app\build\intermediates\transforms\stackFramesFixer\debug\8.jar --classpath_entry D:\Android_Utils\Projects\BableSchool\app\build\intermediates\transfor
java_class_path (initial): C:\Users\Forntoh\AppData\Local\Temp\desugar_deploy.jar8539234635450972858
Launcher Type: SUN_STANDARD

Environment Variables:
PATH=C:\Program Files (x86)\Microchip\MPLAB C30\bin;C:\Python36\;C:\Python36\Scripts\;C:\Python27\;C:\Python27\Scripts;C:\ProgramData\Oracle\Java\javapath;C:\WINDOWS\system32;C:\WINDOWS;C:\WINDOWS\System32\Wbem;C:\WINDOWS\System32\WindowsPowerShell\v1.0\;D:\Android_Utils\SDK\platform-tools;D:\AI\OpenCV\opencv\build\x64\vc14\bin;D:\Programs\wamp\bin\php\php7.1.11;C:\composer;C:\Program Files\Git\cmd;C:\Program Files\Git\mingw64\bin;C:\Program Files\Git\usr\bin;C:\Program Files\nodejs\;C:\Users\Forntoh\AppData\Local\Microsoft\WindowsApps;C:\Users\Forntoh\AppData\Roaming\Composer\vendor\bin;C:\Program Files\Microsoft VS Code\bin;C:\Users\Forntoh\AppData\Roaming\npm;C:\Program Files\Heroku\bin;C:\adb;C:\Program Files\Java\jdk1.8.0_131\bin;D:\Programs\wamp\bin\mysql\mysql5.7.9\bin;C:\Program Files (x86)\HI-TECH Software\PICC\LITE\9.60\bin;C:\Program Files (x86)\Windows Kits\10\Windows Performance Toolkit\;C:\WINDOWS\system32;C:\WINDOWS;C:\WINDOWS\System32\Wbem;C:\WINDOWS\System32\WindowsPowerShell\v1.0\;C:\Program Files\PostgreSQL\10\bin;;C:\WINDOWS\System32\OpenSSH\;C:\Ruby24-x64\bin;C:\Users\Forntoh\AppData\Local\Microsoft\WindowsApps;C:\Users\Forntoh\AppData\Roaming\Composer\vendor\bin;C:\Program Files\Microsoft VS Code\bin;C:\Users\Forntoh\AppData\Roaming\npm;C:\Program Files\Heroku\bin;C:\Program Files\Java\jdk1.8.0_131\bin;D:\Programs\wamp\bin\mysql\mysql5.7.9\bin;C:\Program Files\PostgreSQL\10\bin;
USERNAME=Forntoh
OS=Windows_NT
PROCESSOR_IDENTIFIER=Intel64 Family 6 Model 42 Stepping 7, GenuineIntel



---------------  S Y S T E M  ---------------

OS: Windows 10.0 , 64 bit Build 17134 (10.0.17134.1)

CPU:total 2 (initial active 2) (2 cores per cpu, 1 threads per core) family 6 model 42 stepping 7, cmov, cx8, fxsr, mmx, sse, sse2, sse3, ssse3, sse4.1, sse4.2, popcnt, clmul, tsc, tscinvbit

Memory: 4k page, physical 8275764k(1077812k free), swap 12470068k(5336k free)

vm_info: OpenJDK 64-Bit Server VM (25.152-b02) for windows-amd64 JRE (1.8.0_152-release-1024-b02), built by "builder" with MS VC++ 10.0 (VS2010)

time: Thu Sep 20 19:21:37 2018
elapsed time: 8 seconds (0d 0h 0m 8s)

