#
# There is insufficient memory for the Java Runtime Environment to continue.
# Native memory allocation (malloc) failed to allocate 32744 bytes for ChunkPool::allocate
# Possible reasons:
#   The system is out of physical RAM or swap space
#   In 32 bit mode, the process size limit was hit
# Possible solutions:
#   Reduce memory load on the system
#   Increase physical memory or swap space
#   Check if swap backing store is full
#   Use 64 bit Java on a 64 bit OS
#   Decrease Java heap size (-Xmx/-Xms)
#   Decrease number of Java threads
#   Decrease Java thread stack sizes (-Xss)
#   Set larger code cache with -XX:ReservedCodeCacheSize=
# This output file may be truncated or incomplete.
#
#  Out of Memory Error (allocation.cpp:273), pid=17268, tid=0x000000000000429c
#
# JRE version: OpenJDK Runtime Environment (8.0_152-b02) (build 1.8.0_152-release-1024-b02)
# Java VM: OpenJDK 64-Bit Server VM (25.152-b02 mixed mode windows-amd64 compressed oops)
# Failed to write core dump. Minidumps are not enabled by default on client versions of Windows
#

---------------  T H R E A D  ---------------

Current thread (0x00000000128e8000):  JavaThread "C1 CompilerThread1" daemon [_thread_in_native, id=17052, stack(0x00000000139c0000,0x0000000013ac0000)]

Stack: [0x00000000139c0000,0x0000000013ac0000]
[error occurred during error reporting (printing stack bounds), id 0xc0000005]

Native frames: (J=compiled Java code, j=interpreted, Vv=VM code, C=native code)


Current CompileTask:
C1:  14474  836       3       org.objectweb.asm.ClassReader::readCode (3575 bytes)


---------------  P R O C E S S  ---------------

Java Threads: ( => current thread )
  0x00000000128eb000 JavaThread "Service Thread" daemon [_thread_blocked, id=19760, stack(0x0000000013ac0000,0x0000000013bc0000)]
=>0x00000000128e8000 JavaThread "C1 CompilerThread1" daemon [_thread_in_native, id=17052, stack(0x00000000139c0000,0x0000000013ac0000)]
  0x000000001288c000 JavaThread "C2 CompilerThread0" daemon [_thread_blocked, id=19288, stack(0x00000000138c0000,0x00000000139c0000)]
  0x000000001288a800 JavaThread "Attach Listener" daemon [_thread_blocked, id=1768, stack(0x00000000137c0000,0x00000000138c0000)]
  0x0000000012887000 JavaThread "Signal Dispatcher" daemon [_thread_blocked, id=19244, stack(0x00000000136c0000,0x00000000137c0000)]
  0x0000000012876800 JavaThread "Finalizer" daemon [_thread_blocked, id=3396, stack(0x00000000134d0000,0x00000000135d0000)]
  0x0000000002702000 JavaThread "Reference Handler" daemon [_thread_blocked, id=6008, stack(0x00000000133d0000,0x00000000134d0000)]
  0x0000000002614000 JavaThread "main" [_thread_in_native, id=17296, stack(0x00000000024c0000,0x00000000025c0000)]

Other Threads:
  0x00000000026fd800 VMThread [stack: 0x00000000132d0000,0x00000000133d0000] [id=16860]
  0x00000000128ee000 WatcherThread [stack: 0x0000000013bc0000,0x0000000013cc0000] [id=17456]

VM state:not at safepoint (normal execution)

VM Mutex/Monitor currently owned by a thread: None

Heap:
 PSYoungGen      total 18944K, used 18912K [0x00000000feb00000, 0x0000000100000000, 0x0000000100000000)
  eden space 16384K, 100% used [0x00000000feb00000,0x00000000ffb00000,0x00000000ffb00000)
  from space 2560K, 98% used [0x00000000ffb00000,0x00000000ffd78030,0x00000000ffd80000)
  to   space 2560K, 0% used [0x00000000ffd80000,0x00000000ffd80000,0x0000000100000000)
 ParOldGen       total 44032K, used 1449K [0x00000000fc000000, 0x00000000feb00000, 0x00000000feb00000)
  object space 44032K, 3% used [0x00000000fc000000,0x00000000fc16a558,0x00000000feb00000)
 Metaspace       used 7322K, capacity 7528K, committed 7680K, reserved 1056768K
  class space    used 849K, capacity 938K, committed 1024K, reserved 1048576K

Card table byte_map: [0x0000000000920000,0x0000000000950000] byte_map_base: 0x0000000000140000

Marking Bits: (ParMarkBitMap*) 0x0000000067a24970
 Begin Bits: [0x0000000011d30000, 0x0000000011e30000)
 End Bits:   [0x0000000011e30000, 0x0000000011f30000)

Polling page: 0x00000000008f0000

CodeCache: size=245760Kb used=3021Kb max_used=3033Kb free=242738Kb
 bounds [0x0000000002770000, 0x0000000002a70000, 0x0000000011770000]
 total_blobs=1164 nmethods=841 adapters=238
 compilation: enabled

Compilation events (10 events):
Event: 14.094 Thread 0x00000000128e8000  830       3       org.objectweb.asm.ClassVisitor::visitEnd (15 bytes)
Event: 14.095 Thread 0x00000000128e8000 nmethod 830 0x0000000002a4e6d0 code [0x0000000002a4e840, 0x0000000002a4eaa8]
Event: 14.101 Thread 0x000000001288c000 nmethod 832 0x0000000002a61c50 code [0x0000000002a61f00, 0x0000000002a628f8]
Event: 14.101 Thread 0x000000001288c000  833       4       org.objectweb.asm.ClassWriter::newUTF8 (70 bytes)
Event: 14.142 Thread 0x000000001288c000 nmethod 833 0x0000000002a62d90 code [0x0000000002a62f60, 0x0000000002a63d28]
Event: 14.199 Thread 0x00000000128e8000  834       3       org.objectweb.asm.ClassWriter::newClass (11 bytes)
Event: 14.200 Thread 0x00000000128e8000 nmethod 834 0x0000000002a4e2d0 code [0x0000000002a4e440, 0x0000000002a4e5e8]
Event: 14.202 Thread 0x00000000128e8000  835       3       java.util.AbstractSet::<init> (5 bytes)
Event: 14.202 Thread 0x00000000128e8000 nmethod 835 0x0000000002a4de90 code [0x0000000002a4e000, 0x0000000002a4e210]
Event: 14.223 Thread 0x00000000128e8000  836       3       org.objectweb.asm.ClassReader::readCode (3575 bytes)

GC Heap History (2 events):
Event: 10.344 GC heap before
{Heap before GC invocations=1 (full 0):
 PSYoungGen      total 18944K, used 16384K [0x00000000feb00000, 0x0000000100000000, 0x0000000100000000)
  eden space 16384K, 100% used [0x00000000feb00000,0x00000000ffb00000,0x00000000ffb00000)
  from space 2560K, 0% used [0x00000000ffd80000,0x00000000ffd80000,0x0000000100000000)
  to   space 2560K, 0% used [0x00000000ffb00000,0x00000000ffb00000,0x00000000ffd80000)
 ParOldGen       total 44032K, used 0K [0x00000000fc000000, 0x00000000feb00000, 0x00000000feb00000)
  object space 44032K, 0% used [0x00000000fc000000,0x00000000fc000000,0x00000000feb00000)
 Metaspace       used 6698K, capacity 6874K, committed 7040K, reserved 1056768K
  class space    used 791K, capacity 871K, committed 896K, reserved 1048576K
Event: 10.363 GC heap after
Heap after GC invocations=1 (full 0):
 PSYoungGen      total 18944K, used 2528K [0x00000000feb00000, 0x0000000100000000, 0x0000000100000000)
  eden space 16384K, 0% used [0x00000000feb00000,0x00000000feb00000,0x00000000ffb00000)
  from space 2560K, 98% used [0x00000000ffb00000,0x00000000ffd78030,0x00000000ffd80000)
  to   space 2560K, 0% used [0x00000000ffd80000,0x00000000ffd80000,0x0000000100000000)
 ParOldGen       total 44032K, used 1449K [0x00000000fc000000, 0x00000000feb00000, 0x00000000feb00000)
  object space 44032K, 3% used [0x00000000fc000000,0x00000000fc16a558,0x00000000feb00000)
 Metaspace       used 6698K, capacity 6874K, committed 7040K, reserved 1056768K
  class space    used 791K, capacity 871K, committed 896K, reserved 1048576K
}

Deoptimization events (9 events):
Event: 3.337 Thread 0x0000000002614000 Uncommon trap: reason=null_check action=make_not_entrant pc=0x00000000029270e0 method=java.lang.String.equals(Ljava/lang/Object;)Z @ 8
Event: 10.176 Thread 0x0000000002614000 Uncommon trap: reason=unstable_if action=reinterpret pc=0x0000000002981578 method=java.lang.String.startsWith(Ljava/lang/String;I)Z @ 25
Event: 10.227 Thread 0x0000000002614000 Uncommon trap: reason=unstable_if action=reinterpret pc=0x00000000029a836c method=java.util.zip.ZipFile$ZipEntryIterator.hasNext()Z @ 25
Event: 10.227 Thread 0x0000000002614000 Uncommon trap: reason=unstable_if action=reinterpret pc=0x00000000029a7a9c method=java.util.zip.ZipCoder.decoder()Ljava/nio/charset/CharsetDecoder; @ 4
Event: 10.227 Thread 0x0000000002614000 Uncommon trap: reason=unstable_if action=reinterpret pc=0x00000000029884d8 method=java.util.zip.ZipEntry.setExtra0([BZ)V @ 1
Event: 10.245 Thread 0x0000000002614000 Uncommon trap: reason=unstable_if action=reinterpret pc=0x00000000029a5708 method=java.util.zip.ZipFile$ZipEntryIterator.hasNext()Z @ 25
Event: 10.248 Thread 0x0000000002614000 Uncommon trap: reason=unstable_if action=reinterpret pc=0x00000000029b0494 method=java.util.zip.ZipCoder.decoder()Ljava/nio/charset/CharsetDecoder; @ 4
Event: 10.659 Thread 0x0000000002614000 Uncommon trap: reason=unstable_if action=reinterpret pc=0x00000000029ac608 method=java.util.zip.ZipFile.getZipEntry(Ljava/lang/String;J)Ljava/util/zip/ZipEntry; @ 19
Event: 11.027 Thread 0x0000000002614000 Uncommon trap: reason=unloaded action=reinterpret pc=0x00000000029b263c method=java.util.zip.ZipEntry.setExtra0([BZ)V @ 37

Classes redefined (0 events):
No events

Internal exceptions (10 events):
Event: 13.869 Thread 0x0000000002614000 Exception <a 'sun/nio/fs/WindowsException'> (0x00000000ff986b50) thrown at [D:\src\AOSP-openjdk-cygwin\jdk8u\hotspot\src\share\vm\prims\jni.cpp, line 709]
Event: 13.909 Thread 0x0000000002614000 Exception <a 'sun/nio/fs/WindowsException'> (0x00000000ff9b43f8) thrown at [D:\src\AOSP-openjdk-cygwin\jdk8u\hotspot\src\share\vm\prims\jni.cpp, line 709]
Event: 13.957 Thread 0x0000000002614000 Exception <a 'sun/nio/fs/WindowsException'> (0x00000000ff9b8440) thrown at [D:\src\AOSP-openjdk-cygwin\jdk8u\hotspot\src\share\vm\prims\jni.cpp, line 709]
Event: 13.976 Thread 0x0000000002614000 Exception <a 'sun/nio/fs/WindowsException'> (0x00000000ff9c8520) thrown at [D:\src\AOSP-openjdk-cygwin\jdk8u\hotspot\src\share\vm\prims\jni.cpp, line 709]
Event: 14.008 Thread 0x0000000002614000 Exception <a 'sun/nio/fs/WindowsException'> (0x00000000ff9e0eb8) thrown at [D:\src\AOSP-openjdk-cygwin\jdk8u\hotspot\src\share\vm\prims\jni.cpp, line 709]
Event: 14.051 Thread 0x0000000002614000 Exception <a 'sun/nio/fs/WindowsException'> (0x00000000ff9f3cd0) thrown at [D:\src\AOSP-openjdk-cygwin\jdk8u\hotspot\src\share\vm\prims\jni.cpp, line 709]
Event: 14.097 Thread 0x0000000002614000 Exception <a 'sun/nio/fs/WindowsException'> (0x00000000ffa06688) thrown at [D:\src\AOSP-openjdk-cygwin\jdk8u\hotspot\src\share\vm\prims\jni.cpp, line 709]
Event: 14.169 Thread 0x0000000002614000 Exception <a 'sun/nio/fs/WindowsException'> (0x00000000ffa0b290) thrown at [D:\src\AOSP-openjdk-cygwin\jdk8u\hotspot\src\share\vm\prims\jni.cpp, line 709]
Event: 14.200 Thread 0x0000000002614000 Exception <a 'sun/nio/fs/WindowsException'> (0x00000000ffa16a90) thrown at [D:\src\AOSP-openjdk-cygwin\jdk8u\hotspot\src\share\vm\prims\jni.cpp, line 709]
Event: 14.224 Thread 0x0000000002614000 Exception <a 'sun/nio/fs/WindowsException'> (0x00000000ffa1f0b0) thrown at [D:\src\AOSP-openjdk-cygwin\jdk8u\hotspot\src\share\vm\prims\jni.cpp, line 709]

Events (10 events):
Event: 12.045 loading class org/objectweb/asm/tree/TypeInsnNode
Event: 12.045 loading class org/objectweb/asm/tree/TypeInsnNode done
Event: 12.046 loading class org/objectweb/asm/tree/VarInsnNode
Event: 12.046 loading class org/objectweb/asm/tree/VarInsnNode done
Event: 12.046 loading class org/objectweb/asm/tree/FieldInsnNode
Event: 12.046 loading class org/objectweb/asm/tree/FieldInsnNode done
Event: 12.047 loading class org/objectweb/asm/tree/InsnList
Event: 12.047 loading class org/objectweb/asm/tree/InsnList done
Event: 12.050 loading class org/objectweb/asm/Edge
Event: 12.050 loading class org/objectweb/asm/Edge done


Dynamic libraries:
0x00007ff72c6c0000 - 0x00007ff72c6f1000 	C:\Program Files\Android\Android Studio\jre\bin\java.exe
0x00007ffa63b40000 - 0x00007ffa63d21000 	C:\WINDOWS\SYSTEM32\ntdll.dll
0x00007ffa638e0000 - 0x00007ffa63992000 	C:\WINDOWS\System32\KERNEL32.DLL
0x00007ffa60260000 - 0x00007ffa604d3000 	C:\WINDOWS\System32\KERNELBASE.dll
0x00007ffa61040000 - 0x00007ffa610e1000 	C:\WINDOWS\System32\ADVAPI32.dll
0x00007ffa639b0000 - 0x00007ffa63a4e000 	C:\WINDOWS\System32\msvcrt.dll
0x00007ffa633c0000 - 0x00007ffa6341b000 	C:\WINDOWS\System32\sechost.dll
0x00007ffa62960000 - 0x00007ffa62a84000 	C:\WINDOWS\System32\RPCRT4.dll
0x00007ffa63750000 - 0x00007ffa638e0000 	C:\WINDOWS\System32\USER32.dll
0x00007ffa60560000 - 0x00007ffa60580000 	C:\WINDOWS\System32\win32u.dll
0x00007ffa62a90000 - 0x00007ffa62ab8000 	C:\WINDOWS\System32\GDI32.dll
0x00007ffa600c0000 - 0x00007ffa60252000 	C:\WINDOWS\System32\gdi32full.dll
0x00007ffa5ff70000 - 0x00007ffa6000f000 	C:\WINDOWS\System32\msvcp_win.dll
0x00007ffa60770000 - 0x00007ffa6086a000 	C:\WINDOWS\System32\ucrtbase.dll
0x00007ffa4a1c0000 - 0x00007ffa4a429000 	C:\WINDOWS\WinSxS\amd64_microsoft.windows.common-controls_6595b64144ccf1df_6.0.17134.228_none_fb4599993062b194\COMCTL32.dll
0x00007ffa63420000 - 0x00007ffa63743000 	C:\WINDOWS\System32\combase.dll
0x00007ffa604e0000 - 0x00007ffa6055a000 	C:\WINDOWS\System32\bcryptPrimitives.dll
0x00007ffa630d0000 - 0x00007ffa630fd000 	C:\WINDOWS\System32\IMM32.DLL
0x0000000067080000 - 0x0000000067152000 	C:\Program Files\Android\Android Studio\jre\jre\bin\msvcr100.dll
0x0000000067260000 - 0x0000000067a9f000 	C:\Program Files\Android\Android Studio\jre\jre\bin\server\jvm.dll
0x00007ffa630c0000 - 0x00007ffa630c8000 	C:\WINDOWS\System32\PSAPI.DLL
0x00007ffa4ab80000 - 0x00007ffa4ab89000 	C:\WINDOWS\SYSTEM32\WSOCK32.dll
0x00007ffa60fd0000 - 0x00007ffa6103c000 	C:\WINDOWS\System32\WS2_32.dll
0x00007ffa5dc80000 - 0x00007ffa5dca3000 	C:\WINDOWS\SYSTEM32\WINMM.dll
0x00007ffa53c70000 - 0x00007ffa53c7a000 	C:\WINDOWS\SYSTEM32\VERSION.dll
0x00007ffa5dc50000 - 0x00007ffa5dc7a000 	C:\WINDOWS\SYSTEM32\WINMMBASE.dll
0x00007ffa60f80000 - 0x00007ffa60fc9000 	C:\WINDOWS\System32\cfgmgr32.dll
0x00007ffa5c230000 - 0x00007ffa5c23f000 	C:\Program Files\Android\Android Studio\jre\jre\bin\verify.dll
0x00007ffa3a1d0000 - 0x00007ffa3a1f9000 	C:\Program Files\Android\Android Studio\jre\jre\bin\java.dll
0x00007ffa5c210000 - 0x00007ffa5c226000 	C:\Program Files\Android\Android Studio\jre\jre\bin\zip.dll
0x00007ffa61520000 - 0x00007ffa62960000 	C:\WINDOWS\System32\SHELL32.dll
0x00007ffa63230000 - 0x00007ffa632d9000 	C:\WINDOWS\System32\shcore.dll
0x00007ffa60870000 - 0x00007ffa60f7d000 	C:\WINDOWS\System32\windows.storage.dll
0x00007ffa614c0000 - 0x00007ffa61511000 	C:\WINDOWS\System32\shlwapi.dll
0x00007ffa5fe90000 - 0x00007ffa5fea1000 	C:\WINDOWS\System32\kernel.appcore.dll
0x00007ffa5fe70000 - 0x00007ffa5fe8f000 	C:\WINDOWS\System32\profapi.dll
0x00007ffa5feb0000 - 0x00007ffa5fefc000 	C:\WINDOWS\System32\powrprof.dll
0x00007ffa5ff00000 - 0x00007ffa5ff0a000 	C:\WINDOWS\System32\FLTLIB.DLL
0x00007ffa5f830000 - 0x00007ffa5f847000 	C:\WINDOWS\SYSTEM32\CRYPTSP.dll
0x00007ffa5f250000 - 0x00007ffa5f283000 	C:\WINDOWS\system32\rsaenh.dll
0x00007ffa5f950000 - 0x00007ffa5f975000 	C:\WINDOWS\SYSTEM32\bcrypt.dll
0x00007ffa5fd80000 - 0x00007ffa5fda8000 	C:\WINDOWS\SYSTEM32\USERENV.dll
0x00007ffa5f820000 - 0x00007ffa5f82b000 	C:\WINDOWS\SYSTEM32\CRYPTBASE.dll
0x00007ffa3d050000 - 0x00007ffa3d06a000 	C:\Program Files\Android\Android Studio\jre\jre\bin\net.dll
0x00007ffa5f670000 - 0x00007ffa5f6d6000 	C:\WINDOWS\system32\mswsock.dll
0x00007ffa5f3f0000 - 0x00007ffa5f428000 	C:\WINDOWS\SYSTEM32\IPHLPAPI.DLL
0x00007ffa630b0000 - 0x00007ffa630b8000 	C:\WINDOWS\System32\NSI.dll
0x00007ffa58370000 - 0x00007ffa58386000 	C:\WINDOWS\SYSTEM32\dhcpcsvc6.DLL
0x00007ffa58350000 - 0x00007ffa5836a000 	C:\WINDOWS\SYSTEM32\dhcpcsvc.DLL
0x00007ffa3a1b0000 - 0x00007ffa3a1c1000 	C:\Program Files\Android\Android Studio\jre\jre\bin\nio.dll

VM Arguments:
jvm_args: -Djava.awt.headless=true -Xmx64M -Dfile.encoding=windows-1252 -Duser.country=US -Duser.language=en -Duser.variant 
java_command: com.google.devtools.build.android.desugar.Desugar --input D:\Android_Utils\Projects\BableSchool\app\build\intermediates\classes\debug --output D:\Android_Utils\Projects\BableSchool\app\build\intermediates\transforms\desugar\debug\0 --classpath_entry D:\Android_Utils\Projects\BableSchool\app\build\intermediates\classes\debug --classpath_entry D:\Android_Utils\Projects\BableSchool\app\build\intermediates\transforms\stackFramesFixer\debug\19.jar --classpath_entry D:\Android_Utils\Projects\BableSchool\app\build\intermediates\transforms\stackFramesFixer\debug\27.jar --classpath_entry D:\Android_Utils\Projects\BableSchool\app\build\intermediates\transforms\stackFramesFixer\debug\14.jar --classpath_entry D:\Android_Utils\Projects\BableSchool\app\build\intermediates\transforms\stackFramesFixer\debug\9.jar --classpath_entry D:\Android_Utils\Projects\BableSchool\app\build\intermediates\transforms\stackFramesFixer\debug\23.jar --classpath_entry D:\Android_Utils\Projects\BableSchool\app\build\intermediates\transforms\stackFramesFixer\debug\30.jar --classpath_entry D:\Android_Utils\Projects\BableSchool\app\build\intermediates\transforms\stackFramesFixer\debug\3.jar --classpath_entry D:\Android_Utils\Projects\BableSchool\app\build\intermediates\transforms\stackFramesFixer\debug\10.jar --classpath_entry D:\Android_Utils\Projects\BableSchool\app\build\intermediates\transforms\stackFramesFixer\debug\32.jar --classpath_entry D:\Android_Utils\Projects\BableSchool\app\build\intermediates\transforms\stackFramesFixer\debug\0.jar --classpath_entry D:\Android_Utils\Projects\BableSchool\app\build\intermediates\transforms\stackFramesFixer\debug\5.jar --classpath_entry D:\Android_Utils\Projects\BableSchool\app\build\intermediates\transforms\stackFramesFixer\debug\15.jar --classpath_entry D:\Android_Utils\Projects\BableSchool\app\build\intermediates\transforms\stackFramesFixer\debug\28.jar --classpath_entry D:\Android_Utils\Projects\BableSchool\app\build\intermediates\transform
java_class_path (initial): C:\Users\Forntoh\AppData\Local\Temp\desugar_deploy.jar189834671122242402
Launcher Type: SUN_STANDARD

Environment Variables:
PATH=C:\Program Files (x86)\Microchip\MPLAB C30\bin;C:\Python36\;C:\Python36\Scripts\;C:\Python27\;C:\Python27\Scripts;C:\ProgramData\Oracle\Java\javapath;C:\WINDOWS\system32;C:\WINDOWS;C:\WINDOWS\System32\Wbem;C:\WINDOWS\System32\WindowsPowerShell\v1.0\;D:\Android_Utils\SDK\platform-tools;D:\AI\OpenCV\opencv\build\x64\vc14\bin;D:\Programs\wamp\bin\php\php7.1.11;C:\composer;C:\Program Files\Git\cmd;C:\Program Files\Git\mingw64\bin;C:\Program Files\Git\usr\bin;C:\Program Files\nodejs\;C:\Users\Forntoh\AppData\Local\Microsoft\WindowsApps;C:\Users\Forntoh\AppData\Roaming\Composer\vendor\bin;C:\Program Files\Microsoft VS Code\bin;C:\Users\Forntoh\AppData\Roaming\npm;C:\Program Files\Heroku\bin;C:\adb;C:\Program Files\Java\jdk1.8.0_131\bin;D:\Programs\wamp\bin\mysql\mysql5.7.9\bin;C:\Program Files (x86)\HI-TECH Software\PICC\LITE\9.60\bin;C:\Program Files (x86)\Windows Kits\10\Windows Performance Toolkit\;C:\WINDOWS\system32;C:\WINDOWS;C:\WINDOWS\System32\Wbem;C:\WINDOWS\System32\WindowsPowerShell\v1.0\;C:\Program Files\PostgreSQL\10\bin;;C:\WINDOWS\System32\OpenSSH\;C:\Ruby24-x64\bin;C:\Users\Forntoh\AppData\Local\Microsoft\WindowsApps;C:\Users\Forntoh\AppData\Roaming\Composer\vendor\bin;C:\Program Files\Microsoft VS Code\bin;C:\Users\Forntoh\AppData\Roaming\npm;C:\Program Files\Heroku\bin;C:\Program Files\Java\jdk1.8.0_131\bin;D:\Programs\wamp\bin\mysql\mysql5.7.9\bin;C:\Program Files\PostgreSQL\10\bin;
USERNAME=Forntoh
OS=Windows_NT
PROCESSOR_IDENTIFIER=Intel64 Family 6 Model 42 Stepping 7, GenuineIntel



---------------  S Y S T E M  ---------------

OS: Windows 10.0 , 64 bit Build 17134 (10.0.17134.1)

CPU:total 2 (initial active 2) (2 cores per cpu, 1 threads per core) family 6 model 42 stepping 7, cmov, cx8, fxsr, mmx, sse, sse2, sse3, ssse3, sse4.1, sse4.2, popcnt, clmul, tsc, tscinvbit

Memory: 4k page, physical 8275764k(1067436k free), swap 12470068k(888k free)

vm_info: OpenJDK 64-Bit Server VM (25.152-b02) for windows-amd64 JRE (1.8.0_152-release-1024-b02), built by "builder" with MS VC++ 10.0 (VS2010)

time: Mon Aug 27 15:58:43 2018
elapsed time: 14 seconds (0d 0h 0m 14s)

