#
# There is insufficient memory for the Java Runtime Environment to continue.
# Native memory allocation (malloc) failed to allocate 32744 bytes for ChunkPool::allocate
# Possible reasons:
#   The system is out of physical RAM or swap space
#   In 32 bit mode, the process size limit was hit
# Possible solutions:
#   Reduce memory load on the system
#   Increase physical memory or swap space
#   Check if swap backing store is full
#   Use 64 bit Java on a 64 bit OS
#   Decrease Java heap size (-Xmx/-Xms)
#   Decrease number of Java threads
#   Decrease Java thread stack sizes (-Xss)
#   Set larger code cache with -XX:ReservedCodeCacheSize=
# This output file may be truncated or incomplete.
#
#  Out of Memory Error (allocation.cpp:273), pid=87440, tid=0x0000000000016268
#
# JRE version: OpenJDK Runtime Environment (8.0_152-b02) (build 1.8.0_152-release-1024-b02)
# Java VM: OpenJDK 64-Bit Server VM (25.152-b02 mixed mode windows-amd64 compressed oops)
# Failed to write core dump. Minidumps are not enabled by default on client versions of Windows
#

---------------  T H R E A D  ---------------

Current thread (0x000000001295d800):  JavaThread "C2 CompilerThread0" daemon [_thread_in_native, id=90728, stack(0x0000000013990000,0x0000000013a90000)]

Stack: [0x0000000013990000,0x0000000013a90000]
[error occurred during error reporting (printing stack bounds), id 0xc0000005]

Native frames: (J=compiled Java code, j=interpreted, Vv=VM code, C=native code)


Current CompileTask:
C2:  13632 1127 %     4       org.objectweb.asm.ClassReader::readCode @ 704 (3575 bytes)


---------------  P R O C E S S  ---------------

Java Threads: ( => current thread )
  0x00000000129cf800 JavaThread "Service Thread" daemon [_thread_blocked, id=89956, stack(0x0000000013b90000,0x0000000013c90000)]
  0x0000000012961000 JavaThread "C1 CompilerThread1" daemon [_thread_blocked, id=89196, stack(0x0000000013a90000,0x0000000013b90000)]
=>0x000000001295d800 JavaThread "C2 CompilerThread0" daemon [_thread_in_native, id=90728, stack(0x0000000013990000,0x0000000013a90000)]
  0x000000001295c000 JavaThread "Attach Listener" daemon [_thread_blocked, id=91028, stack(0x0000000013890000,0x0000000013990000)]
  0x0000000012959000 JavaThread "Signal Dispatcher" daemon [_thread_blocked, id=85988, stack(0x0000000013790000,0x0000000013890000)]
  0x0000000012946800 JavaThread "Finalizer" daemon [_thread_blocked, id=87676, stack(0x00000000135a0000,0x00000000136a0000)]
  0x0000000002833000 JavaThread "Reference Handler" daemon [_thread_blocked, id=90464, stack(0x00000000134a0000,0x00000000135a0000)]
  0x0000000002745000 JavaThread "main" [_thread_in_vm, id=90888, stack(0x0000000002580000,0x0000000002680000)]

Other Threads:
  0x0000000012923800 VMThread [stack: 0x00000000133a0000,0x00000000134a0000] [id=90156]
  0x00000000129da000 WatcherThread [stack: 0x0000000013c90000,0x0000000013d90000] [id=90336]

VM state:not at safepoint (normal execution)

VM Mutex/Monitor currently owned by a thread: None

Heap:
 PSYoungGen      total 18944K, used 4535K [0x00000000feb00000, 0x0000000100000000, 0x0000000100000000)
  eden space 16384K, 12% used [0x00000000feb00000,0x00000000fecf11f8,0x00000000ffb00000)
  from space 2560K, 99% used [0x00000000ffb00000,0x00000000ffd7cdd8,0x00000000ffd80000)
  to   space 2560K, 0% used [0x00000000ffd80000,0x00000000ffd80000,0x0000000100000000)
 ParOldGen       total 44032K, used 5747K [0x00000000fc000000, 0x00000000feb00000, 0x00000000feb00000)
  object space 44032K, 13% used [0x00000000fc000000,0x00000000fc59cf10,0x00000000feb00000)
 Metaspace       used 8306K, capacity 8676K, committed 8832K, reserved 1056768K
  class space    used 956K, capacity 1103K, committed 1152K, reserved 1048576K

Card table byte_map: [0x00000000008c0000,0x00000000008f0000] byte_map_base: 0x00000000000e0000

Marking Bits: (ParMarkBitMap*) 0x000000005c114970
 Begin Bits: [0x0000000011e00000, 0x0000000011f00000)
 End Bits:   [0x0000000011f00000, 0x0000000012000000)

Polling page: 0x0000000000890000

CodeCache: size=245760Kb used=4441Kb max_used=4441Kb free=241318Kb
 bounds [0x0000000002840000, 0x0000000002ca0000, 0x0000000011840000]
 total_blobs=1523 nmethods=1193 adapters=245
 compilation: enabled

Compilation events (10 events):
Event: 13.530 Thread 0x0000000012961000 1192       3       org.objectweb.asm.MethodWriter::visitJumpInsn (494 bytes)
Event: 13.532 Thread 0x0000000012961000 nmethod 1192 0x0000000002c8b290 code [0x0000000002c8b5a0, 0x0000000002c8c788]
Event: 13.547 Thread 0x0000000012961000 1194       3       org.objectweb.asm.AnnotationVisitor::<init> (35 bytes)
Event: 13.547 Thread 0x0000000012961000 nmethod 1194 0x0000000002c8d050 code [0x0000000002c8d1c0, 0x0000000002c8d4c8]
Event: 13.550 Thread 0x0000000012961000 1195   !   3       sun.invoke.util.BytecodeDescriptor::parseSig (141 bytes)
Event: 13.552 Thread 0x0000000012961000 nmethod 1195 0x0000000002c8d5d0 code [0x0000000002c8d800, 0x0000000002c8e408]
Event: 13.561 Thread 0x0000000012961000 1196       3       org.objectweb.asm.ClassReader::readFrame (500 bytes)
Event: 13.563 Thread 0x0000000012961000 nmethod 1196 0x0000000002c8f510 code [0x0000000002c8f760, 0x0000000002c909c8]
Event: 13.564 Thread 0x0000000012961000 1197       3       org.objectweb.asm.MethodWriter::visitFrame (851 bytes)
Event: 13.569 Thread 0x0000000012961000 nmethod 1197 0x0000000002c91590 code [0x0000000002c91ba0, 0x0000000002c954b8]

GC Heap History (6 events):
Event: 4.034 GC heap before
{Heap before GC invocations=1 (full 0):
 PSYoungGen      total 18944K, used 16384K [0x00000000feb00000, 0x0000000100000000, 0x0000000100000000)
  eden space 16384K, 100% used [0x00000000feb00000,0x00000000ffb00000,0x00000000ffb00000)
  from space 2560K, 0% used [0x00000000ffd80000,0x00000000ffd80000,0x0000000100000000)
  to   space 2560K, 0% used [0x00000000ffb00000,0x00000000ffb00000,0x00000000ffd80000)
 ParOldGen       total 44032K, used 0K [0x00000000fc000000, 0x00000000feb00000, 0x00000000feb00000)
  object space 44032K, 0% used [0x00000000fc000000,0x00000000fc000000,0x00000000feb00000)
 Metaspace       used 6687K, capacity 6858K, committed 7040K, reserved 1056768K
  class space    used 791K, capacity 871K, committed 896K, reserved 1048576K
Event: 4.076 GC heap after
Heap after GC invocations=1 (full 0):
 PSYoungGen      total 18944K, used 2544K [0x00000000feb00000, 0x0000000100000000, 0x0000000100000000)
  eden space 16384K, 0% used [0x00000000feb00000,0x00000000feb00000,0x00000000ffb00000)
  from space 2560K, 99% used [0x00000000ffb00000,0x00000000ffd7c020,0x00000000ffd80000)
  to   space 2560K, 0% used [0x00000000ffd80000,0x00000000ffd80000,0x0000000100000000)
 ParOldGen       total 44032K, used 1450K [0x00000000fc000000, 0x00000000feb00000, 0x00000000feb00000)
  object space 44032K, 3% used [0x00000000fc000000,0x00000000fc16a950,0x00000000feb00000)
 Metaspace       used 6687K, capacity 6858K, committed 7040K, reserved 1056768K
  class space    used 791K, capacity 871K, committed 896K, reserved 1048576K
}
Event: 5.370 GC heap before
{Heap before GC invocations=2 (full 0):
 PSYoungGen      total 18944K, used 18928K [0x00000000feb00000, 0x0000000100000000, 0x0000000100000000)
  eden space 16384K, 100% used [0x00000000feb00000,0x00000000ffb00000,0x00000000ffb00000)
  from space 2560K, 99% used [0x00000000ffb00000,0x00000000ffd7c020,0x00000000ffd80000)
  to   space 2560K, 0% used [0x00000000ffd80000,0x00000000ffd80000,0x0000000100000000)
 ParOldGen       total 44032K, used 1450K [0x00000000fc000000, 0x00000000feb00000, 0x00000000feb00000)
  object space 44032K, 3% used [0x00000000fc000000,0x00000000fc16a950,0x00000000feb00000)
 Metaspace       used 7145K, capacity 7352K, committed 7680K, reserved 1056768K
  class space    used 839K, capacity 906K, committed 1024K, reserved 1048576K
Event: 5.385 GC heap after
Heap after GC invocations=2 (full 0):
 PSYoungGen      total 18944K, used 2554K [0x00000000feb00000, 0x0000000100000000, 0x0000000100000000)
  eden space 16384K, 0% used [0x00000000feb00000,0x00000000feb00000,0x00000000ffb00000)
  from space 2560K, 99% used [0x00000000ffd80000,0x00000000ffffe850,0x0000000100000000)
  to   space 2560K, 0% used [0x00000000ffb00000,0x00000000ffb00000,0x00000000ffd80000)
 ParOldGen       total 44032K, used 5120K [0x00000000fc000000, 0x00000000feb00000, 0x00000000feb00000)
  object space 44032K, 11% used [0x00000000fc000000,0x00000000fc500380,0x00000000feb00000)
 Metaspace       used 7145K, capacity 7352K, committed 7680K, reserved 1056768K
  class space    used 839K, capacity 906K, committed 1024K, reserved 1048576K
}
Event: 13.494 GC heap before
{Heap before GC invocations=3 (full 0):
 PSYoungGen      total 18944K, used 18938K [0x00000000feb00000, 0x0000000100000000, 0x0000000100000000)
  eden space 16384K, 100% used [0x00000000feb00000,0x00000000ffb00000,0x00000000ffb00000)
  from space 2560K, 99% used [0x00000000ffd80000,0x00000000ffffe850,0x0000000100000000)
  to   space 2560K, 0% used [0x00000000ffb00000,0x00000000ffb00000,0x00000000ffd80000)
 ParOldGen       total 44032K, used 5120K [0x00000000fc000000, 0x00000000feb00000, 0x00000000feb00000)
  object space 44032K, 11% used [0x00000000fc000000,0x00000000fc500380,0x00000000feb00000)
 Metaspace       used 8061K, capacity 8388K, committed 8576K, reserved 1056768K
  class space    used 915K, capacity 1071K, committed 1152K, reserved 1048576K
Event: 13.513 GC heap after
Heap after GC invocations=3 (full 0):
 PSYoungGen      total 18944K, used 2547K [0x00000000feb00000, 0x0000000100000000, 0x0000000100000000)
  eden space 16384K, 0% used [0x00000000feb00000,0x00000000feb00000,0x00000000ffb00000)
  from space 2560K, 99% used [0x00000000ffb00000,0x00000000ffd7cdd8,0x00000000ffd80000)
  to   space 2560K, 0% used [0x00000000ffd80000,0x00000000ffd80000,0x0000000100000000)
 ParOldGen       total 44032K, used 5747K [0x00000000fc000000, 0x00000000feb00000, 0x00000000feb00000)
  object space 44032K, 13% used [0x00000000fc000000,0x00000000fc59cf10,0x00000000feb00000)
 Metaspace       used 8061K, capacity 8388K, committed 8576K, reserved 1056768K
  class space    used 915K, capacity 1071K, committed 1152K, reserved 1048576K
}

Deoptimization events (10 events):
Event: 11.106 Thread 0x0000000002745000 Uncommon trap: reason=class_check action=maybe_recompile pc=0x0000000002ba50c8 method=org.objectweb.asm.ClassWriter.newConstItem(Ljava/lang/Object;)Lorg/objectweb/asm/Item; @ 1
Event: 11.413 Thread 0x0000000002745000 Uncommon trap: reason=class_check action=maybe_recompile pc=0x0000000002ba50c8 method=org.objectweb.asm.ClassWriter.newConstItem(Ljava/lang/Object;)Lorg/objectweb/asm/Item; @ 1
Event: 11.413 Thread 0x0000000002745000 Uncommon trap: reason=unstable_if action=reinterpret pc=0x0000000002bbf3c4 method=org.objectweb.asm.MethodWriter.visitInsn(I)V @ 99
Event: 11.560 Thread 0x0000000002745000 Uncommon trap: reason=unstable_if action=reinterpret pc=0x0000000002b20208 method=org.objectweb.asm.ClassReader.readUTF8(I[C)Ljava/lang/String; @ 7
Event: 11.603 Thread 0x0000000002745000 Uncommon trap: reason=bimorphic action=maybe_recompile pc=0x0000000002b7c2fc method=org.objectweb.asm.ClassReader.readField(Lorg/objectweb/asm/ClassVisitor;Lorg/objectweb/asm/Context;I)I @ 351
Event: 11.603 Thread 0x0000000002745000 Uncommon trap: reason=bimorphic action=maybe_recompile pc=0x0000000002b7c2fc method=org.objectweb.asm.ClassReader.readField(Lorg/objectweb/asm/ClassVisitor;Lorg/objectweb/asm/Context;I)I @ 351
Event: 11.603 Thread 0x0000000002745000 Uncommon trap: reason=bimorphic action=maybe_recompile pc=0x0000000002b7c2fc method=org.objectweb.asm.ClassReader.readField(Lorg/objectweb/asm/ClassVisitor;Lorg/objectweb/asm/Context;I)I @ 351
Event: 11.603 Thread 0x0000000002745000 Uncommon trap: reason=bimorphic action=maybe_recompile pc=0x0000000002b7c2fc method=org.objectweb.asm.ClassReader.readField(Lorg/objectweb/asm/ClassVisitor;Lorg/objectweb/asm/Context;I)I @ 351
Event: 11.640 Thread 0x0000000002745000 Uncommon trap: reason=unstable_if action=reinterpret pc=0x0000000002bb1220 method=org.objectweb.asm.FieldWriter.<init>(Lorg/objectweb/asm/ClassWriter;ILjava/lang/String;Ljava/lang/String;Ljava/lang/String;Ljava/lang/Object;)V @ 65
Event: 11.652 Thread 0x0000000002745000 Uncommon trap: reason=unstable_if action=reinterpret pc=0x0000000002bb17e4 method=org.objectweb.asm.FieldWriter.<init>(Lorg/objectweb/asm/ClassWriter;ILjava/lang/String;Ljava/lang/String;Ljava/lang/String;Ljava/lang/Object;)V @ 65

Classes redefined (0 events):
No events

Internal exceptions (10 events):
Event: 12.889 Thread 0x0000000002745000 Exception <a 'sun/nio/fs/WindowsException'> (0x00000000ffa7a9f0) thrown at [D:\src\AOSP-openjdk-cygwin\jdk8u\hotspot\src\share\vm\prims\jni.cpp, line 709]
Event: 12.921 Thread 0x0000000002745000 Exception <a 'sun/nio/fs/WindowsException'> (0x00000000ffa7c1c0) thrown at [D:\src\AOSP-openjdk-cygwin\jdk8u\hotspot\src\share\vm\prims\jni.cpp, line 709]
Event: 12.927 Thread 0x0000000002745000 Exception <a 'sun/nio/fs/WindowsException'> (0x00000000ffa86b18) thrown at [D:\src\AOSP-openjdk-cygwin\jdk8u\hotspot\src\share\vm\prims\jni.cpp, line 709]
Event: 12.930 Thread 0x0000000002745000 Exception <a 'sun/nio/fs/WindowsException'> (0x00000000ffa8d340) thrown at [D:\src\AOSP-openjdk-cygwin\jdk8u\hotspot\src\share\vm\prims\jni.cpp, line 709]
Event: 12.945 Thread 0x0000000002745000 Exception <a 'sun/nio/fs/WindowsException'> (0x00000000ffa8eb70) thrown at [D:\src\AOSP-openjdk-cygwin\jdk8u\hotspot\src\share\vm\prims\jni.cpp, line 709]
Event: 12.953 Thread 0x0000000002745000 Exception <a 'sun/nio/fs/WindowsException'> (0x00000000ffa9b5a8) thrown at [D:\src\AOSP-openjdk-cygwin\jdk8u\hotspot\src\share\vm\prims\jni.cpp, line 709]
Event: 12.957 Thread 0x0000000002745000 Exception <a 'sun/nio/fs/WindowsException'> (0x00000000ffaa2108) thrown at [D:\src\AOSP-openjdk-cygwin\jdk8u\hotspot\src\share\vm\prims\jni.cpp, line 709]
Event: 13.092 Thread 0x0000000002745000 Exception <a 'sun/nio/fs/WindowsException'> (0x00000000ffaa3918) thrown at [D:\src\AOSP-openjdk-cygwin\jdk8u\hotspot\src\share\vm\prims\jni.cpp, line 709]
Event: 13.129 Thread 0x0000000002745000 Exception <a 'sun/nio/fs/WindowsException'> (0x00000000ffaabf20) thrown at [D:\src\AOSP-openjdk-cygwin\jdk8u\hotspot\src\share\vm\prims\jni.cpp, line 709]
Event: 13.444 Thread 0x0000000002745000 Exception <a 'sun/nio/fs/WindowsException'> (0x00000000ffaba790) thrown at [D:\src\AOSP-openjdk-cygwin\jdk8u\hotspot\src\share\vm\prims\jni.cpp, line 709]

Events (10 events):
Event: 13.515 Executing VM operation: RevokeBias
Event: 13.515 Executing VM operation: RevokeBias done
Event: 13.515 Executing VM operation: RevokeBias
Event: 13.515 Executing VM operation: RevokeBias done
Event: 13.515 Executing VM operation: RevokeBias
Event: 13.515 Executing VM operation: RevokeBias done
Event: 13.515 Executing VM operation: RevokeBias
Event: 13.515 Executing VM operation: RevokeBias done
Event: 13.515 Executing VM operation: BulkRevokeBias
Event: 13.515 Executing VM operation: BulkRevokeBias done


Dynamic libraries:
0x00007ff6b3810000 - 0x00007ff6b3841000 	C:\Program Files\Android\Android Studio\jre\bin\java.exe
0x00007ffa1aa10000 - 0x00007ffa1abf1000 	C:\WINDOWS\SYSTEM32\ntdll.dll
0x00007ffa1a090000 - 0x00007ffa1a142000 	C:\WINDOWS\System32\KERNEL32.DLL
0x00007ffa17b20000 - 0x00007ffa17d93000 	C:\WINDOWS\System32\KERNELBASE.dll
0x00007ffa19fd0000 - 0x00007ffa1a071000 	C:\WINDOWS\System32\ADVAPI32.dll
0x00007ffa1a6d0000 - 0x00007ffa1a76e000 	C:\WINDOWS\System32\msvcrt.dll
0x00007ffa1a670000 - 0x00007ffa1a6cb000 	C:\WINDOWS\System32\sechost.dll
0x00007ffa19d10000 - 0x00007ffa19e34000 	C:\WINDOWS\System32\RPCRT4.dll
0x00007ffa19e40000 - 0x00007ffa19fd0000 	C:\WINDOWS\System32\USER32.dll
0x00007ffa17730000 - 0x00007ffa17750000 	C:\WINDOWS\System32\win32u.dll
0x00007ffa19b00000 - 0x00007ffa19b28000 	C:\WINDOWS\System32\GDI32.dll
0x00007ffa16de0000 - 0x00007ffa16f72000 	C:\WINDOWS\System32\gdi32full.dll
0x00007ffa16f80000 - 0x00007ffa1701f000 	C:\WINDOWS\System32\msvcp_win.dll
0x00007ffa17da0000 - 0x00007ffa17e9a000 	C:\WINDOWS\System32\ucrtbase.dll
0x00007ffa04db0000 - 0x00007ffa05019000 	C:\WINDOWS\WinSxS\amd64_microsoft.windows.common-controls_6595b64144ccf1df_6.0.17134.285_none_fb4297e330656775\COMCTL32.dll
0x00007ffa197c0000 - 0x00007ffa19ae3000 	C:\WINDOWS\System32\combase.dll
0x00007ffa17800000 - 0x00007ffa1787a000 	C:\WINDOWS\System32\bcryptPrimitives.dll
0x00007ffa18350000 - 0x00007ffa1837d000 	C:\WINDOWS\System32\IMM32.DLL
0x000000005b790000 - 0x000000005b862000 	C:\Program Files\Android\Android Studio\jre\jre\bin\msvcr100.dll
0x000000005b950000 - 0x000000005c18f000 	C:\Program Files\Android\Android Studio\jre\jre\bin\server\jvm.dll
0x00007ffa1a820000 - 0x00007ffa1a828000 	C:\WINDOWS\System32\PSAPI.DLL
0x00007ff9fe790000 - 0x00007ff9fe799000 	C:\WINDOWS\SYSTEM32\WSOCK32.dll
0x00007ffa17ea0000 - 0x00007ffa17f0c000 	C:\WINDOWS\System32\WS2_32.dll
0x00007ffa13f20000 - 0x00007ffa13f43000 	C:\WINDOWS\SYSTEM32\WINMM.dll
0x00007ffa157e0000 - 0x00007ffa157ea000 	C:\WINDOWS\SYSTEM32\VERSION.dll
0x00007ffa13ef0000 - 0x00007ffa13f1a000 	C:\WINDOWS\SYSTEM32\WINMMBASE.dll
0x00007ffa17ad0000 - 0x00007ffa17b19000 	C:\WINDOWS\System32\cfgmgr32.dll
0x00007ffa15890000 - 0x00007ffa1589f000 	C:\Program Files\Android\Android Studio\jre\jre\bin\verify.dll
0x00007ffa12250000 - 0x00007ffa12279000 	C:\Program Files\Android\Android Studio\jre\jre\bin\java.dll
0x00007ffa12520000 - 0x00007ffa12536000 	C:\Program Files\Android\Android Studio\jre\jre\bin\zip.dll
0x00007ffa18380000 - 0x00007ffa197c0000 	C:\WINDOWS\System32\SHELL32.dll
0x00007ffa1a770000 - 0x00007ffa1a819000 	C:\WINDOWS\System32\shcore.dll
0x00007ffa17020000 - 0x00007ffa1772d000 	C:\WINDOWS\System32\windows.storage.dll
0x00007ffa1a920000 - 0x00007ffa1a971000 	C:\WINDOWS\System32\shlwapi.dll
0x00007ffa16d50000 - 0x00007ffa16d61000 	C:\WINDOWS\System32\kernel.appcore.dll
0x00007ffa16d70000 - 0x00007ffa16d8f000 	C:\WINDOWS\System32\profapi.dll
0x00007ffa16d90000 - 0x00007ffa16ddc000 	C:\WINDOWS\System32\powrprof.dll
0x00007ffa16d20000 - 0x00007ffa16d2a000 	C:\WINDOWS\System32\FLTLIB.DLL
0x00007ffa16750000 - 0x00007ffa16767000 	C:\WINDOWS\SYSTEM32\CRYPTSP.dll
0x00007ffa16120000 - 0x00007ffa16153000 	C:\WINDOWS\system32\rsaenh.dll
0x00007ffa16880000 - 0x00007ffa168a5000 	C:\WINDOWS\SYSTEM32\bcrypt.dll
0x00007ffa16c50000 - 0x00007ffa16c78000 	C:\WINDOWS\SYSTEM32\USERENV.dll
0x00007ffa16770000 - 0x00007ffa1677b000 	C:\WINDOWS\SYSTEM32\CRYPTBASE.dll
0x00007ffa12230000 - 0x00007ffa1224a000 	C:\Program Files\Android\Android Studio\jre\jre\bin\net.dll
0x00007ffa165a0000 - 0x00007ffa16606000 	C:\WINDOWS\system32\mswsock.dll
0x00007ffa162c0000 - 0x00007ffa162f8000 	C:\WINDOWS\SYSTEM32\IPHLPAPI.DLL
0x00007ffa19af0000 - 0x00007ffa19af8000 	C:\WINDOWS\System32\NSI.dll
0x00007ffa0ac90000 - 0x00007ffa0aca6000 	C:\WINDOWS\SYSTEM32\dhcpcsvc6.DLL
0x00007ffa0ac70000 - 0x00007ffa0ac8a000 	C:\WINDOWS\SYSTEM32\dhcpcsvc.DLL
0x00007ffa0f950000 - 0x00007ffa0f961000 	C:\Program Files\Android\Android Studio\jre\jre\bin\nio.dll

VM Arguments:
jvm_args: -Djava.awt.headless=true -Xmx64M -Dfile.encoding=windows-1252 -Duser.country=US -Duser.language=en -Duser.variant 
java_command: com.google.devtools.build.android.desugar.Desugar --input D:\Android_Utils\Projects\BableSchool\app\build\intermediates\classes\debug --output D:\Android_Utils\Projects\BableSchool\app\build\intermediates\transforms\desugar\debug\0 --classpath_entry D:\Android_Utils\Projects\BableSchool\app\build\intermediates\classes\debug --classpath_entry D:\Android_Utils\Projects\BableSchool\app\build\intermediates\transforms\stackFramesFixer\debug\19.jar --classpath_entry D:\Android_Utils\Projects\BableSchool\app\build\intermediates\transforms\stackFramesFixer\debug\27.jar --classpath_entry D:\Android_Utils\Projects\BableSchool\app\build\intermediates\transforms\stackFramesFixer\debug\44.jar --classpath_entry D:\Android_Utils\Projects\BableSchool\app\build\intermediates\transforms\stackFramesFixer\debug\52.jar --classpath_entry D:\Android_Utils\Projects\BableSchool\app\build\intermediates\transforms\stackFramesFixer\debug\9.jar --classpath_entry D:\Android_Utils\Projects\BableSchool\app\build\intermediates\transforms\stackFramesFixer\debug\36.jar --classpath_entry D:\Android_Utils\Projects\BableSchool\app\build\intermediates\transforms\stackFramesFixer\debug\10.jar --classpath_entry D:\Android_Utils\Projects\BableSchool\app\build\intermediates\transforms\stackFramesFixer\debug\45.jar --classpath_entry D:\Android_Utils\Projects\BableSchool\app\build\intermediates\transforms\stackFramesFixer\debug\51.jar --classpath_entry D:\Android_Utils\Projects\BableSchool\app\build\intermediates\transforms\stackFramesFixer\debug\0.jar --classpath_entry D:\Android_Utils\Projects\BableSchool\app\build\intermediates\transforms\stackFramesFixer\debug\28.jar --classpath_entry D:\Android_Utils\Projects\BableSchool\app\build\intermediates\transforms\stackFramesFixer\debug\11.jar --classpath_entry D:\Android_Utils\Projects\BableSchool\app\build\intermediates\transforms\stackFramesFixer\debug\8.jar --classpath_entry D:\Android_Utils\Projects\BableSchool\app\build\intermediates\transfor
java_class_path (initial): C:\Users\Forntoh\AppData\Local\Temp\desugar_deploy.jar8539234635450972858
Launcher Type: SUN_STANDARD

Environment Variables:
PATH=C:\Program Files (x86)\Microchip\MPLAB C30\bin;C:\Python36\;C:\Python36\Scripts\;C:\Python27\;C:\Python27\Scripts;C:\ProgramData\Oracle\Java\javapath;C:\WINDOWS\system32;C:\WINDOWS;C:\WINDOWS\System32\Wbem;C:\WINDOWS\System32\WindowsPowerShell\v1.0\;D:\Android_Utils\SDK\platform-tools;D:\AI\OpenCV\opencv\build\x64\vc14\bin;D:\Programs\wamp\bin\php\php7.1.11;C:\composer;C:\Program Files\Git\cmd;C:\Program Files\Git\mingw64\bin;C:\Program Files\Git\usr\bin;C:\Program Files\nodejs\;C:\Users\Forntoh\AppData\Local\Microsoft\WindowsApps;C:\Users\Forntoh\AppData\Roaming\Composer\vendor\bin;C:\Program Files\Microsoft VS Code\bin;C:\Users\Forntoh\AppData\Roaming\npm;C:\Program Files\Heroku\bin;C:\adb;C:\Program Files\Java\jdk1.8.0_131\bin;D:\Programs\wamp\bin\mysql\mysql5.7.9\bin;C:\Program Files (x86)\HI-TECH Software\PICC\LITE\9.60\bin;C:\Program Files (x86)\Windows Kits\10\Windows Performance Toolkit\;C:\WINDOWS\system32;C:\WINDOWS;C:\WINDOWS\System32\Wbem;C:\WINDOWS\System32\WindowsPowerShell\v1.0\;C:\Program Files\PostgreSQL\10\bin;;C:\WINDOWS\System32\OpenSSH\;C:\Ruby24-x64\bin;C:\Users\Forntoh\AppData\Local\Microsoft\WindowsApps;C:\Users\Forntoh\AppData\Roaming\Composer\vendor\bin;C:\Program Files\Microsoft VS Code\bin;C:\Users\Forntoh\AppData\Roaming\npm;C:\Program Files\Heroku\bin;C:\Program Files\Java\jdk1.8.0_131\bin;D:\Programs\wamp\bin\mysql\mysql5.7.9\bin;C:\Program Files\PostgreSQL\10\bin;
USERNAME=Forntoh
OS=Windows_NT
PROCESSOR_IDENTIFIER=Intel64 Family 6 Model 42 Stepping 7, GenuineIntel



---------------  S Y S T E M  ---------------

OS: Windows 10.0 , 64 bit Build 17134 (10.0.17134.1)

CPU:total 2 (initial active 2) (2 cores per cpu, 1 threads per core) family 6 model 42 stepping 7, cmov, cx8, fxsr, mmx, sse, sse2, sse3, ssse3, sse4.1, sse4.2, popcnt, clmul, tsc, tscinvbit

Memory: 4k page, physical 8275764k(588492k free), swap 12470068k(3908k free)

vm_info: OpenJDK 64-Bit Server VM (25.152-b02) for windows-amd64 JRE (1.8.0_152-release-1024-b02), built by "builder" with MS VC++ 10.0 (VS2010)

time: Thu Sep 20 19:06:54 2018
elapsed time: 13 seconds (0d 0h 0m 13s)

